running egg_info
writing ../../build/project_main/project_main.egg-info/PKG-INFO
writing dependency_links to ../../build/project_main/project_main.egg-info/dependency_links.txt
writing entry points to ../../build/project_main/project_main.egg-info/entry_points.txt
writing requirements to ../../build/project_main/project_main.egg-info/requires.txt
writing top-level names to ../../build/project_main/project_main.egg-info/top_level.txt
reading manifest file '../../build/project_main/project_main.egg-info/SOURCES.txt'
writing manifest file '../../build/project_main/project_main.egg-info/SOURCES.txt'
running build
running build_py
copying project_main/balloon_controller.py -> /home/fede3751/Documents/git_repositories/IoT-Project-2024/build/project_main/build/lib/project_main
copying project_main/sensor_controller.py -> /home/fede3751/Documents/git_repositories/IoT-Project-2024/build/project_main/build/lib/project_main
copying project_main/simulation_manager.py -> /home/fede3751/Documents/git_repositories/IoT-Project-2024/build/project_main/build/lib/project_main
running install
running install_lib
copying /home/fede3751/Documents/git_repositories/IoT-Project-2024/build/project_main/build/lib/project_main/balloon_controller.py -> /home/fede3751/Documents/git_repositories/IoT-Project-2024/install/project_main/lib/python3.10/site-packages/project_main
copying /home/fede3751/Documents/git_repositories/IoT-Project-2024/build/project_main/build/lib/project_main/sensor_controller.py -> /home/fede3751/Documents/git_repositories/IoT-Project-2024/install/project_main/lib/python3.10/site-packages/project_main
copying /home/fede3751/Documents/git_repositories/IoT-Project-2024/build/project_main/build/lib/project_main/simulation_manager.py -> /home/fede3751/Documents/git_repositories/IoT-Project-2024/install/project_main/lib/python3.10/site-packages/project_main
byte-compiling /home/fede3751/Documents/git_repositories/IoT-Project-2024/install/project_main/lib/python3.10/site-packages/project_main/balloon_controller.py to balloon_controller.cpython-310.pyc
byte-compiling /home/fede3751/Documents/git_repositories/IoT-Project-2024/install/project_main/lib/python3.10/site-packages/project_main/sensor_controller.py to sensor_controller.cpython-310.pyc
byte-compiling /home/fede3751/Documents/git_repositories/IoT-Project-2024/install/project_main/lib/python3.10/site-packages/project_main/simulation_manager.py to simulation_manager.cpython-310.pyc
running install_data
copying launch/simulation_launch.py -> /home/fede3751/Documents/git_repositories/IoT-Project-2024/install/project_main/share/project_main
running install_egg_info
removing '/home/fede3751/Documents/git_repositories/IoT-Project-2024/install/project_main/lib/python3.10/site-packages/project_main-0.0.0-py3.10.egg-info' (and everything under it)
Copying ../../build/project_main/project_main.egg-info to /home/fede3751/Documents/git_repositories/IoT-Project-2024/install/project_main/lib/python3.10/site-packages/project_main-0.0.0-py3.10.egg-info
running install_scripts
Installing balloon_controller script to /home/fede3751/Documents/git_repositories/IoT-Project-2024/install/project_main/lib/project_main
Installing sensor_controller script to /home/fede3751/Documents/git_repositories/IoT-Project-2024/install/project_main/lib/project_main
Installing simulation_manager script to /home/fede3751/Documents/git_repositories/IoT-Project-2024/install/project_main/lib/project_main
writing list of installed files to '/home/fede3751/Documents/git_repositories/IoT-Project-2024/build/project_main/install.log'
