[1.088s] Invoking command in '/home/fede3751/Documents/git_repositories/IoT-Project-2024/src/project_main': PYTHONPATH=/home/fede3751/Documents/git_repositories/IoT-Project-2024/build/project_main/prefix_override:/home/fede3751/Documents/git_repositories/IoT-Project-2024/install/project_main/lib/python3.10/site-packages:${PYTHONPATH} /usr/bin/python3 setup.py egg_info --egg-base ../../build/project_main build --build-base /home/fede3751/Documents/git_repositories/IoT-Project-2024/build/project_main/build install --record /home/fede3751/Documents/git_repositories/IoT-Project-2024/build/project_main/install.log --single-version-externally-managed
[1.344s] running egg_info
[1.488s] writing ../../build/project_main/project_main.egg-info/PKG-INFO
[1.489s] writing dependency_links to ../../build/project_main/project_main.egg-info/dependency_links.txt
[1.489s] writing requirements to ../../build/project_main/project_main.egg-info/requires.txt
[1.489s] writing top-level names to ../../build/project_main/project_main.egg-info/top_level.txt
[1.542s] reading manifest file '../../build/project_main/project_main.egg-info/SOURCES.txt'
[1.543s] writing manifest file '../../build/project_main/project_main.egg-info/SOURCES.txt'
[1.543s] running build
[1.544s] running build_py
[1.544s] copying project_main/balloon_controller.py -> /home/fede3751/Documents/git_repositories/IoT-Project-2024/build/project_main/build/lib/project_main
[1.545s] running install
[1.545s] /home/fede3751/.local/lib/python3.10/site-packages/setuptools/command/install.py:34: SetuptoolsDeprecationWarning: setup.py install is deprecated. Use build and pip and other standards-based tools.
[1.545s]   warnings.warn(
[1.555s] running install_lib
[1.589s] copying /home/fede3751/Documents/git_repositories/IoT-Project-2024/build/project_main/build/lib/project_main/balloon_controller.py -> /home/fede3751/Documents/git_repositories/IoT-Project-2024/install/project_main/lib/python3.10/site-packages/project_main
[1.589s] byte-compiling /home/fede3751/Documents/git_repositories/IoT-Project-2024/install/project_main/lib/python3.10/site-packages/project_main/balloon_controller.py to balloon_controller.cpython-310.pyc
[1.592s] running install_data
[1.623s] copying launch/simulation_launch.py -> /home/fede3751/Documents/git_repositories/IoT-Project-2024/install/project_main/share/project_main
[1.623s] running install_egg_info
[1.656s] removing '/home/fede3751/Documents/git_repositories/IoT-Project-2024/install/project_main/lib/python3.10/site-packages/project_main-0.0.0-py3.10.egg-info' (and everything under it)
[1.656s] Copying ../../build/project_main/project_main.egg-info to /home/fede3751/Documents/git_repositories/IoT-Project-2024/install/project_main/lib/python3.10/site-packages/project_main-0.0.0-py3.10.egg-info
[1.657s] running install_scripts
[1.780s] writing list of installed files to '/home/fede3751/Documents/git_repositories/IoT-Project-2024/build/project_main/install.log'
[1.822s] Invoked command in '/home/fede3751/Documents/git_repositories/IoT-Project-2024/src/project_main' returned '0': PYTHONPATH=/home/fede3751/Documents/git_repositories/IoT-Project-2024/build/project_main/prefix_override:/home/fede3751/Documents/git_repositories/IoT-Project-2024/install/project_main/lib/python3.10/site-packages:${PYTHONPATH} /usr/bin/python3 setup.py egg_info --egg-base ../../build/project_main build --build-base /home/fede3751/Documents/git_repositories/IoT-Project-2024/build/project_main/build install --record /home/fede3751/Documents/git_repositories/IoT-Project-2024/build/project_main/install.log --single-version-externally-managed
