[0.832s] DEBUG:colcon:Command line arguments: ['/usr/bin/colcon', 'build']
[0.832s] DEBUG:colcon:Parsed command line arguments: Namespace(log_base=None, log_level=None, verb_name='build', build_base='build', install_base='install', merge_install=False, symlink_install=False, test_result_base=None, continue_on_error=False, executor='parallel', parallel_workers=16, event_handlers=None, ignore_user_meta=False, metas=['./colcon.meta'], base_paths=['.'], packages_ignore=None, packages_ignore_regex=None, paths=None, packages_up_to=None, packages_up_to_regex=None, packages_above=None, packages_above_and_dependencies=None, packages_above_depth=None, packages_select_by_dep=None, packages_skip_by_dep=None, packages_skip_up_to=None, packages_select_build_failed=False, packages_skip_build_finished=False, packages_select_test_failures=False, packages_skip_test_passed=False, packages_select=None, packages_skip=None, packages_select_regex=None, packages_skip_regex=None, packages_start=None, packages_end=None, allow_overriding=[], cmake_args=None, cmake_target=None, cmake_target_skip_unavailable=False, cmake_clean_cache=False, cmake_clean_first=False, cmake_force_configure=False, ament_cmake_args=None, catkin_cmake_args=None, catkin_skip_building_tests=False, verb_parser=<colcon_defaults.argument_parser.defaults.DefaultArgumentsDecorator object at 0x7ebcfce69f30>, verb_extension=<colcon_core.verb.build.BuildVerb object at 0x7ebcfd18a290>, main=<bound method BuildVerb.main of <colcon_core.verb.build.BuildVerb object at 0x7ebcfd18a290>>)
[0.874s] Level 1:colcon.colcon_core.package_discovery:discover_packages(colcon_meta) check parameters
[0.875s] Level 1:colcon.colcon_core.package_discovery:discover_packages(recursive) check parameters
[0.875s] Level 1:colcon.colcon_core.package_discovery:discover_packages(ignore) check parameters
[0.875s] Level 1:colcon.colcon_core.package_discovery:discover_packages(path) check parameters
[0.875s] Level 1:colcon.colcon_core.package_discovery:discover_packages(colcon_meta) discover
[0.875s] Level 1:colcon.colcon_core.package_discovery:discover_packages(recursive) discover
[0.875s] INFO:colcon.colcon_core.package_discovery:Crawling recursively for packages in '/home/fede3751/Documents/git_repositories/IoT-Project-2024'
[0.875s] Level 1:colcon.colcon_core.package_identification:_identify(.) by extensions ['ignore', 'ignore_ament_install']
[0.875s] Level 1:colcon.colcon_core.package_identification:_identify(.) by extension 'ignore'
[0.875s] Level 1:colcon.colcon_core.package_identification:_identify(.) by extension 'ignore_ament_install'
[0.875s] Level 1:colcon.colcon_core.package_identification:_identify(.) by extensions ['colcon_pkg']
[0.875s] Level 1:colcon.colcon_core.package_identification:_identify(.) by extension 'colcon_pkg'
[0.875s] Level 1:colcon.colcon_core.package_identification:_identify(.) by extensions ['colcon_meta']
[0.875s] Level 1:colcon.colcon_core.package_identification:_identify(.) by extension 'colcon_meta'
[0.875s] Level 1:colcon.colcon_core.package_identification:_identify(.) by extensions ['ros']
[0.875s] Level 1:colcon.colcon_core.package_identification:_identify(.) by extension 'ros'
[0.890s] Level 1:colcon.colcon_core.package_identification:_identify(.) by extensions ['cmake', 'python']
[0.890s] Level 1:colcon.colcon_core.package_identification:_identify(.) by extension 'cmake'
[0.890s] Level 1:colcon.colcon_core.package_identification:_identify(.) by extension 'python'
[0.890s] Level 1:colcon.colcon_core.package_identification:_identify(.) by extensions ['python_setup_py']
[0.891s] Level 1:colcon.colcon_core.package_identification:_identify(.) by extension 'python_setup_py'
[0.891s] Level 1:colcon.colcon_core.package_identification:_identify(build) by extensions ['ignore', 'ignore_ament_install']
[0.891s] Level 1:colcon.colcon_core.package_identification:_identify(build) by extension 'ignore'
[0.891s] Level 1:colcon.colcon_core.package_identification:_identify(build) ignored
[0.891s] Level 1:colcon.colcon_core.package_identification:_identify(install) by extensions ['ignore', 'ignore_ament_install']
[0.891s] Level 1:colcon.colcon_core.package_identification:_identify(install) by extension 'ignore'
[0.891s] Level 1:colcon.colcon_core.package_identification:_identify(install) ignored
[0.891s] Level 1:colcon.colcon_core.package_identification:_identify(log) by extensions ['ignore', 'ignore_ament_install']
[0.891s] Level 1:colcon.colcon_core.package_identification:_identify(log) by extension 'ignore'
[0.891s] Level 1:colcon.colcon_core.package_identification:_identify(log) ignored
[0.891s] Level 1:colcon.colcon_core.package_identification:_identify(resources) by extensions ['ignore', 'ignore_ament_install']
[0.891s] Level 1:colcon.colcon_core.package_identification:_identify(resources) by extension 'ignore'
[0.891s] Level 1:colcon.colcon_core.package_identification:_identify(resources) by extension 'ignore_ament_install'
[0.891s] Level 1:colcon.colcon_core.package_identification:_identify(resources) by extensions ['colcon_pkg']
[0.891s] Level 1:colcon.colcon_core.package_identification:_identify(resources) by extension 'colcon_pkg'
[0.891s] Level 1:colcon.colcon_core.package_identification:_identify(resources) by extensions ['colcon_meta']
[0.891s] Level 1:colcon.colcon_core.package_identification:_identify(resources) by extension 'colcon_meta'
[0.891s] Level 1:colcon.colcon_core.package_identification:_identify(resources) by extensions ['ros']
[0.891s] Level 1:colcon.colcon_core.package_identification:_identify(resources) by extension 'ros'
[0.891s] Level 1:colcon.colcon_core.package_identification:_identify(resources) by extensions ['cmake', 'python']
[0.891s] Level 1:colcon.colcon_core.package_identification:_identify(resources) by extension 'cmake'
[0.891s] Level 1:colcon.colcon_core.package_identification:_identify(resources) by extension 'python'
[0.891s] Level 1:colcon.colcon_core.package_identification:_identify(resources) by extensions ['python_setup_py']
[0.891s] Level 1:colcon.colcon_core.package_identification:_identify(resources) by extension 'python_setup_py'
[0.891s] Level 1:colcon.colcon_core.package_identification:_identify(resources/balloon) by extensions ['ignore', 'ignore_ament_install']
[0.891s] Level 1:colcon.colcon_core.package_identification:_identify(resources/balloon) by extension 'ignore'
[0.891s] Level 1:colcon.colcon_core.package_identification:_identify(resources/balloon) by extension 'ignore_ament_install'
[0.891s] Level 1:colcon.colcon_core.package_identification:_identify(resources/balloon) by extensions ['colcon_pkg']
[0.892s] Level 1:colcon.colcon_core.package_identification:_identify(resources/balloon) by extension 'colcon_pkg'
[0.892s] Level 1:colcon.colcon_core.package_identification:_identify(resources/balloon) by extensions ['colcon_meta']
[0.892s] Level 1:colcon.colcon_core.package_identification:_identify(resources/balloon) by extension 'colcon_meta'
[0.892s] Level 1:colcon.colcon_core.package_identification:_identify(resources/balloon) by extensions ['ros']
[0.892s] Level 1:colcon.colcon_core.package_identification:_identify(resources/balloon) by extension 'ros'
[0.892s] Level 1:colcon.colcon_core.package_identification:_identify(resources/balloon) by extensions ['cmake', 'python']
[0.892s] Level 1:colcon.colcon_core.package_identification:_identify(resources/balloon) by extension 'cmake'
[0.892s] Level 1:colcon.colcon_core.package_identification:_identify(resources/balloon) by extension 'python'
[0.892s] Level 1:colcon.colcon_core.package_identification:_identify(resources/balloon) by extensions ['python_setup_py']
[0.892s] Level 1:colcon.colcon_core.package_identification:_identify(resources/balloon) by extension 'python_setup_py'
[0.892s] Level 1:colcon.colcon_core.package_identification:_identify(resources/base_station) by extensions ['ignore', 'ignore_ament_install']
[0.892s] Level 1:colcon.colcon_core.package_identification:_identify(resources/base_station) by extension 'ignore'
[0.892s] Level 1:colcon.colcon_core.package_identification:_identify(resources/base_station) by extension 'ignore_ament_install'
[0.892s] Level 1:colcon.colcon_core.package_identification:_identify(resources/base_station) by extensions ['colcon_pkg']
[0.892s] Level 1:colcon.colcon_core.package_identification:_identify(resources/base_station) by extension 'colcon_pkg'
[0.892s] Level 1:colcon.colcon_core.package_identification:_identify(resources/base_station) by extensions ['colcon_meta']
[0.892s] Level 1:colcon.colcon_core.package_identification:_identify(resources/base_station) by extension 'colcon_meta'
[0.892s] Level 1:colcon.colcon_core.package_identification:_identify(resources/base_station) by extensions ['ros']
[0.892s] Level 1:colcon.colcon_core.package_identification:_identify(resources/base_station) by extension 'ros'
[0.892s] Level 1:colcon.colcon_core.package_identification:_identify(resources/base_station) by extensions ['cmake', 'python']
[0.892s] Level 1:colcon.colcon_core.package_identification:_identify(resources/base_station) by extension 'cmake'
[0.892s] Level 1:colcon.colcon_core.package_identification:_identify(resources/base_station) by extension 'python'
[0.892s] Level 1:colcon.colcon_core.package_identification:_identify(resources/base_station) by extensions ['python_setup_py']
[0.892s] Level 1:colcon.colcon_core.package_identification:_identify(resources/base_station) by extension 'python_setup_py'
[0.892s] Level 1:colcon.colcon_core.package_identification:_identify(resources/sensor) by extensions ['ignore', 'ignore_ament_install']
[0.892s] Level 1:colcon.colcon_core.package_identification:_identify(resources/sensor) by extension 'ignore'
[0.892s] Level 1:colcon.colcon_core.package_identification:_identify(resources/sensor) by extension 'ignore_ament_install'
[0.892s] Level 1:colcon.colcon_core.package_identification:_identify(resources/sensor) by extensions ['colcon_pkg']
[0.892s] Level 1:colcon.colcon_core.package_identification:_identify(resources/sensor) by extension 'colcon_pkg'
[0.892s] Level 1:colcon.colcon_core.package_identification:_identify(resources/sensor) by extensions ['colcon_meta']
[0.892s] Level 1:colcon.colcon_core.package_identification:_identify(resources/sensor) by extension 'colcon_meta'
[0.892s] Level 1:colcon.colcon_core.package_identification:_identify(resources/sensor) by extensions ['ros']
[0.892s] Level 1:colcon.colcon_core.package_identification:_identify(resources/sensor) by extension 'ros'
[0.892s] Level 1:colcon.colcon_core.package_identification:_identify(resources/sensor) by extensions ['cmake', 'python']
[0.892s] Level 1:colcon.colcon_core.package_identification:_identify(resources/sensor) by extension 'cmake'
[0.892s] Level 1:colcon.colcon_core.package_identification:_identify(resources/sensor) by extension 'python'
[0.892s] Level 1:colcon.colcon_core.package_identification:_identify(resources/sensor) by extensions ['python_setup_py']
[0.892s] Level 1:colcon.colcon_core.package_identification:_identify(resources/sensor) by extension 'python_setup_py'
[0.893s] Level 1:colcon.colcon_core.package_identification:_identify(resources/sensor/materials) by extensions ['ignore', 'ignore_ament_install']
[0.893s] Level 1:colcon.colcon_core.package_identification:_identify(resources/sensor/materials) by extension 'ignore'
[0.893s] Level 1:colcon.colcon_core.package_identification:_identify(resources/sensor/materials) by extension 'ignore_ament_install'
[0.893s] Level 1:colcon.colcon_core.package_identification:_identify(resources/sensor/materials) by extensions ['colcon_pkg']
[0.893s] Level 1:colcon.colcon_core.package_identification:_identify(resources/sensor/materials) by extension 'colcon_pkg'
[0.893s] Level 1:colcon.colcon_core.package_identification:_identify(resources/sensor/materials) by extensions ['colcon_meta']
[0.893s] Level 1:colcon.colcon_core.package_identification:_identify(resources/sensor/materials) by extension 'colcon_meta'
[0.893s] Level 1:colcon.colcon_core.package_identification:_identify(resources/sensor/materials) by extensions ['ros']
[0.893s] Level 1:colcon.colcon_core.package_identification:_identify(resources/sensor/materials) by extension 'ros'
[0.893s] Level 1:colcon.colcon_core.package_identification:_identify(resources/sensor/materials) by extensions ['cmake', 'python']
[0.893s] Level 1:colcon.colcon_core.package_identification:_identify(resources/sensor/materials) by extension 'cmake'
[0.893s] Level 1:colcon.colcon_core.package_identification:_identify(resources/sensor/materials) by extension 'python'
[0.893s] Level 1:colcon.colcon_core.package_identification:_identify(resources/sensor/materials) by extensions ['python_setup_py']
[0.893s] Level 1:colcon.colcon_core.package_identification:_identify(resources/sensor/materials) by extension 'python_setup_py'
[0.893s] Level 1:colcon.colcon_core.package_identification:_identify(resources/sensor/materials/textures) by extensions ['ignore', 'ignore_ament_install']
[0.893s] Level 1:colcon.colcon_core.package_identification:_identify(resources/sensor/materials/textures) by extension 'ignore'
[0.893s] Level 1:colcon.colcon_core.package_identification:_identify(resources/sensor/materials/textures) by extension 'ignore_ament_install'
[0.893s] Level 1:colcon.colcon_core.package_identification:_identify(resources/sensor/materials/textures) by extensions ['colcon_pkg']
[0.893s] Level 1:colcon.colcon_core.package_identification:_identify(resources/sensor/materials/textures) by extension 'colcon_pkg'
[0.893s] Level 1:colcon.colcon_core.package_identification:_identify(resources/sensor/materials/textures) by extensions ['colcon_meta']
[0.893s] Level 1:colcon.colcon_core.package_identification:_identify(resources/sensor/materials/textures) by extension 'colcon_meta'
[0.893s] Level 1:colcon.colcon_core.package_identification:_identify(resources/sensor/materials/textures) by extensions ['ros']
[0.893s] Level 1:colcon.colcon_core.package_identification:_identify(resources/sensor/materials/textures) by extension 'ros'
[0.893s] Level 1:colcon.colcon_core.package_identification:_identify(resources/sensor/materials/textures) by extensions ['cmake', 'python']
[0.893s] Level 1:colcon.colcon_core.package_identification:_identify(resources/sensor/materials/textures) by extension 'cmake'
[0.893s] Level 1:colcon.colcon_core.package_identification:_identify(resources/sensor/materials/textures) by extension 'python'
[0.893s] Level 1:colcon.colcon_core.package_identification:_identify(resources/sensor/materials/textures) by extensions ['python_setup_py']
[0.893s] Level 1:colcon.colcon_core.package_identification:_identify(resources/sensor/materials/textures) by extension 'python_setup_py'
[0.893s] Level 1:colcon.colcon_core.package_identification:_identify(resources/sensor/meshes) by extensions ['ignore', 'ignore_ament_install']
[0.893s] Level 1:colcon.colcon_core.package_identification:_identify(resources/sensor/meshes) by extension 'ignore'
[0.893s] Level 1:colcon.colcon_core.package_identification:_identify(resources/sensor/meshes) by extension 'ignore_ament_install'
[0.893s] Level 1:colcon.colcon_core.package_identification:_identify(resources/sensor/meshes) by extensions ['colcon_pkg']
[0.893s] Level 1:colcon.colcon_core.package_identification:_identify(resources/sensor/meshes) by extension 'colcon_pkg'
[0.893s] Level 1:colcon.colcon_core.package_identification:_identify(resources/sensor/meshes) by extensions ['colcon_meta']
[0.893s] Level 1:colcon.colcon_core.package_identification:_identify(resources/sensor/meshes) by extension 'colcon_meta'
[0.894s] Level 1:colcon.colcon_core.package_identification:_identify(resources/sensor/meshes) by extensions ['ros']
[0.894s] Level 1:colcon.colcon_core.package_identification:_identify(resources/sensor/meshes) by extension 'ros'
[0.894s] Level 1:colcon.colcon_core.package_identification:_identify(resources/sensor/meshes) by extensions ['cmake', 'python']
[0.894s] Level 1:colcon.colcon_core.package_identification:_identify(resources/sensor/meshes) by extension 'cmake'
[0.894s] Level 1:colcon.colcon_core.package_identification:_identify(resources/sensor/meshes) by extension 'python'
[0.894s] Level 1:colcon.colcon_core.package_identification:_identify(resources/sensor/meshes) by extensions ['python_setup_py']
[0.894s] Level 1:colcon.colcon_core.package_identification:_identify(resources/sensor/meshes) by extension 'python_setup_py'
[0.894s] Level 1:colcon.colcon_core.package_identification:_identify(resources/x3) by extensions ['ignore', 'ignore_ament_install']
[0.894s] Level 1:colcon.colcon_core.package_identification:_identify(resources/x3) by extension 'ignore'
[0.894s] Level 1:colcon.colcon_core.package_identification:_identify(resources/x3) by extension 'ignore_ament_install'
[0.894s] Level 1:colcon.colcon_core.package_identification:_identify(resources/x3) by extensions ['colcon_pkg']
[0.894s] Level 1:colcon.colcon_core.package_identification:_identify(resources/x3) by extension 'colcon_pkg'
[0.894s] Level 1:colcon.colcon_core.package_identification:_identify(resources/x3) by extensions ['colcon_meta']
[0.894s] Level 1:colcon.colcon_core.package_identification:_identify(resources/x3) by extension 'colcon_meta'
[0.894s] Level 1:colcon.colcon_core.package_identification:_identify(resources/x3) by extensions ['ros']
[0.894s] Level 1:colcon.colcon_core.package_identification:_identify(resources/x3) by extension 'ros'
[0.894s] Level 1:colcon.colcon_core.package_identification:_identify(resources/x3) by extensions ['cmake', 'python']
[0.894s] Level 1:colcon.colcon_core.package_identification:_identify(resources/x3) by extension 'cmake'
[0.894s] Level 1:colcon.colcon_core.package_identification:_identify(resources/x3) by extension 'python'
[0.894s] Level 1:colcon.colcon_core.package_identification:_identify(resources/x3) by extensions ['python_setup_py']
[0.894s] Level 1:colcon.colcon_core.package_identification:_identify(resources/x3) by extension 'python_setup_py'
[0.894s] Level 1:colcon.colcon_core.package_identification:_identify(src) by extensions ['ignore', 'ignore_ament_install']
[0.894s] Level 1:colcon.colcon_core.package_identification:_identify(src) by extension 'ignore'
[0.894s] Level 1:colcon.colcon_core.package_identification:_identify(src) by extension 'ignore_ament_install'
[0.894s] Level 1:colcon.colcon_core.package_identification:_identify(src) by extensions ['colcon_pkg']
[0.894s] Level 1:colcon.colcon_core.package_identification:_identify(src) by extension 'colcon_pkg'
[0.894s] Level 1:colcon.colcon_core.package_identification:_identify(src) by extensions ['colcon_meta']
[0.894s] Level 1:colcon.colcon_core.package_identification:_identify(src) by extension 'colcon_meta'
[0.894s] Level 1:colcon.colcon_core.package_identification:_identify(src) by extensions ['ros']
[0.894s] Level 1:colcon.colcon_core.package_identification:_identify(src) by extension 'ros'
[0.894s] Level 1:colcon.colcon_core.package_identification:_identify(src) by extensions ['cmake', 'python']
[0.894s] Level 1:colcon.colcon_core.package_identification:_identify(src) by extension 'cmake'
[0.894s] Level 1:colcon.colcon_core.package_identification:_identify(src) by extension 'python'
[0.894s] Level 1:colcon.colcon_core.package_identification:_identify(src) by extensions ['python_setup_py']
[0.894s] Level 1:colcon.colcon_core.package_identification:_identify(src) by extension 'python_setup_py'
[0.894s] Level 1:colcon.colcon_core.package_identification:_identify(src/project_interfaces) by extensions ['ignore', 'ignore_ament_install']
[0.894s] Level 1:colcon.colcon_core.package_identification:_identify(src/project_interfaces) by extension 'ignore'
[0.894s] Level 1:colcon.colcon_core.package_identification:_identify(src/project_interfaces) by extension 'ignore_ament_install'
[0.895s] Level 1:colcon.colcon_core.package_identification:_identify(src/project_interfaces) by extensions ['colcon_pkg']
[0.895s] Level 1:colcon.colcon_core.package_identification:_identify(src/project_interfaces) by extension 'colcon_pkg'
[0.895s] Level 1:colcon.colcon_core.package_identification:_identify(src/project_interfaces) by extensions ['colcon_meta']
[0.895s] Level 1:colcon.colcon_core.package_identification:_identify(src/project_interfaces) by extension 'colcon_meta'
[0.895s] Level 1:colcon.colcon_core.package_identification:_identify(src/project_interfaces) by extensions ['ros']
[0.895s] Level 1:colcon.colcon_core.package_identification:_identify(src/project_interfaces) by extension 'ros'
[0.896s] DEBUG:colcon.colcon_core.package_identification:Package 'src/project_interfaces' with type 'ros.ament_cmake' and name 'project_interfaces'
[0.896s] Level 1:colcon.colcon_core.package_identification:_identify(src/project_main) by extensions ['ignore', 'ignore_ament_install']
[0.896s] Level 1:colcon.colcon_core.package_identification:_identify(src/project_main) by extension 'ignore'
[0.896s] Level 1:colcon.colcon_core.package_identification:_identify(src/project_main) by extension 'ignore_ament_install'
[0.896s] Level 1:colcon.colcon_core.package_identification:_identify(src/project_main) by extensions ['colcon_pkg']
[0.896s] Level 1:colcon.colcon_core.package_identification:_identify(src/project_main) by extension 'colcon_pkg'
[0.896s] Level 1:colcon.colcon_core.package_identification:_identify(src/project_main) by extensions ['colcon_meta']
[0.896s] Level 1:colcon.colcon_core.package_identification:_identify(src/project_main) by extension 'colcon_meta'
[0.896s] Level 1:colcon.colcon_core.package_identification:_identify(src/project_main) by extensions ['ros']
[0.896s] Level 1:colcon.colcon_core.package_identification:_identify(src/project_main) by extension 'ros'
[0.897s] DEBUG:colcon.colcon_core.package_identification:Package 'src/project_main' with type 'ros.ament_python' and name 'project_main'
[0.897s] Level 1:colcon.colcon_core.package_discovery:discover_packages(recursive) using defaults
[0.897s] Level 1:colcon.colcon_core.package_discovery:discover_packages(ignore) discover
[0.897s] Level 1:colcon.colcon_core.package_discovery:discover_packages(ignore) using defaults
[0.897s] Level 1:colcon.colcon_core.package_discovery:discover_packages(path) discover
[0.897s] Level 1:colcon.colcon_core.package_discovery:discover_packages(path) using defaults
[0.971s] Level 1:colcon.colcon_core.package_discovery:discover_packages(prefix_path) check parameters
[0.972s] Level 1:colcon.colcon_core.package_discovery:discover_packages(prefix_path) discover
[0.996s] DEBUG:colcon.colcon_installed_package_information.package_discovery:Found 2 installed packages in /home/fede3751/Documents/git_repositories/IoT-Project-2024/install
[1.009s] DEBUG:colcon.colcon_installed_package_information.package_discovery:Found 298 installed packages in /opt/ros/humble
[1.010s] Level 1:colcon.colcon_core.package_discovery:discover_packages(prefix_path) using defaults
[1.074s] Level 5:colcon.colcon_core.verb:set package 'project_interfaces' build argument 'cmake_args' from command line to 'None'
[1.075s] Level 5:colcon.colcon_core.verb:set package 'project_interfaces' build argument 'cmake_target' from command line to 'None'
[1.075s] Level 5:colcon.colcon_core.verb:set package 'project_interfaces' build argument 'cmake_target_skip_unavailable' from command line to 'False'
[1.075s] Level 5:colcon.colcon_core.verb:set package 'project_interfaces' build argument 'cmake_clean_cache' from command line to 'False'
[1.075s] Level 5:colcon.colcon_core.verb:set package 'project_interfaces' build argument 'cmake_clean_first' from command line to 'False'
[1.075s] Level 5:colcon.colcon_core.verb:set package 'project_interfaces' build argument 'cmake_force_configure' from command line to 'False'
[1.075s] Level 5:colcon.colcon_core.verb:set package 'project_interfaces' build argument 'ament_cmake_args' from command line to 'None'
[1.075s] Level 5:colcon.colcon_core.verb:set package 'project_interfaces' build argument 'catkin_cmake_args' from command line to 'None'
[1.075s] Level 5:colcon.colcon_core.verb:set package 'project_interfaces' build argument 'catkin_skip_building_tests' from command line to 'False'
[1.075s] DEBUG:colcon.colcon_core.verb:Building package 'project_interfaces' with the following arguments: {'ament_cmake_args': None, 'build_base': '/home/fede3751/Documents/git_repositories/IoT-Project-2024/build/project_interfaces', 'catkin_cmake_args': None, 'catkin_skip_building_tests': False, 'cmake_args': None, 'cmake_clean_cache': False, 'cmake_clean_first': False, 'cmake_force_configure': False, 'cmake_target': None, 'cmake_target_skip_unavailable': False, 'install_base': '/home/fede3751/Documents/git_repositories/IoT-Project-2024/install/project_interfaces', 'merge_install': False, 'path': '/home/fede3751/Documents/git_repositories/IoT-Project-2024/src/project_interfaces', 'symlink_install': False, 'test_result_base': None}
[1.087s] Level 5:colcon.colcon_core.verb:set package 'project_main' build argument 'cmake_args' from command line to 'None'
[1.087s] Level 5:colcon.colcon_core.verb:set package 'project_main' build argument 'cmake_target' from command line to 'None'
[1.087s] Level 5:colcon.colcon_core.verb:set package 'project_main' build argument 'cmake_target_skip_unavailable' from command line to 'False'
[1.087s] Level 5:colcon.colcon_core.verb:set package 'project_main' build argument 'cmake_clean_cache' from command line to 'False'
[1.087s] Level 5:colcon.colcon_core.verb:set package 'project_main' build argument 'cmake_clean_first' from command line to 'False'
[1.087s] Level 5:colcon.colcon_core.verb:set package 'project_main' build argument 'cmake_force_configure' from command line to 'False'
[1.087s] Level 5:colcon.colcon_core.verb:set package 'project_main' build argument 'ament_cmake_args' from command line to 'None'
[1.087s] Level 5:colcon.colcon_core.verb:set package 'project_main' build argument 'catkin_cmake_args' from command line to 'None'
[1.087s] Level 5:colcon.colcon_core.verb:set package 'project_main' build argument 'catkin_skip_building_tests' from command line to 'False'
[1.088s] DEBUG:colcon.colcon_core.verb:Building package 'project_main' with the following arguments: {'ament_cmake_args': None, 'build_base': '/home/fede3751/Documents/git_repositories/IoT-Project-2024/build/project_main', 'catkin_cmake_args': None, 'catkin_skip_building_tests': False, 'cmake_args': None, 'cmake_clean_cache': False, 'cmake_clean_first': False, 'cmake_force_configure': False, 'cmake_target': None, 'cmake_target_skip_unavailable': False, 'install_base': '/home/fede3751/Documents/git_repositories/IoT-Project-2024/install/project_main', 'merge_install': False, 'path': '/home/fede3751/Documents/git_repositories/IoT-Project-2024/src/project_main', 'symlink_install': False, 'test_result_base': None}
[1.100s] INFO:colcon.colcon_core.executor:Executing jobs using 'parallel' executor
[1.112s] DEBUG:colcon.colcon_parallel_executor.executor.parallel:run_until_complete
[1.112s] INFO:colcon.colcon_ros.task.ament_cmake.build:Building ROS package in '/home/fede3751/Documents/git_repositories/IoT-Project-2024/src/project_interfaces' with build type 'ament_cmake'
[1.113s] INFO:colcon.colcon_cmake.task.cmake.build:Building CMake package in '/home/fede3751/Documents/git_repositories/IoT-Project-2024/src/project_interfaces'
[1.126s] INFO:colcon.colcon_core.plugin_system:Skipping extension 'colcon_core.shell.bat': Not used on non-Windows systems
[1.126s] INFO:colcon.colcon_core.shell:Skip shell extension 'powershell' for command environment: Not usable outside of PowerShell
[1.126s] DEBUG:colcon.colcon_core.shell:Skip shell extension 'dsv' for command environment
[1.165s] INFO:colcon.colcon_ros.task.ament_python.build:Building ROS package in '/home/fede3751/Documents/git_repositories/IoT-Project-2024/src/project_main' with build type 'ament_python'
[1.165s] Level 1:colcon.colcon_core.shell:create_environment_hook('project_main', 'ament_prefix_path')
[1.178s] INFO:colcon.colcon_core.shell:Creating environment hook '/home/fede3751/Documents/git_repositories/IoT-Project-2024/install/project_main/share/project_main/hook/ament_prefix_path.ps1'
[1.179s] INFO:colcon.colcon_core.shell:Creating environment descriptor '/home/fede3751/Documents/git_repositories/IoT-Project-2024/install/project_main/share/project_main/hook/ament_prefix_path.dsv'
[1.179s] INFO:colcon.colcon_core.shell:Creating environment hook '/home/fede3751/Documents/git_repositories/IoT-Project-2024/install/project_main/share/project_main/hook/ament_prefix_path.sh'
[1.192s] INFO:colcon.colcon_core.shell:Skip shell extension 'powershell' for command environment: Not usable outside of PowerShell
[1.192s] DEBUG:colcon.colcon_core.shell:Skip shell extension 'dsv' for command environment
[1.235s] DEBUG:colcon.colcon_core.event_handler.log_command:Invoking command in '/home/fede3751/Documents/git_repositories/IoT-Project-2024/build/project_interfaces': CMAKE_PREFIX_PATH=${CMAKE_PREFIX_PATH}:/home/fede3751/Documents/git_repositories/IoT-Project-2024/install/project_main:/opt/ros/humble /home/fede3751/.local/bin/cmake --build /home/fede3751/Documents/git_repositories/IoT-Project-2024/build/project_interfaces -- -j16 -l16
[1.390s] INFO:colcon.colcon_core.task.python.build:Building Python package in '/home/fede3751/Documents/git_repositories/IoT-Project-2024/src/project_main'
[1.405s] INFO:colcon.colcon_core.shell:Skip shell extension 'powershell' for command environment: Not usable outside of PowerShell
[1.405s] DEBUG:colcon.colcon_core.shell:Skip shell extension 'dsv' for command environment
[1.609s] DEBUG:colcon.colcon_core.event_handler.log_command:Invoked command in '/home/fede3751/Documents/git_repositories/IoT-Project-2024/build/project_interfaces' returned '0': CMAKE_PREFIX_PATH=${CMAKE_PREFIX_PATH}:/home/fede3751/Documents/git_repositories/IoT-Project-2024/install/project_main:/opt/ros/humble /home/fede3751/.local/bin/cmake --build /home/fede3751/Documents/git_repositories/IoT-Project-2024/build/project_interfaces -- -j16 -l16
[1.691s] DEBUG:colcon.colcon_core.event_handler.log_command:Invoking command in '/home/fede3751/Documents/git_repositories/IoT-Project-2024/build/project_interfaces': CMAKE_PREFIX_PATH=${CMAKE_PREFIX_PATH}:/home/fede3751/Documents/git_repositories/IoT-Project-2024/install/project_main:/opt/ros/humble /home/fede3751/.local/bin/cmake --install /home/fede3751/Documents/git_repositories/IoT-Project-2024/build/project_interfaces
[1.748s] Level 1:colcon.colcon_core.environment:create_environment_scripts_only(project_interfaces)
[1.748s] DEBUG:colcon.colcon_core.event_handler.log_command:Invoked command in '/home/fede3751/Documents/git_repositories/IoT-Project-2024/build/project_interfaces' returned '0': CMAKE_PREFIX_PATH=${CMAKE_PREFIX_PATH}:/home/fede3751/Documents/git_repositories/IoT-Project-2024/install/project_main:/opt/ros/humble /home/fede3751/.local/bin/cmake --install /home/fede3751/Documents/git_repositories/IoT-Project-2024/build/project_interfaces
[1.765s] Level 1:colcon.colcon_core.environment:checking '/home/fede3751/Documents/git_repositories/IoT-Project-2024/install/project_interfaces' for CMake module files
[1.765s] Level 1:colcon.colcon_core.environment:checking '/home/fede3751/Documents/git_repositories/IoT-Project-2024/install/project_interfaces' for CMake config files
[1.765s] Level 1:colcon.colcon_core.shell:create_environment_hook('project_interfaces', 'cmake_prefix_path')
[1.780s] INFO:colcon.colcon_core.shell:Creating environment hook '/home/fede3751/Documents/git_repositories/IoT-Project-2024/install/project_interfaces/share/project_interfaces/hook/cmake_prefix_path.ps1'
[1.781s] INFO:colcon.colcon_core.shell:Creating environment descriptor '/home/fede3751/Documents/git_repositories/IoT-Project-2024/install/project_interfaces/share/project_interfaces/hook/cmake_prefix_path.dsv'
[1.781s] INFO:colcon.colcon_core.shell:Creating environment hook '/home/fede3751/Documents/git_repositories/IoT-Project-2024/install/project_interfaces/share/project_interfaces/hook/cmake_prefix_path.sh'
[1.781s] Level 1:colcon.colcon_core.environment:checking '/home/fede3751/Documents/git_repositories/IoT-Project-2024/install/project_interfaces/lib'
[1.782s] Level 1:colcon.colcon_core.shell:create_environment_hook('project_interfaces', 'ld_library_path_lib')
[1.796s] INFO:colcon.colcon_core.shell:Creating environment hook '/home/fede3751/Documents/git_repositories/IoT-Project-2024/install/project_interfaces/share/project_interfaces/hook/ld_library_path_lib.ps1'
[1.796s] INFO:colcon.colcon_core.shell:Creating environment descriptor '/home/fede3751/Documents/git_repositories/IoT-Project-2024/install/project_interfaces/share/project_interfaces/hook/ld_library_path_lib.dsv'
[1.797s] INFO:colcon.colcon_core.shell:Creating environment hook '/home/fede3751/Documents/git_repositories/IoT-Project-2024/install/project_interfaces/share/project_interfaces/hook/ld_library_path_lib.sh'
[1.797s] Level 1:colcon.colcon_core.environment:checking '/home/fede3751/Documents/git_repositories/IoT-Project-2024/install/project_interfaces/bin'
[1.797s] Level 1:colcon.colcon_core.environment:checking '/home/fede3751/Documents/git_repositories/IoT-Project-2024/install/project_interfaces/lib/pkgconfig/project_interfaces.pc'
[1.797s] Level 1:colcon.colcon_core.environment:checking '/home/fede3751/Documents/git_repositories/IoT-Project-2024/install/project_interfaces/lib/python3.10/site-packages'
[1.798s] Level 1:colcon.colcon_core.environment:checking '/home/fede3751/Documents/git_repositories/IoT-Project-2024/install/project_interfaces/bin'
[1.812s] INFO:colcon.colcon_core.shell:Creating package script '/home/fede3751/Documents/git_repositories/IoT-Project-2024/install/project_interfaces/share/project_interfaces/package.ps1'
[1.813s] INFO:colcon.colcon_core.shell:Creating package descriptor '/home/fede3751/Documents/git_repositories/IoT-Project-2024/install/project_interfaces/share/project_interfaces/package.dsv'
[1.814s] INFO:colcon.colcon_core.shell:Creating package script '/home/fede3751/Documents/git_repositories/IoT-Project-2024/install/project_interfaces/share/project_interfaces/package.sh'
[1.814s] INFO:colcon.colcon_core.shell:Creating package script '/home/fede3751/Documents/git_repositories/IoT-Project-2024/install/project_interfaces/share/project_interfaces/package.bash'
[1.815s] INFO:colcon.colcon_core.shell:Creating package script '/home/fede3751/Documents/git_repositories/IoT-Project-2024/install/project_interfaces/share/project_interfaces/package.zsh'
[1.815s] Level 1:colcon.colcon_core.environment:create_file_with_runtime_dependencies(/home/fede3751/Documents/git_repositories/IoT-Project-2024/install/project_interfaces/share/colcon-core/packages/project_interfaces)
[1.893s] Level 1:colcon.colcon_core.environment:create_environment_scripts_only(project_interfaces)
[1.909s] Level 1:colcon.colcon_core.environment:checking '/home/fede3751/Documents/git_repositories/IoT-Project-2024/install/project_interfaces' for CMake module files
[1.909s] Level 1:colcon.colcon_core.environment:checking '/home/fede3751/Documents/git_repositories/IoT-Project-2024/install/project_interfaces' for CMake config files
[1.910s] Level 1:colcon.colcon_core.shell:create_environment_hook('project_interfaces', 'cmake_prefix_path')
[1.927s] INFO:colcon.colcon_core.shell:Creating environment hook '/home/fede3751/Documents/git_repositories/IoT-Project-2024/install/project_interfaces/share/project_interfaces/hook/cmake_prefix_path.ps1'
[1.928s] INFO:colcon.colcon_core.shell:Creating environment descriptor '/home/fede3751/Documents/git_repositories/IoT-Project-2024/install/project_interfaces/share/project_interfaces/hook/cmake_prefix_path.dsv'
[1.928s] INFO:colcon.colcon_core.shell:Creating environment hook '/home/fede3751/Documents/git_repositories/IoT-Project-2024/install/project_interfaces/share/project_interfaces/hook/cmake_prefix_path.sh'
[1.928s] Level 1:colcon.colcon_core.environment:checking '/home/fede3751/Documents/git_repositories/IoT-Project-2024/install/project_interfaces/lib'
[1.928s] Level 1:colcon.colcon_core.shell:create_environment_hook('project_interfaces', 'ld_library_path_lib')
[1.945s] INFO:colcon.colcon_core.shell:Creating environment hook '/home/fede3751/Documents/git_repositories/IoT-Project-2024/install/project_interfaces/share/project_interfaces/hook/ld_library_path_lib.ps1'
[1.946s] INFO:colcon.colcon_core.shell:Creating environment descriptor '/home/fede3751/Documents/git_repositories/IoT-Project-2024/install/project_interfaces/share/project_interfaces/hook/ld_library_path_lib.dsv'
[1.946s] INFO:colcon.colcon_core.shell:Creating environment hook '/home/fede3751/Documents/git_repositories/IoT-Project-2024/install/project_interfaces/share/project_interfaces/hook/ld_library_path_lib.sh'
[1.946s] Level 1:colcon.colcon_core.environment:checking '/home/fede3751/Documents/git_repositories/IoT-Project-2024/install/project_interfaces/bin'
[1.946s] Level 1:colcon.colcon_core.environment:checking '/home/fede3751/Documents/git_repositories/IoT-Project-2024/install/project_interfaces/lib/pkgconfig/project_interfaces.pc'
[1.946s] Level 1:colcon.colcon_core.environment:checking '/home/fede3751/Documents/git_repositories/IoT-Project-2024/install/project_interfaces/lib/python3.10/site-packages'
[1.946s] Level 1:colcon.colcon_core.environment:checking '/home/fede3751/Documents/git_repositories/IoT-Project-2024/install/project_interfaces/bin'
[1.962s] INFO:colcon.colcon_core.shell:Creating package script '/home/fede3751/Documents/git_repositories/IoT-Project-2024/install/project_interfaces/share/project_interfaces/package.ps1'
[1.963s] INFO:colcon.colcon_core.shell:Creating package descriptor '/home/fede3751/Documents/git_repositories/IoT-Project-2024/install/project_interfaces/share/project_interfaces/package.dsv'
[1.963s] INFO:colcon.colcon_core.shell:Creating package script '/home/fede3751/Documents/git_repositories/IoT-Project-2024/install/project_interfaces/share/project_interfaces/package.sh'
[1.963s] INFO:colcon.colcon_core.shell:Creating package script '/home/fede3751/Documents/git_repositories/IoT-Project-2024/install/project_interfaces/share/project_interfaces/package.bash'
[1.963s] INFO:colcon.colcon_core.shell:Creating package script '/home/fede3751/Documents/git_repositories/IoT-Project-2024/install/project_interfaces/share/project_interfaces/package.zsh'
[1.964s] Level 1:colcon.colcon_core.environment:create_file_with_runtime_dependencies(/home/fede3751/Documents/git_repositories/IoT-Project-2024/install/project_interfaces/share/colcon-core/packages/project_interfaces)
[1.966s] DEBUG:colcon.colcon_core.event_handler.log_command:Invoking command in '/home/fede3751/Documents/git_repositories/IoT-Project-2024/src/project_main': PYTHONPATH=/home/fede3751/Documents/git_repositories/IoT-Project-2024/build/project_main/prefix_override:/home/fede3751/Documents/git_repositories/IoT-Project-2024/install/project_main/lib/python3.10/site-packages:${PYTHONPATH} /usr/bin/python3 setup.py egg_info --egg-base ../../build/project_main build --build-base /home/fede3751/Documents/git_repositories/IoT-Project-2024/build/project_main/build install --record /home/fede3751/Documents/git_repositories/IoT-Project-2024/build/project_main/install.log --single-version-externally-managed
[2.415s] DEBUG:colcon.colcon_core.event_handler.log_command:Invoked command in '/home/fede3751/Documents/git_repositories/IoT-Project-2024/src/project_main' returned '0': PYTHONPATH=/home/fede3751/Documents/git_repositories/IoT-Project-2024/build/project_main/prefix_override:/home/fede3751/Documents/git_repositories/IoT-Project-2024/install/project_main/lib/python3.10/site-packages:${PYTHONPATH} /usr/bin/python3 setup.py egg_info --egg-base ../../build/project_main build --build-base /home/fede3751/Documents/git_repositories/IoT-Project-2024/build/project_main/build install --record /home/fede3751/Documents/git_repositories/IoT-Project-2024/build/project_main/install.log --single-version-externally-managed
[2.428s] Level 1:colcon.colcon_core.environment:checking '/home/fede3751/Documents/git_repositories/IoT-Project-2024/install/project_main' for CMake module files
[2.429s] Level 1:colcon.colcon_core.environment:checking '/home/fede3751/Documents/git_repositories/IoT-Project-2024/install/project_main' for CMake config files
[2.429s] Level 1:colcon.colcon_core.environment:checking '/home/fede3751/Documents/git_repositories/IoT-Project-2024/install/project_main/lib'
[2.429s] Level 1:colcon.colcon_core.environment:checking '/home/fede3751/Documents/git_repositories/IoT-Project-2024/install/project_main/bin'
[2.429s] Level 1:colcon.colcon_core.environment:checking '/home/fede3751/Documents/git_repositories/IoT-Project-2024/install/project_main/lib/pkgconfig/project_main.pc'
[2.429s] Level 1:colcon.colcon_core.environment:checking '/home/fede3751/Documents/git_repositories/IoT-Project-2024/install/project_main/lib/python3.10/site-packages'
[2.429s] Level 1:colcon.colcon_core.shell:create_environment_hook('project_main', 'pythonpath')
[2.442s] INFO:colcon.colcon_core.shell:Creating environment hook '/home/fede3751/Documents/git_repositories/IoT-Project-2024/install/project_main/share/project_main/hook/pythonpath.ps1'
[2.442s] INFO:colcon.colcon_core.shell:Creating environment descriptor '/home/fede3751/Documents/git_repositories/IoT-Project-2024/install/project_main/share/project_main/hook/pythonpath.dsv'
[2.442s] INFO:colcon.colcon_core.shell:Creating environment hook '/home/fede3751/Documents/git_repositories/IoT-Project-2024/install/project_main/share/project_main/hook/pythonpath.sh'
[2.443s] Level 1:colcon.colcon_core.environment:checking '/home/fede3751/Documents/git_repositories/IoT-Project-2024/install/project_main/bin'
[2.443s] Level 1:colcon.colcon_core.environment:create_environment_scripts_only(project_main)
[2.456s] INFO:colcon.colcon_core.shell:Creating package script '/home/fede3751/Documents/git_repositories/IoT-Project-2024/install/project_main/share/project_main/package.ps1'
[2.456s] INFO:colcon.colcon_core.shell:Creating package descriptor '/home/fede3751/Documents/git_repositories/IoT-Project-2024/install/project_main/share/project_main/package.dsv'
[2.456s] INFO:colcon.colcon_core.shell:Creating package script '/home/fede3751/Documents/git_repositories/IoT-Project-2024/install/project_main/share/project_main/package.sh'
[2.456s] INFO:colcon.colcon_core.shell:Creating package script '/home/fede3751/Documents/git_repositories/IoT-Project-2024/install/project_main/share/project_main/package.bash'
[2.456s] INFO:colcon.colcon_core.shell:Creating package script '/home/fede3751/Documents/git_repositories/IoT-Project-2024/install/project_main/share/project_main/package.zsh'
[2.457s] Level 1:colcon.colcon_core.environment:create_file_with_runtime_dependencies(/home/fede3751/Documents/git_repositories/IoT-Project-2024/install/project_main/share/colcon-core/packages/project_main)
[2.457s] DEBUG:colcon.colcon_parallel_executor.executor.parallel:closing loop
[2.457s] DEBUG:colcon.colcon_parallel_executor.executor.parallel:loop closed
[2.457s] DEBUG:colcon.colcon_parallel_executor.executor.parallel:run_until_complete finished with '0'
[2.457s] DEBUG:colcon.colcon_core.event_reactor:joining thread
[2.475s] INFO:colcon.colcon_core.plugin_system:Skipping extension 'colcon_notification.desktop_notification.terminal_notifier': Not used on non-Darwin systems
[2.475s] INFO:colcon.colcon_core.plugin_system:Skipping extension 'colcon_notification.desktop_notification.win32': Not used on non-Windows systems
[2.475s] INFO:colcon.colcon_notification.desktop_notification:Sending desktop notification using 'notify2'
[2.483s] DEBUG:colcon.colcon_core.event_reactor:joined thread
[2.498s] INFO:colcon.colcon_core.shell:Creating prefix script '/home/fede3751/Documents/git_repositories/IoT-Project-2024/install/local_setup.ps1'
[2.498s] INFO:colcon.colcon_core.shell:Creating prefix util module '/home/fede3751/Documents/git_repositories/IoT-Project-2024/install/_local_setup_util_ps1.py'
[2.499s] INFO:colcon.colcon_core.shell:Creating prefix chain script '/home/fede3751/Documents/git_repositories/IoT-Project-2024/install/setup.ps1'
[2.513s] INFO:colcon.colcon_core.shell:Creating prefix script '/home/fede3751/Documents/git_repositories/IoT-Project-2024/install/local_setup.sh'
[2.513s] INFO:colcon.colcon_core.shell:Creating prefix util module '/home/fede3751/Documents/git_repositories/IoT-Project-2024/install/_local_setup_util_sh.py'
[2.513s] INFO:colcon.colcon_core.shell:Creating prefix chain script '/home/fede3751/Documents/git_repositories/IoT-Project-2024/install/setup.sh'
[2.526s] INFO:colcon.colcon_core.shell:Creating prefix script '/home/fede3751/Documents/git_repositories/IoT-Project-2024/install/local_setup.bash'
[2.527s] INFO:colcon.colcon_core.shell:Creating prefix chain script '/home/fede3751/Documents/git_repositories/IoT-Project-2024/install/setup.bash'
[2.540s] INFO:colcon.colcon_core.shell:Creating prefix script '/home/fede3751/Documents/git_repositories/IoT-Project-2024/install/local_setup.zsh'
[2.540s] INFO:colcon.colcon_core.shell:Creating prefix chain script '/home/fede3751/Documents/git_repositories/IoT-Project-2024/install/setup.zsh'
