-- The C compiler identification is GNU 11.4.0
-- The CXX compiler identification is GNU 11.4.0
-- Detecting C compiler ABI info
-- Detecting C compiler ABI info - done
-- Check for working C compiler: /usr/bin/cc - skipped
-- Detecting C compile features
-- Detecting C compile features - done
-- Detecting CXX compiler ABI info
-- Detecting CXX compiler ABI info - done
-- Check for working CXX compiler: /usr/bin/c++ - skipped
-- Detecting CXX compile features
-- Detecting CXX compile features - done
-- Found ament_cmake: 1.3.6 (/opt/ros/humble/share/ament_cmake/cmake)
-- Found Python3: /usr/bin/python3.10 (found version "3.10.12") found components: Interpreter 
-- Found geometry_msgs: 4.2.3 (/opt/ros/humble/share/geometry_msgs/cmake)
-- Found rosidl_generator_c: 3.1.5 (/opt/ros/humble/share/rosidl_generator_c/cmake)
-- Found rosidl_adapter: 3.1.5 (/opt/ros/humble/share/rosidl_adapter/cmake)
-- Found rosidl_generator_cpp: 3.1.5 (/opt/ros/humble/share/rosidl_generator_cpp/cmake)
-- Using all available rosidl_typesupport_c: rosidl_typesupport_fastrtps_c;rosidl_typesupport_introspection_c
-- Using all available rosidl_typesupport_cpp: rosidl_typesupport_fastrtps_cpp;rosidl_typesupport_introspection_cpp
-- Found rosidl_default_generators: 1.2.0 (/opt/ros/humble/share/rosidl_default_generators/cmake)
-- Found ament_lint_auto: 0.12.9 (/opt/ros/humble/share/ament_lint_auto/cmake)
-- Added test 'lint_cmake' to check CMake code style
-- Added test 'xmllint' to check XML markup files
-- Configuring done (1.0s)
-- Generating done (0.0s)
-- Build files have been written to: /home/fede3751/Documents/git_repositories/IoT-Project-2024/build/project_interfaces
-- Install configuration: ""
-- Installing: /home/fede3751/Documents/git_repositories/IoT-Project-2024/install/project_interfaces/share/ament_index/resource_index/package_run_dependencies/project_interfaces
-- Installing: /home/fede3751/Documents/git_repositories/IoT-Project-2024/install/project_interfaces/share/ament_index/resource_index/parent_prefix_path/project_interfaces
-- Installing: /home/fede3751/Documents/git_repositories/IoT-Project-2024/install/project_interfaces/share/project_interfaces/environment/ament_prefix_path.sh
-- Installing: /home/fede3751/Documents/git_repositories/IoT-Project-2024/install/project_interfaces/share/project_interfaces/environment/ament_prefix_path.dsv
-- Installing: /home/fede3751/Documents/git_repositories/IoT-Project-2024/install/project_interfaces/share/project_interfaces/environment/path.sh
-- Installing: /home/fede3751/Documents/git_repositories/IoT-Project-2024/install/project_interfaces/share/project_interfaces/environment/path.dsv
-- Installing: /home/fede3751/Documents/git_repositories/IoT-Project-2024/install/project_interfaces/share/project_interfaces/local_setup.bash
-- Installing: /home/fede3751/Documents/git_repositories/IoT-Project-2024/install/project_interfaces/share/project_interfaces/local_setup.sh
-- Installing: /home/fede3751/Documents/git_repositories/IoT-Project-2024/install/project_interfaces/share/project_interfaces/local_setup.zsh
-- Installing: /home/fede3751/Documents/git_repositories/IoT-Project-2024/install/project_interfaces/share/project_interfaces/local_setup.dsv
-- Installing: /home/fede3751/Documents/git_repositories/IoT-Project-2024/install/project_interfaces/share/project_interfaces/package.dsv
-- Installing: /home/fede3751/Documents/git_repositories/IoT-Project-2024/install/project_interfaces/share/ament_index/resource_index/packages/project_interfaces
-- Installing: /home/fede3751/Documents/git_repositories/IoT-Project-2024/install/project_interfaces/share/project_interfaces/cmake/project_interfacesConfig.cmake
-- Installing: /home/fede3751/Documents/git_repositories/IoT-Project-2024/install/project_interfaces/share/project_interfaces/cmake/project_interfacesConfig-version.cmake
-- Installing: /home/fede3751/Documents/git_repositories/IoT-Project-2024/install/project_interfaces/share/project_interfaces/package.xml
