[0.971s] DEBUG:colcon:Command line arguments: ['/usr/bin/colcon', 'build']
[0.972s] DEBUG:colcon:Parsed command line arguments: Namespace(log_base=None, log_level=None, verb_name='build', build_base='build', install_base='install', merge_install=False, symlink_install=False, test_result_base=None, continue_on_error=False, executor='parallel', parallel_workers=16, event_handlers=None, ignore_user_meta=False, metas=['./colcon.meta'], base_paths=['.'], packages_ignore=None, packages_ignore_regex=None, paths=None, packages_up_to=None, packages_up_to_regex=None, packages_above=None, packages_above_and_dependencies=None, packages_above_depth=None, packages_select_by_dep=None, packages_skip_by_dep=None, packages_skip_up_to=None, packages_select_build_failed=False, packages_skip_build_finished=False, packages_select_test_failures=False, packages_skip_test_passed=False, packages_select=None, packages_skip=None, packages_select_regex=None, packages_skip_regex=None, packages_start=None, packages_end=None, allow_overriding=[], cmake_args=None, cmake_target=None, cmake_target_skip_unavailable=False, cmake_clean_cache=False, cmake_clean_first=False, cmake_force_configure=False, ament_cmake_args=None, catkin_cmake_args=None, catkin_skip_building_tests=False, verb_parser=<colcon_defaults.argument_parser.defaults.DefaultArgumentsDecorator object at 0x745dd886add0>, verb_extension=<colcon_core.verb.build.BuildVerb object at 0x745dd8b77fd0>, main=<bound method BuildVerb.main of <colcon_core.verb.build.BuildVerb object at 0x745dd8b77fd0>>)
[1.023s] Level 1:colcon.colcon_core.package_discovery:discover_packages(colcon_meta) check parameters
[1.023s] Level 1:colcon.colcon_core.package_discovery:discover_packages(recursive) check parameters
[1.024s] Level 1:colcon.colcon_core.package_discovery:discover_packages(ignore) check parameters
[1.024s] Level 1:colcon.colcon_core.package_discovery:discover_packages(path) check parameters
[1.024s] Level 1:colcon.colcon_core.package_discovery:discover_packages(colcon_meta) discover
[1.024s] Level 1:colcon.colcon_core.package_discovery:discover_packages(recursive) discover
[1.024s] INFO:colcon.colcon_core.package_discovery:Crawling recursively for packages in '/home/fede3751/Documents/git_repositories/IoT-Project-2024'
[1.024s] Level 1:colcon.colcon_core.package_identification:_identify(.) by extensions ['ignore', 'ignore_ament_install']
[1.024s] Level 1:colcon.colcon_core.package_identification:_identify(.) by extension 'ignore'
[1.024s] Level 1:colcon.colcon_core.package_identification:_identify(.) by extension 'ignore_ament_install'
[1.024s] Level 1:colcon.colcon_core.package_identification:_identify(.) by extensions ['colcon_pkg']
[1.024s] Level 1:colcon.colcon_core.package_identification:_identify(.) by extension 'colcon_pkg'
[1.024s] Level 1:colcon.colcon_core.package_identification:_identify(.) by extensions ['colcon_meta']
[1.024s] Level 1:colcon.colcon_core.package_identification:_identify(.) by extension 'colcon_meta'
[1.024s] Level 1:colcon.colcon_core.package_identification:_identify(.) by extensions ['ros']
[1.024s] Level 1:colcon.colcon_core.package_identification:_identify(.) by extension 'ros'
[1.042s] Level 1:colcon.colcon_core.package_identification:_identify(.) by extensions ['cmake', 'python']
[1.043s] Level 1:colcon.colcon_core.package_identification:_identify(.) by extension 'cmake'
[1.043s] Level 1:colcon.colcon_core.package_identification:_identify(.) by extension 'python'
[1.043s] Level 1:colcon.colcon_core.package_identification:_identify(.) by extensions ['python_setup_py']
[1.043s] Level 1:colcon.colcon_core.package_identification:_identify(.) by extension 'python_setup_py'
[1.043s] Level 1:colcon.colcon_core.package_identification:_identify(build) by extensions ['ignore', 'ignore_ament_install']
[1.043s] Level 1:colcon.colcon_core.package_identification:_identify(build) by extension 'ignore'
[1.043s] Level 1:colcon.colcon_core.package_identification:_identify(build) ignored
[1.043s] Level 1:colcon.colcon_core.package_identification:_identify(install) by extensions ['ignore', 'ignore_ament_install']
[1.043s] Level 1:colcon.colcon_core.package_identification:_identify(install) by extension 'ignore'
[1.043s] Level 1:colcon.colcon_core.package_identification:_identify(install) ignored
[1.043s] Level 1:colcon.colcon_core.package_identification:_identify(log) by extensions ['ignore', 'ignore_ament_install']
[1.043s] Level 1:colcon.colcon_core.package_identification:_identify(log) by extension 'ignore'
[1.043s] Level 1:colcon.colcon_core.package_identification:_identify(log) ignored
[1.043s] Level 1:colcon.colcon_core.package_identification:_identify(resources) by extensions ['ignore', 'ignore_ament_install']
[1.043s] Level 1:colcon.colcon_core.package_identification:_identify(resources) by extension 'ignore'
[1.043s] Level 1:colcon.colcon_core.package_identification:_identify(resources) by extension 'ignore_ament_install'
[1.043s] Level 1:colcon.colcon_core.package_identification:_identify(resources) by extensions ['colcon_pkg']
[1.043s] Level 1:colcon.colcon_core.package_identification:_identify(resources) by extension 'colcon_pkg'
[1.044s] Level 1:colcon.colcon_core.package_identification:_identify(resources) by extensions ['colcon_meta']
[1.044s] Level 1:colcon.colcon_core.package_identification:_identify(resources) by extension 'colcon_meta'
[1.044s] Level 1:colcon.colcon_core.package_identification:_identify(resources) by extensions ['ros']
[1.044s] Level 1:colcon.colcon_core.package_identification:_identify(resources) by extension 'ros'
[1.044s] Level 1:colcon.colcon_core.package_identification:_identify(resources) by extensions ['cmake', 'python']
[1.044s] Level 1:colcon.colcon_core.package_identification:_identify(resources) by extension 'cmake'
[1.044s] Level 1:colcon.colcon_core.package_identification:_identify(resources) by extension 'python'
[1.044s] Level 1:colcon.colcon_core.package_identification:_identify(resources) by extensions ['python_setup_py']
[1.044s] Level 1:colcon.colcon_core.package_identification:_identify(resources) by extension 'python_setup_py'
[1.044s] Level 1:colcon.colcon_core.package_identification:_identify(resources/balloon) by extensions ['ignore', 'ignore_ament_install']
[1.044s] Level 1:colcon.colcon_core.package_identification:_identify(resources/balloon) by extension 'ignore'
[1.044s] Level 1:colcon.colcon_core.package_identification:_identify(resources/balloon) by extension 'ignore_ament_install'
[1.044s] Level 1:colcon.colcon_core.package_identification:_identify(resources/balloon) by extensions ['colcon_pkg']
[1.044s] Level 1:colcon.colcon_core.package_identification:_identify(resources/balloon) by extension 'colcon_pkg'
[1.044s] Level 1:colcon.colcon_core.package_identification:_identify(resources/balloon) by extensions ['colcon_meta']
[1.044s] Level 1:colcon.colcon_core.package_identification:_identify(resources/balloon) by extension 'colcon_meta'
[1.044s] Level 1:colcon.colcon_core.package_identification:_identify(resources/balloon) by extensions ['ros']
[1.044s] Level 1:colcon.colcon_core.package_identification:_identify(resources/balloon) by extension 'ros'
[1.044s] Level 1:colcon.colcon_core.package_identification:_identify(resources/balloon) by extensions ['cmake', 'python']
[1.044s] Level 1:colcon.colcon_core.package_identification:_identify(resources/balloon) by extension 'cmake'
[1.044s] Level 1:colcon.colcon_core.package_identification:_identify(resources/balloon) by extension 'python'
[1.044s] Level 1:colcon.colcon_core.package_identification:_identify(resources/balloon) by extensions ['python_setup_py']
[1.044s] Level 1:colcon.colcon_core.package_identification:_identify(resources/balloon) by extension 'python_setup_py'
[1.044s] Level 1:colcon.colcon_core.package_identification:_identify(resources/base_station) by extensions ['ignore', 'ignore_ament_install']
[1.044s] Level 1:colcon.colcon_core.package_identification:_identify(resources/base_station) by extension 'ignore'
[1.044s] Level 1:colcon.colcon_core.package_identification:_identify(resources/base_station) by extension 'ignore_ament_install'
[1.044s] Level 1:colcon.colcon_core.package_identification:_identify(resources/base_station) by extensions ['colcon_pkg']
[1.044s] Level 1:colcon.colcon_core.package_identification:_identify(resources/base_station) by extension 'colcon_pkg'
[1.044s] Level 1:colcon.colcon_core.package_identification:_identify(resources/base_station) by extensions ['colcon_meta']
[1.044s] Level 1:colcon.colcon_core.package_identification:_identify(resources/base_station) by extension 'colcon_meta'
[1.044s] Level 1:colcon.colcon_core.package_identification:_identify(resources/base_station) by extensions ['ros']
[1.045s] Level 1:colcon.colcon_core.package_identification:_identify(resources/base_station) by extension 'ros'
[1.045s] Level 1:colcon.colcon_core.package_identification:_identify(resources/base_station) by extensions ['cmake', 'python']
[1.045s] Level 1:colcon.colcon_core.package_identification:_identify(resources/base_station) by extension 'cmake'
[1.045s] Level 1:colcon.colcon_core.package_identification:_identify(resources/base_station) by extension 'python'
[1.045s] Level 1:colcon.colcon_core.package_identification:_identify(resources/base_station) by extensions ['python_setup_py']
[1.045s] Level 1:colcon.colcon_core.package_identification:_identify(resources/base_station) by extension 'python_setup_py'
[1.045s] Level 1:colcon.colcon_core.package_identification:_identify(resources/sensor) by extensions ['ignore', 'ignore_ament_install']
[1.045s] Level 1:colcon.colcon_core.package_identification:_identify(resources/sensor) by extension 'ignore'
[1.045s] Level 1:colcon.colcon_core.package_identification:_identify(resources/sensor) by extension 'ignore_ament_install'
[1.045s] Level 1:colcon.colcon_core.package_identification:_identify(resources/sensor) by extensions ['colcon_pkg']
[1.045s] Level 1:colcon.colcon_core.package_identification:_identify(resources/sensor) by extension 'colcon_pkg'
[1.045s] Level 1:colcon.colcon_core.package_identification:_identify(resources/sensor) by extensions ['colcon_meta']
[1.045s] Level 1:colcon.colcon_core.package_identification:_identify(resources/sensor) by extension 'colcon_meta'
[1.045s] Level 1:colcon.colcon_core.package_identification:_identify(resources/sensor) by extensions ['ros']
[1.045s] Level 1:colcon.colcon_core.package_identification:_identify(resources/sensor) by extension 'ros'
[1.045s] Level 1:colcon.colcon_core.package_identification:_identify(resources/sensor) by extensions ['cmake', 'python']
[1.045s] Level 1:colcon.colcon_core.package_identification:_identify(resources/sensor) by extension 'cmake'
[1.045s] Level 1:colcon.colcon_core.package_identification:_identify(resources/sensor) by extension 'python'
[1.045s] Level 1:colcon.colcon_core.package_identification:_identify(resources/sensor) by extensions ['python_setup_py']
[1.045s] Level 1:colcon.colcon_core.package_identification:_identify(resources/sensor) by extension 'python_setup_py'
[1.045s] Level 1:colcon.colcon_core.package_identification:_identify(resources/sensor/materials) by extensions ['ignore', 'ignore_ament_install']
[1.045s] Level 1:colcon.colcon_core.package_identification:_identify(resources/sensor/materials) by extension 'ignore'
[1.045s] Level 1:colcon.colcon_core.package_identification:_identify(resources/sensor/materials) by extension 'ignore_ament_install'
[1.045s] Level 1:colcon.colcon_core.package_identification:_identify(resources/sensor/materials) by extensions ['colcon_pkg']
[1.045s] Level 1:colcon.colcon_core.package_identification:_identify(resources/sensor/materials) by extension 'colcon_pkg'
[1.045s] Level 1:colcon.colcon_core.package_identification:_identify(resources/sensor/materials) by extensions ['colcon_meta']
[1.045s] Level 1:colcon.colcon_core.package_identification:_identify(resources/sensor/materials) by extension 'colcon_meta'
[1.045s] Level 1:colcon.colcon_core.package_identification:_identify(resources/sensor/materials) by extensions ['ros']
[1.045s] Level 1:colcon.colcon_core.package_identification:_identify(resources/sensor/materials) by extension 'ros'
[1.045s] Level 1:colcon.colcon_core.package_identification:_identify(resources/sensor/materials) by extensions ['cmake', 'python']
[1.045s] Level 1:colcon.colcon_core.package_identification:_identify(resources/sensor/materials) by extension 'cmake'
[1.045s] Level 1:colcon.colcon_core.package_identification:_identify(resources/sensor/materials) by extension 'python'
[1.046s] Level 1:colcon.colcon_core.package_identification:_identify(resources/sensor/materials) by extensions ['python_setup_py']
[1.046s] Level 1:colcon.colcon_core.package_identification:_identify(resources/sensor/materials) by extension 'python_setup_py'
[1.046s] Level 1:colcon.colcon_core.package_identification:_identify(resources/sensor/materials/textures) by extensions ['ignore', 'ignore_ament_install']
[1.046s] Level 1:colcon.colcon_core.package_identification:_identify(resources/sensor/materials/textures) by extension 'ignore'
[1.046s] Level 1:colcon.colcon_core.package_identification:_identify(resources/sensor/materials/textures) by extension 'ignore_ament_install'
[1.046s] Level 1:colcon.colcon_core.package_identification:_identify(resources/sensor/materials/textures) by extensions ['colcon_pkg']
[1.046s] Level 1:colcon.colcon_core.package_identification:_identify(resources/sensor/materials/textures) by extension 'colcon_pkg'
[1.046s] Level 1:colcon.colcon_core.package_identification:_identify(resources/sensor/materials/textures) by extensions ['colcon_meta']
[1.046s] Level 1:colcon.colcon_core.package_identification:_identify(resources/sensor/materials/textures) by extension 'colcon_meta'
[1.046s] Level 1:colcon.colcon_core.package_identification:_identify(resources/sensor/materials/textures) by extensions ['ros']
[1.046s] Level 1:colcon.colcon_core.package_identification:_identify(resources/sensor/materials/textures) by extension 'ros'
[1.046s] Level 1:colcon.colcon_core.package_identification:_identify(resources/sensor/materials/textures) by extensions ['cmake', 'python']
[1.046s] Level 1:colcon.colcon_core.package_identification:_identify(resources/sensor/materials/textures) by extension 'cmake'
[1.046s] Level 1:colcon.colcon_core.package_identification:_identify(resources/sensor/materials/textures) by extension 'python'
[1.046s] Level 1:colcon.colcon_core.package_identification:_identify(resources/sensor/materials/textures) by extensions ['python_setup_py']
[1.046s] Level 1:colcon.colcon_core.package_identification:_identify(resources/sensor/materials/textures) by extension 'python_setup_py'
[1.046s] Level 1:colcon.colcon_core.package_identification:_identify(resources/sensor/meshes) by extensions ['ignore', 'ignore_ament_install']
[1.046s] Level 1:colcon.colcon_core.package_identification:_identify(resources/sensor/meshes) by extension 'ignore'
[1.046s] Level 1:colcon.colcon_core.package_identification:_identify(resources/sensor/meshes) by extension 'ignore_ament_install'
[1.046s] Level 1:colcon.colcon_core.package_identification:_identify(resources/sensor/meshes) by extensions ['colcon_pkg']
[1.046s] Level 1:colcon.colcon_core.package_identification:_identify(resources/sensor/meshes) by extension 'colcon_pkg'
[1.046s] Level 1:colcon.colcon_core.package_identification:_identify(resources/sensor/meshes) by extensions ['colcon_meta']
[1.046s] Level 1:colcon.colcon_core.package_identification:_identify(resources/sensor/meshes) by extension 'colcon_meta'
[1.046s] Level 1:colcon.colcon_core.package_identification:_identify(resources/sensor/meshes) by extensions ['ros']
[1.046s] Level 1:colcon.colcon_core.package_identification:_identify(resources/sensor/meshes) by extension 'ros'
[1.046s] Level 1:colcon.colcon_core.package_identification:_identify(resources/sensor/meshes) by extensions ['cmake', 'python']
[1.046s] Level 1:colcon.colcon_core.package_identification:_identify(resources/sensor/meshes) by extension 'cmake'
[1.046s] Level 1:colcon.colcon_core.package_identification:_identify(resources/sensor/meshes) by extension 'python'
[1.046s] Level 1:colcon.colcon_core.package_identification:_identify(resources/sensor/meshes) by extensions ['python_setup_py']
[1.046s] Level 1:colcon.colcon_core.package_identification:_identify(resources/sensor/meshes) by extension 'python_setup_py'
[1.046s] Level 1:colcon.colcon_core.package_identification:_identify(resources/x3) by extensions ['ignore', 'ignore_ament_install']
[1.047s] Level 1:colcon.colcon_core.package_identification:_identify(resources/x3) by extension 'ignore'
[1.047s] Level 1:colcon.colcon_core.package_identification:_identify(resources/x3) by extension 'ignore_ament_install'
[1.047s] Level 1:colcon.colcon_core.package_identification:_identify(resources/x3) by extensions ['colcon_pkg']
[1.047s] Level 1:colcon.colcon_core.package_identification:_identify(resources/x3) by extension 'colcon_pkg'
[1.047s] Level 1:colcon.colcon_core.package_identification:_identify(resources/x3) by extensions ['colcon_meta']
[1.047s] Level 1:colcon.colcon_core.package_identification:_identify(resources/x3) by extension 'colcon_meta'
[1.047s] Level 1:colcon.colcon_core.package_identification:_identify(resources/x3) by extensions ['ros']
[1.047s] Level 1:colcon.colcon_core.package_identification:_identify(resources/x3) by extension 'ros'
[1.047s] Level 1:colcon.colcon_core.package_identification:_identify(resources/x3) by extensions ['cmake', 'python']
[1.047s] Level 1:colcon.colcon_core.package_identification:_identify(resources/x3) by extension 'cmake'
[1.047s] Level 1:colcon.colcon_core.package_identification:_identify(resources/x3) by extension 'python'
[1.047s] Level 1:colcon.colcon_core.package_identification:_identify(resources/x3) by extensions ['python_setup_py']
[1.047s] Level 1:colcon.colcon_core.package_identification:_identify(resources/x3) by extension 'python_setup_py'
[1.047s] Level 1:colcon.colcon_core.package_identification:_identify(src) by extensions ['ignore', 'ignore_ament_install']
[1.047s] Level 1:colcon.colcon_core.package_identification:_identify(src) by extension 'ignore'
[1.047s] Level 1:colcon.colcon_core.package_identification:_identify(src) by extension 'ignore_ament_install'
[1.047s] Level 1:colcon.colcon_core.package_identification:_identify(src) by extensions ['colcon_pkg']
[1.047s] Level 1:colcon.colcon_core.package_identification:_identify(src) by extension 'colcon_pkg'
[1.047s] Level 1:colcon.colcon_core.package_identification:_identify(src) by extensions ['colcon_meta']
[1.047s] Level 1:colcon.colcon_core.package_identification:_identify(src) by extension 'colcon_meta'
[1.047s] Level 1:colcon.colcon_core.package_identification:_identify(src) by extensions ['ros']
[1.047s] Level 1:colcon.colcon_core.package_identification:_identify(src) by extension 'ros'
[1.047s] Level 1:colcon.colcon_core.package_identification:_identify(src) by extensions ['cmake', 'python']
[1.047s] Level 1:colcon.colcon_core.package_identification:_identify(src) by extension 'cmake'
[1.047s] Level 1:colcon.colcon_core.package_identification:_identify(src) by extension 'python'
[1.047s] Level 1:colcon.colcon_core.package_identification:_identify(src) by extensions ['python_setup_py']
[1.047s] Level 1:colcon.colcon_core.package_identification:_identify(src) by extension 'python_setup_py'
[1.047s] Level 1:colcon.colcon_core.package_identification:_identify(src/project_interfaces) by extensions ['ignore', 'ignore_ament_install']
[1.047s] Level 1:colcon.colcon_core.package_identification:_identify(src/project_interfaces) by extension 'ignore'
[1.047s] Level 1:colcon.colcon_core.package_identification:_identify(src/project_interfaces) by extension 'ignore_ament_install'
[1.047s] Level 1:colcon.colcon_core.package_identification:_identify(src/project_interfaces) by extensions ['colcon_pkg']
[1.047s] Level 1:colcon.colcon_core.package_identification:_identify(src/project_interfaces) by extension 'colcon_pkg'
[1.048s] Level 1:colcon.colcon_core.package_identification:_identify(src/project_interfaces) by extensions ['colcon_meta']
[1.048s] Level 1:colcon.colcon_core.package_identification:_identify(src/project_interfaces) by extension 'colcon_meta'
[1.048s] Level 1:colcon.colcon_core.package_identification:_identify(src/project_interfaces) by extensions ['ros']
[1.048s] Level 1:colcon.colcon_core.package_identification:_identify(src/project_interfaces) by extension 'ros'
[1.049s] DEBUG:colcon.colcon_core.package_identification:Package 'src/project_interfaces' with type 'ros.ament_cmake' and name 'project_interfaces'
[1.050s] Level 1:colcon.colcon_core.package_identification:_identify(src/project_main) by extensions ['ignore', 'ignore_ament_install']
[1.050s] Level 1:colcon.colcon_core.package_identification:_identify(src/project_main) by extension 'ignore'
[1.050s] Level 1:colcon.colcon_core.package_identification:_identify(src/project_main) by extension 'ignore_ament_install'
[1.050s] Level 1:colcon.colcon_core.package_identification:_identify(src/project_main) by extensions ['colcon_pkg']
[1.050s] Level 1:colcon.colcon_core.package_identification:_identify(src/project_main) by extension 'colcon_pkg'
[1.050s] Level 1:colcon.colcon_core.package_identification:_identify(src/project_main) by extensions ['colcon_meta']
[1.050s] Level 1:colcon.colcon_core.package_identification:_identify(src/project_main) by extension 'colcon_meta'
[1.050s] Level 1:colcon.colcon_core.package_identification:_identify(src/project_main) by extensions ['ros']
[1.050s] Level 1:colcon.colcon_core.package_identification:_identify(src/project_main) by extension 'ros'
[1.050s] DEBUG:colcon.colcon_core.package_identification:Package 'src/project_main' with type 'ros.ament_python' and name 'project_main'
[1.050s] Level 1:colcon.colcon_core.package_discovery:discover_packages(recursive) using defaults
[1.050s] Level 1:colcon.colcon_core.package_discovery:discover_packages(ignore) discover
[1.050s] Level 1:colcon.colcon_core.package_discovery:discover_packages(ignore) using defaults
[1.050s] Level 1:colcon.colcon_core.package_discovery:discover_packages(path) discover
[1.050s] Level 1:colcon.colcon_core.package_discovery:discover_packages(path) using defaults
[1.140s] Level 1:colcon.colcon_core.package_discovery:discover_packages(prefix_path) check parameters
[1.140s] Level 1:colcon.colcon_core.package_discovery:discover_packages(prefix_path) discover
[1.171s] DEBUG:colcon.colcon_installed_package_information.package_discovery:Found 2 installed packages in /home/fede3751/Documents/git_repositories/IoT-Project-2024/install
[1.185s] DEBUG:colcon.colcon_installed_package_information.package_discovery:Found 298 installed packages in /opt/ros/humble
[1.186s] Level 1:colcon.colcon_core.package_discovery:discover_packages(prefix_path) using defaults
[1.257s] Level 5:colcon.colcon_core.verb:set package 'project_interfaces' build argument 'cmake_args' from command line to 'None'
[1.258s] Level 5:colcon.colcon_core.verb:set package 'project_interfaces' build argument 'cmake_target' from command line to 'None'
[1.258s] Level 5:colcon.colcon_core.verb:set package 'project_interfaces' build argument 'cmake_target_skip_unavailable' from command line to 'False'
[1.258s] Level 5:colcon.colcon_core.verb:set package 'project_interfaces' build argument 'cmake_clean_cache' from command line to 'False'
[1.258s] Level 5:colcon.colcon_core.verb:set package 'project_interfaces' build argument 'cmake_clean_first' from command line to 'False'
[1.258s] Level 5:colcon.colcon_core.verb:set package 'project_interfaces' build argument 'cmake_force_configure' from command line to 'False'
[1.258s] Level 5:colcon.colcon_core.verb:set package 'project_interfaces' build argument 'ament_cmake_args' from command line to 'None'
[1.258s] Level 5:colcon.colcon_core.verb:set package 'project_interfaces' build argument 'catkin_cmake_args' from command line to 'None'
[1.258s] Level 5:colcon.colcon_core.verb:set package 'project_interfaces' build argument 'catkin_skip_building_tests' from command line to 'False'
[1.258s] DEBUG:colcon.colcon_core.verb:Building package 'project_interfaces' with the following arguments: {'ament_cmake_args': None, 'build_base': '/home/fede3751/Documents/git_repositories/IoT-Project-2024/build/project_interfaces', 'catkin_cmake_args': None, 'catkin_skip_building_tests': False, 'cmake_args': None, 'cmake_clean_cache': False, 'cmake_clean_first': False, 'cmake_force_configure': False, 'cmake_target': None, 'cmake_target_skip_unavailable': False, 'install_base': '/home/fede3751/Documents/git_repositories/IoT-Project-2024/install/project_interfaces', 'merge_install': False, 'path': '/home/fede3751/Documents/git_repositories/IoT-Project-2024/src/project_interfaces', 'symlink_install': False, 'test_result_base': None}
[1.272s] Level 5:colcon.colcon_core.verb:set package 'project_main' build argument 'cmake_args' from command line to 'None'
[1.272s] Level 5:colcon.colcon_core.verb:set package 'project_main' build argument 'cmake_target' from command line to 'None'
[1.272s] Level 5:colcon.colcon_core.verb:set package 'project_main' build argument 'cmake_target_skip_unavailable' from command line to 'False'
[1.272s] Level 5:colcon.colcon_core.verb:set package 'project_main' build argument 'cmake_clean_cache' from command line to 'False'
[1.272s] Level 5:colcon.colcon_core.verb:set package 'project_main' build argument 'cmake_clean_first' from command line to 'False'
[1.272s] Level 5:colcon.colcon_core.verb:set package 'project_main' build argument 'cmake_force_configure' from command line to 'False'
[1.272s] Level 5:colcon.colcon_core.verb:set package 'project_main' build argument 'ament_cmake_args' from command line to 'None'
[1.272s] Level 5:colcon.colcon_core.verb:set package 'project_main' build argument 'catkin_cmake_args' from command line to 'None'
[1.272s] Level 5:colcon.colcon_core.verb:set package 'project_main' build argument 'catkin_skip_building_tests' from command line to 'False'
[1.272s] DEBUG:colcon.colcon_core.verb:Building package 'project_main' with the following arguments: {'ament_cmake_args': None, 'build_base': '/home/fede3751/Documents/git_repositories/IoT-Project-2024/build/project_main', 'catkin_cmake_args': None, 'catkin_skip_building_tests': False, 'cmake_args': None, 'cmake_clean_cache': False, 'cmake_clean_first': False, 'cmake_force_configure': False, 'cmake_target': None, 'cmake_target_skip_unavailable': False, 'install_base': '/home/fede3751/Documents/git_repositories/IoT-Project-2024/install/project_main', 'merge_install': False, 'path': '/home/fede3751/Documents/git_repositories/IoT-Project-2024/src/project_main', 'symlink_install': False, 'test_result_base': None}
[1.286s] INFO:colcon.colcon_core.executor:Executing jobs using 'parallel' executor
[1.301s] DEBUG:colcon.colcon_parallel_executor.executor.parallel:run_until_complete
[1.301s] INFO:colcon.colcon_ros.task.ament_cmake.build:Building ROS package in '/home/fede3751/Documents/git_repositories/IoT-Project-2024/src/project_interfaces' with build type 'ament_cmake'
[1.301s] INFO:colcon.colcon_cmake.task.cmake.build:Building CMake package in '/home/fede3751/Documents/git_repositories/IoT-Project-2024/src/project_interfaces'
[1.316s] INFO:colcon.colcon_core.plugin_system:Skipping extension 'colcon_core.shell.bat': Not used on non-Windows systems
[1.316s] INFO:colcon.colcon_core.shell:Skip shell extension 'powershell' for command environment: Not usable outside of PowerShell
[1.316s] DEBUG:colcon.colcon_core.shell:Skip shell extension 'dsv' for command environment
[1.362s] INFO:colcon.colcon_ros.task.ament_python.build:Building ROS package in '/home/fede3751/Documents/git_repositories/IoT-Project-2024/src/project_main' with build type 'ament_python'
[1.362s] Level 1:colcon.colcon_core.shell:create_environment_hook('project_main', 'ament_prefix_path')
[1.377s] INFO:colcon.colcon_core.shell:Creating environment hook '/home/fede3751/Documents/git_repositories/IoT-Project-2024/install/project_main/share/project_main/hook/ament_prefix_path.ps1'
[1.377s] INFO:colcon.colcon_core.shell:Creating environment descriptor '/home/fede3751/Documents/git_repositories/IoT-Project-2024/install/project_main/share/project_main/hook/ament_prefix_path.dsv'
[1.377s] INFO:colcon.colcon_core.shell:Creating environment hook '/home/fede3751/Documents/git_repositories/IoT-Project-2024/install/project_main/share/project_main/hook/ament_prefix_path.sh'
[1.393s] INFO:colcon.colcon_core.shell:Skip shell extension 'powershell' for command environment: Not usable outside of PowerShell
[1.393s] DEBUG:colcon.colcon_core.shell:Skip shell extension 'dsv' for command environment
[1.443s] DEBUG:colcon.colcon_core.event_handler.log_command:Invoking command in '/home/fede3751/Documents/git_repositories/IoT-Project-2024/build/project_interfaces': CMAKE_PREFIX_PATH=${CMAKE_PREFIX_PATH}:/home/fede3751/Documents/git_repositories/IoT-Project-2024/install/project_main:/opt/ros/humble /home/fede3751/.local/bin/cmake --build /home/fede3751/Documents/git_repositories/IoT-Project-2024/build/project_interfaces -- -j16 -l16
[1.618s] INFO:colcon.colcon_core.task.python.build:Building Python package in '/home/fede3751/Documents/git_repositories/IoT-Project-2024/src/project_main'
[1.635s] INFO:colcon.colcon_core.shell:Skip shell extension 'powershell' for command environment: Not usable outside of PowerShell
[1.635s] DEBUG:colcon.colcon_core.shell:Skip shell extension 'dsv' for command environment
[1.864s] DEBUG:colcon.colcon_core.event_handler.log_command:Invoked command in '/home/fede3751/Documents/git_repositories/IoT-Project-2024/build/project_interfaces' returned '0': CMAKE_PREFIX_PATH=${CMAKE_PREFIX_PATH}:/home/fede3751/Documents/git_repositories/IoT-Project-2024/install/project_main:/opt/ros/humble /home/fede3751/.local/bin/cmake --build /home/fede3751/Documents/git_repositories/IoT-Project-2024/build/project_interfaces -- -j16 -l16
[1.963s] DEBUG:colcon.colcon_core.event_handler.log_command:Invoking command in '/home/fede3751/Documents/git_repositories/IoT-Project-2024/build/project_interfaces': CMAKE_PREFIX_PATH=${CMAKE_PREFIX_PATH}:/home/fede3751/Documents/git_repositories/IoT-Project-2024/install/project_main:/opt/ros/humble /home/fede3751/.local/bin/cmake --install /home/fede3751/Documents/git_repositories/IoT-Project-2024/build/project_interfaces
[2.030s] Level 1:colcon.colcon_core.environment:create_environment_scripts_only(project_interfaces)
[2.031s] DEBUG:colcon.colcon_core.event_handler.log_command:Invoked command in '/home/fede3751/Documents/git_repositories/IoT-Project-2024/build/project_interfaces' returned '0': CMAKE_PREFIX_PATH=${CMAKE_PREFIX_PATH}:/home/fede3751/Documents/git_repositories/IoT-Project-2024/install/project_main:/opt/ros/humble /home/fede3751/.local/bin/cmake --install /home/fede3751/Documents/git_repositories/IoT-Project-2024/build/project_interfaces
[2.052s] Level 1:colcon.colcon_core.environment:checking '/home/fede3751/Documents/git_repositories/IoT-Project-2024/install/project_interfaces' for CMake module files
[2.053s] Level 1:colcon.colcon_core.environment:checking '/home/fede3751/Documents/git_repositories/IoT-Project-2024/install/project_interfaces' for CMake config files
[2.053s] Level 1:colcon.colcon_core.shell:create_environment_hook('project_interfaces', 'cmake_prefix_path')
[2.070s] INFO:colcon.colcon_core.shell:Creating environment hook '/home/fede3751/Documents/git_repositories/IoT-Project-2024/install/project_interfaces/share/project_interfaces/hook/cmake_prefix_path.ps1'
[2.070s] INFO:colcon.colcon_core.shell:Creating environment descriptor '/home/fede3751/Documents/git_repositories/IoT-Project-2024/install/project_interfaces/share/project_interfaces/hook/cmake_prefix_path.dsv'
[2.070s] INFO:colcon.colcon_core.shell:Creating environment hook '/home/fede3751/Documents/git_repositories/IoT-Project-2024/install/project_interfaces/share/project_interfaces/hook/cmake_prefix_path.sh'
[2.071s] Level 1:colcon.colcon_core.environment:checking '/home/fede3751/Documents/git_repositories/IoT-Project-2024/install/project_interfaces/lib'
[2.071s] Level 1:colcon.colcon_core.shell:create_environment_hook('project_interfaces', 'ld_library_path_lib')
[2.087s] INFO:colcon.colcon_core.shell:Creating environment hook '/home/fede3751/Documents/git_repositories/IoT-Project-2024/install/project_interfaces/share/project_interfaces/hook/ld_library_path_lib.ps1'
[2.087s] INFO:colcon.colcon_core.shell:Creating environment descriptor '/home/fede3751/Documents/git_repositories/IoT-Project-2024/install/project_interfaces/share/project_interfaces/hook/ld_library_path_lib.dsv'
[2.087s] INFO:colcon.colcon_core.shell:Creating environment hook '/home/fede3751/Documents/git_repositories/IoT-Project-2024/install/project_interfaces/share/project_interfaces/hook/ld_library_path_lib.sh'
[2.088s] Level 1:colcon.colcon_core.environment:checking '/home/fede3751/Documents/git_repositories/IoT-Project-2024/install/project_interfaces/bin'
[2.088s] Level 1:colcon.colcon_core.environment:checking '/home/fede3751/Documents/git_repositories/IoT-Project-2024/install/project_interfaces/lib/pkgconfig/project_interfaces.pc'
[2.088s] Level 1:colcon.colcon_core.environment:checking '/home/fede3751/Documents/git_repositories/IoT-Project-2024/install/project_interfaces/lib/python3.10/site-packages'
[2.088s] Level 1:colcon.colcon_core.environment:checking '/home/fede3751/Documents/git_repositories/IoT-Project-2024/install/project_interfaces/bin'
[2.106s] INFO:colcon.colcon_core.shell:Creating package script '/home/fede3751/Documents/git_repositories/IoT-Project-2024/install/project_interfaces/share/project_interfaces/package.ps1'
[2.107s] INFO:colcon.colcon_core.shell:Creating package descriptor '/home/fede3751/Documents/git_repositories/IoT-Project-2024/install/project_interfaces/share/project_interfaces/package.dsv'
[2.107s] INFO:colcon.colcon_core.shell:Creating package script '/home/fede3751/Documents/git_repositories/IoT-Project-2024/install/project_interfaces/share/project_interfaces/package.sh'
[2.108s] INFO:colcon.colcon_core.shell:Creating package script '/home/fede3751/Documents/git_repositories/IoT-Project-2024/install/project_interfaces/share/project_interfaces/package.bash'
[2.108s] INFO:colcon.colcon_core.shell:Creating package script '/home/fede3751/Documents/git_repositories/IoT-Project-2024/install/project_interfaces/share/project_interfaces/package.zsh'
[2.109s] Level 1:colcon.colcon_core.environment:create_file_with_runtime_dependencies(/home/fede3751/Documents/git_repositories/IoT-Project-2024/install/project_interfaces/share/colcon-core/packages/project_interfaces)
[2.195s] Level 1:colcon.colcon_core.environment:create_environment_scripts_only(project_interfaces)
[2.212s] Level 1:colcon.colcon_core.environment:checking '/home/fede3751/Documents/git_repositories/IoT-Project-2024/install/project_interfaces' for CMake module files
[2.213s] Level 1:colcon.colcon_core.environment:checking '/home/fede3751/Documents/git_repositories/IoT-Project-2024/install/project_interfaces' for CMake config files
[2.213s] Level 1:colcon.colcon_core.shell:create_environment_hook('project_interfaces', 'cmake_prefix_path')
[2.230s] INFO:colcon.colcon_core.shell:Creating environment hook '/home/fede3751/Documents/git_repositories/IoT-Project-2024/install/project_interfaces/share/project_interfaces/hook/cmake_prefix_path.ps1'
[2.231s] INFO:colcon.colcon_core.shell:Creating environment descriptor '/home/fede3751/Documents/git_repositories/IoT-Project-2024/install/project_interfaces/share/project_interfaces/hook/cmake_prefix_path.dsv'
[2.231s] INFO:colcon.colcon_core.shell:Creating environment hook '/home/fede3751/Documents/git_repositories/IoT-Project-2024/install/project_interfaces/share/project_interfaces/hook/cmake_prefix_path.sh'
[2.231s] Level 1:colcon.colcon_core.environment:checking '/home/fede3751/Documents/git_repositories/IoT-Project-2024/install/project_interfaces/lib'
[2.232s] Level 1:colcon.colcon_core.shell:create_environment_hook('project_interfaces', 'ld_library_path_lib')
[2.248s] INFO:colcon.colcon_core.shell:Creating environment hook '/home/fede3751/Documents/git_repositories/IoT-Project-2024/install/project_interfaces/share/project_interfaces/hook/ld_library_path_lib.ps1'
[2.248s] INFO:colcon.colcon_core.shell:Creating environment descriptor '/home/fede3751/Documents/git_repositories/IoT-Project-2024/install/project_interfaces/share/project_interfaces/hook/ld_library_path_lib.dsv'
[2.249s] INFO:colcon.colcon_core.shell:Creating environment hook '/home/fede3751/Documents/git_repositories/IoT-Project-2024/install/project_interfaces/share/project_interfaces/hook/ld_library_path_lib.sh'
[2.249s] Level 1:colcon.colcon_core.environment:checking '/home/fede3751/Documents/git_repositories/IoT-Project-2024/install/project_interfaces/bin'
[2.249s] Level 1:colcon.colcon_core.environment:checking '/home/fede3751/Documents/git_repositories/IoT-Project-2024/install/project_interfaces/lib/pkgconfig/project_interfaces.pc'
[2.249s] Level 1:colcon.colcon_core.environment:checking '/home/fede3751/Documents/git_repositories/IoT-Project-2024/install/project_interfaces/lib/python3.10/site-packages'
[2.249s] Level 1:colcon.colcon_core.environment:checking '/home/fede3751/Documents/git_repositories/IoT-Project-2024/install/project_interfaces/bin'
[2.265s] INFO:colcon.colcon_core.shell:Creating package script '/home/fede3751/Documents/git_repositories/IoT-Project-2024/install/project_interfaces/share/project_interfaces/package.ps1'
[2.265s] INFO:colcon.colcon_core.shell:Creating package descriptor '/home/fede3751/Documents/git_repositories/IoT-Project-2024/install/project_interfaces/share/project_interfaces/package.dsv'
[2.265s] INFO:colcon.colcon_core.shell:Creating package script '/home/fede3751/Documents/git_repositories/IoT-Project-2024/install/project_interfaces/share/project_interfaces/package.sh'
[2.266s] INFO:colcon.colcon_core.shell:Creating package script '/home/fede3751/Documents/git_repositories/IoT-Project-2024/install/project_interfaces/share/project_interfaces/package.bash'
[2.266s] INFO:colcon.colcon_core.shell:Creating package script '/home/fede3751/Documents/git_repositories/IoT-Project-2024/install/project_interfaces/share/project_interfaces/package.zsh'
[2.266s] Level 1:colcon.colcon_core.environment:create_file_with_runtime_dependencies(/home/fede3751/Documents/git_repositories/IoT-Project-2024/install/project_interfaces/share/colcon-core/packages/project_interfaces)
[2.268s] DEBUG:colcon.colcon_core.event_handler.log_command:Invoking command in '/home/fede3751/Documents/git_repositories/IoT-Project-2024/src/project_main': PYTHONPATH=/home/fede3751/Documents/git_repositories/IoT-Project-2024/build/project_main/prefix_override:/home/fede3751/Documents/git_repositories/IoT-Project-2024/install/project_main/lib/python3.10/site-packages:${PYTHONPATH} /usr/bin/python3 setup.py egg_info --egg-base ../../build/project_main build --build-base /home/fede3751/Documents/git_repositories/IoT-Project-2024/build/project_main/build install --record /home/fede3751/Documents/git_repositories/IoT-Project-2024/build/project_main/install.log --single-version-externally-managed
[2.774s] DEBUG:colcon.colcon_core.event_handler.log_command:Invoked command in '/home/fede3751/Documents/git_repositories/IoT-Project-2024/src/project_main' returned '0': PYTHONPATH=/home/fede3751/Documents/git_repositories/IoT-Project-2024/build/project_main/prefix_override:/home/fede3751/Documents/git_repositories/IoT-Project-2024/install/project_main/lib/python3.10/site-packages:${PYTHONPATH} /usr/bin/python3 setup.py egg_info --egg-base ../../build/project_main build --build-base /home/fede3751/Documents/git_repositories/IoT-Project-2024/build/project_main/build install --record /home/fede3751/Documents/git_repositories/IoT-Project-2024/build/project_main/install.log --single-version-externally-managed
[2.789s] Level 1:colcon.colcon_core.environment:checking '/home/fede3751/Documents/git_repositories/IoT-Project-2024/install/project_main' for CMake module files
[2.790s] Level 1:colcon.colcon_core.environment:checking '/home/fede3751/Documents/git_repositories/IoT-Project-2024/install/project_main' for CMake config files
[2.790s] Level 1:colcon.colcon_core.environment:checking '/home/fede3751/Documents/git_repositories/IoT-Project-2024/install/project_main/lib'
[2.790s] Level 1:colcon.colcon_core.environment:checking '/home/fede3751/Documents/git_repositories/IoT-Project-2024/install/project_main/bin'
[2.790s] Level 1:colcon.colcon_core.environment:checking '/home/fede3751/Documents/git_repositories/IoT-Project-2024/install/project_main/lib/pkgconfig/project_main.pc'
[2.791s] Level 1:colcon.colcon_core.environment:checking '/home/fede3751/Documents/git_repositories/IoT-Project-2024/install/project_main/lib/python3.10/site-packages'
[2.791s] Level 1:colcon.colcon_core.shell:create_environment_hook('project_main', 'pythonpath')
[2.805s] INFO:colcon.colcon_core.shell:Creating environment hook '/home/fede3751/Documents/git_repositories/IoT-Project-2024/install/project_main/share/project_main/hook/pythonpath.ps1'
[2.806s] INFO:colcon.colcon_core.shell:Creating environment descriptor '/home/fede3751/Documents/git_repositories/IoT-Project-2024/install/project_main/share/project_main/hook/pythonpath.dsv'
[2.806s] INFO:colcon.colcon_core.shell:Creating environment hook '/home/fede3751/Documents/git_repositories/IoT-Project-2024/install/project_main/share/project_main/hook/pythonpath.sh'
[2.806s] Level 1:colcon.colcon_core.environment:checking '/home/fede3751/Documents/git_repositories/IoT-Project-2024/install/project_main/bin'
[2.806s] Level 1:colcon.colcon_core.environment:create_environment_scripts_only(project_main)
[2.820s] INFO:colcon.colcon_core.shell:Creating package script '/home/fede3751/Documents/git_repositories/IoT-Project-2024/install/project_main/share/project_main/package.ps1'
[2.821s] INFO:colcon.colcon_core.shell:Creating package descriptor '/home/fede3751/Documents/git_repositories/IoT-Project-2024/install/project_main/share/project_main/package.dsv'
[2.821s] INFO:colcon.colcon_core.shell:Creating package script '/home/fede3751/Documents/git_repositories/IoT-Project-2024/install/project_main/share/project_main/package.sh'
[2.821s] INFO:colcon.colcon_core.shell:Creating package script '/home/fede3751/Documents/git_repositories/IoT-Project-2024/install/project_main/share/project_main/package.bash'
[2.821s] INFO:colcon.colcon_core.shell:Creating package script '/home/fede3751/Documents/git_repositories/IoT-Project-2024/install/project_main/share/project_main/package.zsh'
[2.821s] Level 1:colcon.colcon_core.environment:create_file_with_runtime_dependencies(/home/fede3751/Documents/git_repositories/IoT-Project-2024/install/project_main/share/colcon-core/packages/project_main)
[2.822s] DEBUG:colcon.colcon_parallel_executor.executor.parallel:closing loop
[2.822s] DEBUG:colcon.colcon_parallel_executor.executor.parallel:loop closed
[2.822s] DEBUG:colcon.colcon_parallel_executor.executor.parallel:run_until_complete finished with '0'
[2.822s] DEBUG:colcon.colcon_core.event_reactor:joining thread
[2.840s] INFO:colcon.colcon_core.plugin_system:Skipping extension 'colcon_notification.desktop_notification.terminal_notifier': Not used on non-Darwin systems
[2.840s] INFO:colcon.colcon_core.plugin_system:Skipping extension 'colcon_notification.desktop_notification.win32': Not used on non-Windows systems
[2.840s] INFO:colcon.colcon_notification.desktop_notification:Sending desktop notification using 'notify2'
[2.850s] DEBUG:colcon.colcon_core.event_reactor:joined thread
[2.866s] INFO:colcon.colcon_core.shell:Creating prefix script '/home/fede3751/Documents/git_repositories/IoT-Project-2024/install/local_setup.ps1'
[2.867s] INFO:colcon.colcon_core.shell:Creating prefix util module '/home/fede3751/Documents/git_repositories/IoT-Project-2024/install/_local_setup_util_ps1.py'
[2.868s] INFO:colcon.colcon_core.shell:Creating prefix chain script '/home/fede3751/Documents/git_repositories/IoT-Project-2024/install/setup.ps1'
[2.883s] INFO:colcon.colcon_core.shell:Creating prefix script '/home/fede3751/Documents/git_repositories/IoT-Project-2024/install/local_setup.sh'
[2.884s] INFO:colcon.colcon_core.shell:Creating prefix util module '/home/fede3751/Documents/git_repositories/IoT-Project-2024/install/_local_setup_util_sh.py'
[2.884s] INFO:colcon.colcon_core.shell:Creating prefix chain script '/home/fede3751/Documents/git_repositories/IoT-Project-2024/install/setup.sh'
[2.900s] INFO:colcon.colcon_core.shell:Creating prefix script '/home/fede3751/Documents/git_repositories/IoT-Project-2024/install/local_setup.bash'
[2.900s] INFO:colcon.colcon_core.shell:Creating prefix chain script '/home/fede3751/Documents/git_repositories/IoT-Project-2024/install/setup.bash'
[2.915s] INFO:colcon.colcon_core.shell:Creating prefix script '/home/fede3751/Documents/git_repositories/IoT-Project-2024/install/local_setup.zsh'
[2.916s] INFO:colcon.colcon_core.shell:Creating prefix chain script '/home/fede3751/Documents/git_repositories/IoT-Project-2024/install/setup.zsh'
