/home/fede3751/Documents/git_repositories/IoT-Project-2024/install/project_main/lib/python3.10/site-packages/project_main/__init__.py
/home/fede3751/Documents/git_repositories/IoT-Project-2024/install/project_main/lib/python3.10/site-packages/project_main/balloon_controller.py
/home/fede3751/Documents/git_repositories/IoT-Project-2024/install/project_main/lib/python3.10/site-packages/project_main/sensor_controller.py
/home/fede3751/Documents/git_repositories/IoT-Project-2024/install/project_main/lib/python3.10/site-packages/project_main/simulation_manager.py
/home/fede3751/Documents/git_repositories/IoT-Project-2024/install/project_main/lib/python3.10/site-packages/project_main/sim_utils.py
/home/fede3751/Documents/git_repositories/IoT-Project-2024/install/project_main/lib/python3.10/site-packages/project_main/__pycache__/__init__.cpython-310.pyc
/home/fede3751/Documents/git_repositories/IoT-Project-2024/install/project_main/lib/python3.10/site-packages/project_main/__pycache__/balloon_controller.cpython-310.pyc
/home/fede3751/Documents/git_repositories/IoT-Project-2024/install/project_main/lib/python3.10/site-packages/project_main/__pycache__/sensor_controller.cpython-310.pyc
/home/fede3751/Documents/git_repositories/IoT-Project-2024/install/project_main/lib/python3.10/site-packages/project_main/__pycache__/simulation_manager.cpython-310.pyc
/home/fede3751/Documents/git_repositories/IoT-Project-2024/install/project_main/lib/python3.10/site-packages/project_main/__pycache__/sim_utils.cpython-310.pyc
/home/fede3751/Documents/git_repositories/IoT-Project-2024/install/project_main/share/ament_index/resource_index/packages/project_main
/home/fede3751/Documents/git_repositories/IoT-Project-2024/install/project_main/share/project_main/package.xml
/home/fede3751/Documents/git_repositories/IoT-Project-2024/install/project_main/share/project_main/simulation_launch.py
/home/fede3751/Documents/git_repositories/IoT-Project-2024/install/project_main/lib/project_main/sim_utils.py
/home/fede3751/Documents/git_repositories/IoT-Project-2024/install/project_main/lib/python3.10/site-packages/project_main-0.0.0-py3.10.egg-info/dependency_links.txt
/home/fede3751/Documents/git_repositories/IoT-Project-2024/install/project_main/lib/python3.10/site-packages/project_main-0.0.0-py3.10.egg-info/requires.txt
/home/fede3751/Documents/git_repositories/IoT-Project-2024/install/project_main/lib/python3.10/site-packages/project_main-0.0.0-py3.10.egg-info/PKG-INFO
/home/fede3751/Documents/git_repositories/IoT-Project-2024/install/project_main/lib/python3.10/site-packages/project_main-0.0.0-py3.10.egg-info/top_level.txt
/home/fede3751/Documents/git_repositories/IoT-Project-2024/install/project_main/lib/python3.10/site-packages/project_main-0.0.0-py3.10.egg-info/entry_points.txt
/home/fede3751/Documents/git_repositories/IoT-Project-2024/install/project_main/lib/python3.10/site-packages/project_main-0.0.0-py3.10.egg-info/SOURCES.txt
/home/fede3751/Documents/git_repositories/IoT-Project-2024/install/project_main/lib/python3.10/site-packages/project_main-0.0.0-py3.10.egg-info/zip-safe
/home/fede3751/Documents/git_repositories/IoT-Project-2024/install/project_main/lib/project_main/balloon_controller
/home/fede3751/Documents/git_repositories/IoT-Project-2024/install/project_main/lib/project_main/sensor_controller
/home/fede3751/Documents/git_repositories/IoT-Project-2024/install/project_main/lib/project_main/simulation_manager
