[0.752s] Invoking command in '/home/fede3751/Documents/git_repositories/IoT-Project-2024/src/project_main': PYTHONPATH=/home/fede3751/Documents/git_repositories/IoT-Project-2024/build/project_main/prefix_override:/home/fede3751/Documents/git_repositories/IoT-Project-2024/install/project_main/lib/python3.10/site-packages:${PYTHONPATH} /usr/bin/python3 setup.py egg_info --egg-base ../../build/project_main build --build-base /home/fede3751/Documents/git_repositories/IoT-Project-2024/build/project_main/build install --record /home/fede3751/Documents/git_repositories/IoT-Project-2024/build/project_main/install.log --single-version-externally-managed
[0.916s] running egg_info
[1.008s] writing ../../build/project_main/project_main.egg-info/PKG-INFO
[1.008s] writing dependency_links to ../../build/project_main/project_main.egg-info/dependency_links.txt
[1.008s] writing entry points to ../../build/project_main/project_main.egg-info/entry_points.txt
[1.008s] writing requirements to ../../build/project_main/project_main.egg-info/requires.txt
[1.008s] writing top-level names to ../../build/project_main/project_main.egg-info/top_level.txt
[1.035s] reading manifest file '../../build/project_main/project_main.egg-info/SOURCES.txt'
[1.035s] writing manifest file '../../build/project_main/project_main.egg-info/SOURCES.txt'
[1.035s] running build
[1.035s] running build_py
[1.035s] copying project_main/simulation_manager.py -> /home/fede3751/Documents/git_repositories/IoT-Project-2024/build/project_main/build/lib/project_main
[1.036s] running install
[1.036s] /home/fede3751/.local/lib/python3.10/site-packages/setuptools/command/install.py:34: SetuptoolsDeprecationWarning: setup.py install is deprecated. Use build and pip and other standards-based tools.
[1.036s]   warnings.warn(
[1.040s] running install_lib
[1.052s] copying /home/fede3751/Documents/git_repositories/IoT-Project-2024/build/project_main/build/lib/project_main/simulation_manager.py -> /home/fede3751/Documents/git_repositories/IoT-Project-2024/install/project_main/lib/python3.10/site-packages/project_main
[1.052s] byte-compiling /home/fede3751/Documents/git_repositories/IoT-Project-2024/install/project_main/lib/python3.10/site-packages/project_main/simulation_manager.py to simulation_manager.cpython-310.pyc
[1.053s] running install_data
[1.066s] running install_egg_info
[1.079s] removing '/home/fede3751/Documents/git_repositories/IoT-Project-2024/install/project_main/lib/python3.10/site-packages/project_main-0.0.0-py3.10.egg-info' (and everything under it)
[1.079s] Copying ../../build/project_main/project_main.egg-info to /home/fede3751/Documents/git_repositories/IoT-Project-2024/install/project_main/lib/python3.10/site-packages/project_main-0.0.0-py3.10.egg-info
[1.079s] running install_scripts
[1.128s] Installing balloon_controller script to /home/fede3751/Documents/git_repositories/IoT-Project-2024/install/project_main/lib/project_main
[1.129s] Installing sensor_controller script to /home/fede3751/Documents/git_repositories/IoT-Project-2024/install/project_main/lib/project_main
[1.129s] Installing simulation_manager script to /home/fede3751/Documents/git_repositories/IoT-Project-2024/install/project_main/lib/project_main
[1.129s] writing list of installed files to '/home/fede3751/Documents/git_repositories/IoT-Project-2024/build/project_main/install.log'
[1.147s] Invoked command in '/home/fede3751/Documents/git_repositories/IoT-Project-2024/src/project_main' returned '0': PYTHONPATH=/home/fede3751/Documents/git_repositories/IoT-Project-2024/build/project_main/prefix_override:/home/fede3751/Documents/git_repositories/IoT-Project-2024/install/project_main/lib/python3.10/site-packages:${PYTHONPATH} /usr/bin/python3 setup.py egg_info --egg-base ../../build/project_main build --build-base /home/fede3751/Documents/git_repositories/IoT-Project-2024/build/project_main/build install --record /home/fede3751/Documents/git_repositories/IoT-Project-2024/build/project_main/install.log --single-version-externally-managed
