[0.950s] DEBUG:colcon:Command line arguments: ['/usr/bin/colcon', 'list', '-p', '--base-paths', '/home/fede3751/Documents/git_repositories/IoT-Project-2024']
[0.951s] DEBUG:colcon:Parsed command line arguments: Namespace(log_base=None, log_level=None, verb_name='list', build_base='build', ignore_user_meta=False, metas=['./colcon.meta'], base_paths=['/home/fede3751/Documents/git_repositories/IoT-Project-2024'], packages_ignore=None, packages_ignore_regex=None, paths=None, packages_up_to=None, packages_up_to_regex=None, packages_above=None, packages_above_and_dependencies=None, packages_above_depth=None, packages_select_by_dep=None, packages_skip_by_dep=None, packages_skip_up_to=None, packages_select_build_failed=False, packages_skip_build_finished=False, packages_select_test_failures=False, packages_skip_test_passed=False, packages_select=None, packages_skip=None, packages_select_regex=None, packages_skip_regex=None, packages_start=None, packages_end=None, allow_overriding=[], topological_order=False, names_only=False, paths_only=True, topological_graph=False, topological_graph_dot=False, topological_graph_density=False, topological_graph_legend=False, topological_graph_dot_cluster=False, topological_graph_dot_include_skipped=False, verb_parser=<colcon_defaults.argument_parser.defaults.DefaultArgumentsDecorator object at 0x7f2cf6aa0190>, verb_extension=<colcon_package_information.verb.list.ListVerb object at 0x7f2cf6a67760>, main=<bound method ListVerb.main of <colcon_package_information.verb.list.ListVerb object at 0x7f2cf6a67760>>)
[1.010s] Level 1:colcon.colcon_core.package_discovery:discover_packages(colcon_meta) check parameters
[1.010s] Level 1:colcon.colcon_core.package_discovery:discover_packages(recursive) check parameters
[1.010s] Level 1:colcon.colcon_core.package_discovery:discover_packages(ignore) check parameters
[1.010s] Level 1:colcon.colcon_core.package_discovery:discover_packages(path) check parameters
[1.010s] Level 1:colcon.colcon_core.package_discovery:discover_packages(recursive) discover
[1.010s] INFO:colcon.colcon_core.package_discovery:Crawling recursively for packages in '/home/fede3751/Documents/git_repositories/IoT-Project-2024'
[1.010s] Level 1:colcon.colcon_core.package_identification:_identify(/home/fede3751/Documents/git_repositories/IoT-Project-2024) by extensions ['ignore', 'ignore_ament_install']
[1.010s] Level 1:colcon.colcon_core.package_identification:_identify(/home/fede3751/Documents/git_repositories/IoT-Project-2024) by extension 'ignore'
[1.010s] Level 1:colcon.colcon_core.package_identification:_identify(/home/fede3751/Documents/git_repositories/IoT-Project-2024) by extension 'ignore_ament_install'
[1.010s] Level 1:colcon.colcon_core.package_identification:_identify(/home/fede3751/Documents/git_repositories/IoT-Project-2024) by extensions ['colcon_pkg']
[1.010s] Level 1:colcon.colcon_core.package_identification:_identify(/home/fede3751/Documents/git_repositories/IoT-Project-2024) by extension 'colcon_pkg'
[1.010s] Level 1:colcon.colcon_core.package_identification:_identify(/home/fede3751/Documents/git_repositories/IoT-Project-2024) by extensions ['colcon_meta']
[1.010s] Level 1:colcon.colcon_core.package_identification:_identify(/home/fede3751/Documents/git_repositories/IoT-Project-2024) by extension 'colcon_meta'
[1.010s] Level 1:colcon.colcon_core.package_identification:_identify(/home/fede3751/Documents/git_repositories/IoT-Project-2024) by extensions ['ros']
[1.010s] Level 1:colcon.colcon_core.package_identification:_identify(/home/fede3751/Documents/git_repositories/IoT-Project-2024) by extension 'ros'
[1.028s] Level 1:colcon.colcon_core.package_identification:_identify(/home/fede3751/Documents/git_repositories/IoT-Project-2024) by extensions ['cmake', 'python']
[1.028s] Level 1:colcon.colcon_core.package_identification:_identify(/home/fede3751/Documents/git_repositories/IoT-Project-2024) by extension 'cmake'
[1.028s] Level 1:colcon.colcon_core.package_identification:_identify(/home/fede3751/Documents/git_repositories/IoT-Project-2024) by extension 'python'
[1.028s] Level 1:colcon.colcon_core.package_identification:_identify(/home/fede3751/Documents/git_repositories/IoT-Project-2024) by extensions ['python_setup_py']
[1.028s] Level 1:colcon.colcon_core.package_identification:_identify(/home/fede3751/Documents/git_repositories/IoT-Project-2024) by extension 'python_setup_py'
[1.028s] Level 1:colcon.colcon_core.package_identification:_identify(/home/fede3751/Documents/git_repositories/IoT-Project-2024/log) by extensions ['ignore', 'ignore_ament_install']
[1.028s] Level 1:colcon.colcon_core.package_identification:_identify(/home/fede3751/Documents/git_repositories/IoT-Project-2024/log) by extension 'ignore'
[1.028s] Level 1:colcon.colcon_core.package_identification:_identify(/home/fede3751/Documents/git_repositories/IoT-Project-2024/log) ignored
[1.028s] Level 1:colcon.colcon_core.package_identification:_identify(/home/fede3751/Documents/git_repositories/IoT-Project-2024/resources) by extensions ['ignore', 'ignore_ament_install']
[1.028s] Level 1:colcon.colcon_core.package_identification:_identify(/home/fede3751/Documents/git_repositories/IoT-Project-2024/resources) by extension 'ignore'
[1.028s] Level 1:colcon.colcon_core.package_identification:_identify(/home/fede3751/Documents/git_repositories/IoT-Project-2024/resources) by extension 'ignore_ament_install'
[1.028s] Level 1:colcon.colcon_core.package_identification:_identify(/home/fede3751/Documents/git_repositories/IoT-Project-2024/resources) by extensions ['colcon_pkg']
[1.028s] Level 1:colcon.colcon_core.package_identification:_identify(/home/fede3751/Documents/git_repositories/IoT-Project-2024/resources) by extension 'colcon_pkg'
[1.028s] Level 1:colcon.colcon_core.package_identification:_identify(/home/fede3751/Documents/git_repositories/IoT-Project-2024/resources) by extensions ['colcon_meta']
[1.029s] Level 1:colcon.colcon_core.package_identification:_identify(/home/fede3751/Documents/git_repositories/IoT-Project-2024/resources) by extension 'colcon_meta'
[1.029s] Level 1:colcon.colcon_core.package_identification:_identify(/home/fede3751/Documents/git_repositories/IoT-Project-2024/resources) by extensions ['ros']
[1.029s] Level 1:colcon.colcon_core.package_identification:_identify(/home/fede3751/Documents/git_repositories/IoT-Project-2024/resources) by extension 'ros'
[1.029s] Level 1:colcon.colcon_core.package_identification:_identify(/home/fede3751/Documents/git_repositories/IoT-Project-2024/resources) by extensions ['cmake', 'python']
[1.029s] Level 1:colcon.colcon_core.package_identification:_identify(/home/fede3751/Documents/git_repositories/IoT-Project-2024/resources) by extension 'cmake'
[1.029s] Level 1:colcon.colcon_core.package_identification:_identify(/home/fede3751/Documents/git_repositories/IoT-Project-2024/resources) by extension 'python'
[1.029s] Level 1:colcon.colcon_core.package_identification:_identify(/home/fede3751/Documents/git_repositories/IoT-Project-2024/resources) by extensions ['python_setup_py']
[1.029s] Level 1:colcon.colcon_core.package_identification:_identify(/home/fede3751/Documents/git_repositories/IoT-Project-2024/resources) by extension 'python_setup_py'
[1.029s] Level 1:colcon.colcon_core.package_identification:_identify(/home/fede3751/Documents/git_repositories/IoT-Project-2024/resources/balloon) by extensions ['ignore', 'ignore_ament_install']
[1.029s] Level 1:colcon.colcon_core.package_identification:_identify(/home/fede3751/Documents/git_repositories/IoT-Project-2024/resources/balloon) by extension 'ignore'
[1.029s] Level 1:colcon.colcon_core.package_identification:_identify(/home/fede3751/Documents/git_repositories/IoT-Project-2024/resources/balloon) by extension 'ignore_ament_install'
[1.029s] Level 1:colcon.colcon_core.package_identification:_identify(/home/fede3751/Documents/git_repositories/IoT-Project-2024/resources/balloon) by extensions ['colcon_pkg']
[1.029s] Level 1:colcon.colcon_core.package_identification:_identify(/home/fede3751/Documents/git_repositories/IoT-Project-2024/resources/balloon) by extension 'colcon_pkg'
[1.029s] Level 1:colcon.colcon_core.package_identification:_identify(/home/fede3751/Documents/git_repositories/IoT-Project-2024/resources/balloon) by extensions ['colcon_meta']
[1.029s] Level 1:colcon.colcon_core.package_identification:_identify(/home/fede3751/Documents/git_repositories/IoT-Project-2024/resources/balloon) by extension 'colcon_meta'
[1.029s] Level 1:colcon.colcon_core.package_identification:_identify(/home/fede3751/Documents/git_repositories/IoT-Project-2024/resources/balloon) by extensions ['ros']
[1.029s] Level 1:colcon.colcon_core.package_identification:_identify(/home/fede3751/Documents/git_repositories/IoT-Project-2024/resources/balloon) by extension 'ros'
[1.029s] Level 1:colcon.colcon_core.package_identification:_identify(/home/fede3751/Documents/git_repositories/IoT-Project-2024/resources/balloon) by extensions ['cmake', 'python']
[1.029s] Level 1:colcon.colcon_core.package_identification:_identify(/home/fede3751/Documents/git_repositories/IoT-Project-2024/resources/balloon) by extension 'cmake'
[1.029s] Level 1:colcon.colcon_core.package_identification:_identify(/home/fede3751/Documents/git_repositories/IoT-Project-2024/resources/balloon) by extension 'python'
[1.029s] Level 1:colcon.colcon_core.package_identification:_identify(/home/fede3751/Documents/git_repositories/IoT-Project-2024/resources/balloon) by extensions ['python_setup_py']
[1.029s] Level 1:colcon.colcon_core.package_identification:_identify(/home/fede3751/Documents/git_repositories/IoT-Project-2024/resources/balloon) by extension 'python_setup_py'
[1.029s] Level 1:colcon.colcon_core.package_identification:_identify(/home/fede3751/Documents/git_repositories/IoT-Project-2024/resources/base_station) by extensions ['ignore', 'ignore_ament_install']
[1.029s] Level 1:colcon.colcon_core.package_identification:_identify(/home/fede3751/Documents/git_repositories/IoT-Project-2024/resources/base_station) by extension 'ignore'
[1.029s] Level 1:colcon.colcon_core.package_identification:_identify(/home/fede3751/Documents/git_repositories/IoT-Project-2024/resources/base_station) by extension 'ignore_ament_install'
[1.029s] Level 1:colcon.colcon_core.package_identification:_identify(/home/fede3751/Documents/git_repositories/IoT-Project-2024/resources/base_station) by extensions ['colcon_pkg']
[1.029s] Level 1:colcon.colcon_core.package_identification:_identify(/home/fede3751/Documents/git_repositories/IoT-Project-2024/resources/base_station) by extension 'colcon_pkg'
[1.029s] Level 1:colcon.colcon_core.package_identification:_identify(/home/fede3751/Documents/git_repositories/IoT-Project-2024/resources/base_station) by extensions ['colcon_meta']
[1.029s] Level 1:colcon.colcon_core.package_identification:_identify(/home/fede3751/Documents/git_repositories/IoT-Project-2024/resources/base_station) by extension 'colcon_meta'
[1.030s] Level 1:colcon.colcon_core.package_identification:_identify(/home/fede3751/Documents/git_repositories/IoT-Project-2024/resources/base_station) by extensions ['ros']
[1.030s] Level 1:colcon.colcon_core.package_identification:_identify(/home/fede3751/Documents/git_repositories/IoT-Project-2024/resources/base_station) by extension 'ros'
[1.030s] Level 1:colcon.colcon_core.package_identification:_identify(/home/fede3751/Documents/git_repositories/IoT-Project-2024/resources/base_station) by extensions ['cmake', 'python']
[1.030s] Level 1:colcon.colcon_core.package_identification:_identify(/home/fede3751/Documents/git_repositories/IoT-Project-2024/resources/base_station) by extension 'cmake'
[1.030s] Level 1:colcon.colcon_core.package_identification:_identify(/home/fede3751/Documents/git_repositories/IoT-Project-2024/resources/base_station) by extension 'python'
[1.030s] Level 1:colcon.colcon_core.package_identification:_identify(/home/fede3751/Documents/git_repositories/IoT-Project-2024/resources/base_station) by extensions ['python_setup_py']
[1.030s] Level 1:colcon.colcon_core.package_identification:_identify(/home/fede3751/Documents/git_repositories/IoT-Project-2024/resources/base_station) by extension 'python_setup_py'
[1.030s] Level 1:colcon.colcon_core.package_identification:_identify(/home/fede3751/Documents/git_repositories/IoT-Project-2024/resources/sensor) by extensions ['ignore', 'ignore_ament_install']
[1.030s] Level 1:colcon.colcon_core.package_identification:_identify(/home/fede3751/Documents/git_repositories/IoT-Project-2024/resources/sensor) by extension 'ignore'
[1.030s] Level 1:colcon.colcon_core.package_identification:_identify(/home/fede3751/Documents/git_repositories/IoT-Project-2024/resources/sensor) by extension 'ignore_ament_install'
[1.030s] Level 1:colcon.colcon_core.package_identification:_identify(/home/fede3751/Documents/git_repositories/IoT-Project-2024/resources/sensor) by extensions ['colcon_pkg']
[1.030s] Level 1:colcon.colcon_core.package_identification:_identify(/home/fede3751/Documents/git_repositories/IoT-Project-2024/resources/sensor) by extension 'colcon_pkg'
[1.030s] Level 1:colcon.colcon_core.package_identification:_identify(/home/fede3751/Documents/git_repositories/IoT-Project-2024/resources/sensor) by extensions ['colcon_meta']
[1.030s] Level 1:colcon.colcon_core.package_identification:_identify(/home/fede3751/Documents/git_repositories/IoT-Project-2024/resources/sensor) by extension 'colcon_meta'
[1.030s] Level 1:colcon.colcon_core.package_identification:_identify(/home/fede3751/Documents/git_repositories/IoT-Project-2024/resources/sensor) by extensions ['ros']
[1.030s] Level 1:colcon.colcon_core.package_identification:_identify(/home/fede3751/Documents/git_repositories/IoT-Project-2024/resources/sensor) by extension 'ros'
[1.030s] Level 1:colcon.colcon_core.package_identification:_identify(/home/fede3751/Documents/git_repositories/IoT-Project-2024/resources/sensor) by extensions ['cmake', 'python']
[1.030s] Level 1:colcon.colcon_core.package_identification:_identify(/home/fede3751/Documents/git_repositories/IoT-Project-2024/resources/sensor) by extension 'cmake'
[1.030s] Level 1:colcon.colcon_core.package_identification:_identify(/home/fede3751/Documents/git_repositories/IoT-Project-2024/resources/sensor) by extension 'python'
[1.030s] Level 1:colcon.colcon_core.package_identification:_identify(/home/fede3751/Documents/git_repositories/IoT-Project-2024/resources/sensor) by extensions ['python_setup_py']
[1.030s] Level 1:colcon.colcon_core.package_identification:_identify(/home/fede3751/Documents/git_repositories/IoT-Project-2024/resources/sensor) by extension 'python_setup_py'
[1.030s] Level 1:colcon.colcon_core.package_identification:_identify(/home/fede3751/Documents/git_repositories/IoT-Project-2024/resources/sensor/materials) by extensions ['ignore', 'ignore_ament_install']
[1.030s] Level 1:colcon.colcon_core.package_identification:_identify(/home/fede3751/Documents/git_repositories/IoT-Project-2024/resources/sensor/materials) by extension 'ignore'
[1.030s] Level 1:colcon.colcon_core.package_identification:_identify(/home/fede3751/Documents/git_repositories/IoT-Project-2024/resources/sensor/materials) by extension 'ignore_ament_install'
[1.030s] Level 1:colcon.colcon_core.package_identification:_identify(/home/fede3751/Documents/git_repositories/IoT-Project-2024/resources/sensor/materials) by extensions ['colcon_pkg']
[1.030s] Level 1:colcon.colcon_core.package_identification:_identify(/home/fede3751/Documents/git_repositories/IoT-Project-2024/resources/sensor/materials) by extension 'colcon_pkg'
[1.030s] Level 1:colcon.colcon_core.package_identification:_identify(/home/fede3751/Documents/git_repositories/IoT-Project-2024/resources/sensor/materials) by extensions ['colcon_meta']
[1.030s] Level 1:colcon.colcon_core.package_identification:_identify(/home/fede3751/Documents/git_repositories/IoT-Project-2024/resources/sensor/materials) by extension 'colcon_meta'
[1.030s] Level 1:colcon.colcon_core.package_identification:_identify(/home/fede3751/Documents/git_repositories/IoT-Project-2024/resources/sensor/materials) by extensions ['ros']
[1.031s] Level 1:colcon.colcon_core.package_identification:_identify(/home/fede3751/Documents/git_repositories/IoT-Project-2024/resources/sensor/materials) by extension 'ros'
[1.031s] Level 1:colcon.colcon_core.package_identification:_identify(/home/fede3751/Documents/git_repositories/IoT-Project-2024/resources/sensor/materials) by extensions ['cmake', 'python']
[1.031s] Level 1:colcon.colcon_core.package_identification:_identify(/home/fede3751/Documents/git_repositories/IoT-Project-2024/resources/sensor/materials) by extension 'cmake'
[1.031s] Level 1:colcon.colcon_core.package_identification:_identify(/home/fede3751/Documents/git_repositories/IoT-Project-2024/resources/sensor/materials) by extension 'python'
[1.031s] Level 1:colcon.colcon_core.package_identification:_identify(/home/fede3751/Documents/git_repositories/IoT-Project-2024/resources/sensor/materials) by extensions ['python_setup_py']
[1.031s] Level 1:colcon.colcon_core.package_identification:_identify(/home/fede3751/Documents/git_repositories/IoT-Project-2024/resources/sensor/materials) by extension 'python_setup_py'
[1.031s] Level 1:colcon.colcon_core.package_identification:_identify(/home/fede3751/Documents/git_repositories/IoT-Project-2024/resources/sensor/materials/textures) by extensions ['ignore', 'ignore_ament_install']
[1.031s] Level 1:colcon.colcon_core.package_identification:_identify(/home/fede3751/Documents/git_repositories/IoT-Project-2024/resources/sensor/materials/textures) by extension 'ignore'
[1.031s] Level 1:colcon.colcon_core.package_identification:_identify(/home/fede3751/Documents/git_repositories/IoT-Project-2024/resources/sensor/materials/textures) by extension 'ignore_ament_install'
[1.031s] Level 1:colcon.colcon_core.package_identification:_identify(/home/fede3751/Documents/git_repositories/IoT-Project-2024/resources/sensor/materials/textures) by extensions ['colcon_pkg']
[1.031s] Level 1:colcon.colcon_core.package_identification:_identify(/home/fede3751/Documents/git_repositories/IoT-Project-2024/resources/sensor/materials/textures) by extension 'colcon_pkg'
[1.031s] Level 1:colcon.colcon_core.package_identification:_identify(/home/fede3751/Documents/git_repositories/IoT-Project-2024/resources/sensor/materials/textures) by extensions ['colcon_meta']
[1.031s] Level 1:colcon.colcon_core.package_identification:_identify(/home/fede3751/Documents/git_repositories/IoT-Project-2024/resources/sensor/materials/textures) by extension 'colcon_meta'
[1.031s] Level 1:colcon.colcon_core.package_identification:_identify(/home/fede3751/Documents/git_repositories/IoT-Project-2024/resources/sensor/materials/textures) by extensions ['ros']
[1.031s] Level 1:colcon.colcon_core.package_identification:_identify(/home/fede3751/Documents/git_repositories/IoT-Project-2024/resources/sensor/materials/textures) by extension 'ros'
[1.031s] Level 1:colcon.colcon_core.package_identification:_identify(/home/fede3751/Documents/git_repositories/IoT-Project-2024/resources/sensor/materials/textures) by extensions ['cmake', 'python']
[1.031s] Level 1:colcon.colcon_core.package_identification:_identify(/home/fede3751/Documents/git_repositories/IoT-Project-2024/resources/sensor/materials/textures) by extension 'cmake'
[1.031s] Level 1:colcon.colcon_core.package_identification:_identify(/home/fede3751/Documents/git_repositories/IoT-Project-2024/resources/sensor/materials/textures) by extension 'python'
[1.031s] Level 1:colcon.colcon_core.package_identification:_identify(/home/fede3751/Documents/git_repositories/IoT-Project-2024/resources/sensor/materials/textures) by extensions ['python_setup_py']
[1.031s] Level 1:colcon.colcon_core.package_identification:_identify(/home/fede3751/Documents/git_repositories/IoT-Project-2024/resources/sensor/materials/textures) by extension 'python_setup_py'
[1.031s] Level 1:colcon.colcon_core.package_identification:_identify(/home/fede3751/Documents/git_repositories/IoT-Project-2024/resources/sensor/meshes) by extensions ['ignore', 'ignore_ament_install']
[1.031s] Level 1:colcon.colcon_core.package_identification:_identify(/home/fede3751/Documents/git_repositories/IoT-Project-2024/resources/sensor/meshes) by extension 'ignore'
[1.031s] Level 1:colcon.colcon_core.package_identification:_identify(/home/fede3751/Documents/git_repositories/IoT-Project-2024/resources/sensor/meshes) by extension 'ignore_ament_install'
[1.031s] Level 1:colcon.colcon_core.package_identification:_identify(/home/fede3751/Documents/git_repositories/IoT-Project-2024/resources/sensor/meshes) by extensions ['colcon_pkg']
[1.031s] Level 1:colcon.colcon_core.package_identification:_identify(/home/fede3751/Documents/git_repositories/IoT-Project-2024/resources/sensor/meshes) by extension 'colcon_pkg'
[1.031s] Level 1:colcon.colcon_core.package_identification:_identify(/home/fede3751/Documents/git_repositories/IoT-Project-2024/resources/sensor/meshes) by extensions ['colcon_meta']
[1.031s] Level 1:colcon.colcon_core.package_identification:_identify(/home/fede3751/Documents/git_repositories/IoT-Project-2024/resources/sensor/meshes) by extension 'colcon_meta'
[1.031s] Level 1:colcon.colcon_core.package_identification:_identify(/home/fede3751/Documents/git_repositories/IoT-Project-2024/resources/sensor/meshes) by extensions ['ros']
[1.031s] Level 1:colcon.colcon_core.package_identification:_identify(/home/fede3751/Documents/git_repositories/IoT-Project-2024/resources/sensor/meshes) by extension 'ros'
[1.032s] Level 1:colcon.colcon_core.package_identification:_identify(/home/fede3751/Documents/git_repositories/IoT-Project-2024/resources/sensor/meshes) by extensions ['cmake', 'python']
[1.032s] Level 1:colcon.colcon_core.package_identification:_identify(/home/fede3751/Documents/git_repositories/IoT-Project-2024/resources/sensor/meshes) by extension 'cmake'
[1.032s] Level 1:colcon.colcon_core.package_identification:_identify(/home/fede3751/Documents/git_repositories/IoT-Project-2024/resources/sensor/meshes) by extension 'python'
[1.032s] Level 1:colcon.colcon_core.package_identification:_identify(/home/fede3751/Documents/git_repositories/IoT-Project-2024/resources/sensor/meshes) by extensions ['python_setup_py']
[1.032s] Level 1:colcon.colcon_core.package_identification:_identify(/home/fede3751/Documents/git_repositories/IoT-Project-2024/resources/sensor/meshes) by extension 'python_setup_py'
[1.032s] Level 1:colcon.colcon_core.package_identification:_identify(/home/fede3751/Documents/git_repositories/IoT-Project-2024/resources/x3) by extensions ['ignore', 'ignore_ament_install']
[1.032s] Level 1:colcon.colcon_core.package_identification:_identify(/home/fede3751/Documents/git_repositories/IoT-Project-2024/resources/x3) by extension 'ignore'
[1.032s] Level 1:colcon.colcon_core.package_identification:_identify(/home/fede3751/Documents/git_repositories/IoT-Project-2024/resources/x3) by extension 'ignore_ament_install'
[1.032s] Level 1:colcon.colcon_core.package_identification:_identify(/home/fede3751/Documents/git_repositories/IoT-Project-2024/resources/x3) by extensions ['colcon_pkg']
[1.032s] Level 1:colcon.colcon_core.package_identification:_identify(/home/fede3751/Documents/git_repositories/IoT-Project-2024/resources/x3) by extension 'colcon_pkg'
[1.032s] Level 1:colcon.colcon_core.package_identification:_identify(/home/fede3751/Documents/git_repositories/IoT-Project-2024/resources/x3) by extensions ['colcon_meta']
[1.032s] Level 1:colcon.colcon_core.package_identification:_identify(/home/fede3751/Documents/git_repositories/IoT-Project-2024/resources/x3) by extension 'colcon_meta'
[1.032s] Level 1:colcon.colcon_core.package_identification:_identify(/home/fede3751/Documents/git_repositories/IoT-Project-2024/resources/x3) by extensions ['ros']
[1.032s] Level 1:colcon.colcon_core.package_identification:_identify(/home/fede3751/Documents/git_repositories/IoT-Project-2024/resources/x3) by extension 'ros'
[1.032s] Level 1:colcon.colcon_core.package_identification:_identify(/home/fede3751/Documents/git_repositories/IoT-Project-2024/resources/x3) by extensions ['cmake', 'python']
[1.032s] Level 1:colcon.colcon_core.package_identification:_identify(/home/fede3751/Documents/git_repositories/IoT-Project-2024/resources/x3) by extension 'cmake'
[1.032s] Level 1:colcon.colcon_core.package_identification:_identify(/home/fede3751/Documents/git_repositories/IoT-Project-2024/resources/x3) by extension 'python'
[1.032s] Level 1:colcon.colcon_core.package_identification:_identify(/home/fede3751/Documents/git_repositories/IoT-Project-2024/resources/x3) by extensions ['python_setup_py']
[1.032s] Level 1:colcon.colcon_core.package_identification:_identify(/home/fede3751/Documents/git_repositories/IoT-Project-2024/resources/x3) by extension 'python_setup_py'
[1.032s] Level 1:colcon.colcon_core.package_identification:_identify(/home/fede3751/Documents/git_repositories/IoT-Project-2024/src) by extensions ['ignore', 'ignore_ament_install']
[1.032s] Level 1:colcon.colcon_core.package_identification:_identify(/home/fede3751/Documents/git_repositories/IoT-Project-2024/src) by extension 'ignore'
[1.032s] Level 1:colcon.colcon_core.package_identification:_identify(/home/fede3751/Documents/git_repositories/IoT-Project-2024/src) by extension 'ignore_ament_install'
[1.032s] Level 1:colcon.colcon_core.package_identification:_identify(/home/fede3751/Documents/git_repositories/IoT-Project-2024/src) by extensions ['colcon_pkg']
[1.032s] Level 1:colcon.colcon_core.package_identification:_identify(/home/fede3751/Documents/git_repositories/IoT-Project-2024/src) by extension 'colcon_pkg'
[1.032s] Level 1:colcon.colcon_core.package_identification:_identify(/home/fede3751/Documents/git_repositories/IoT-Project-2024/src) by extensions ['colcon_meta']
[1.032s] Level 1:colcon.colcon_core.package_identification:_identify(/home/fede3751/Documents/git_repositories/IoT-Project-2024/src) by extension 'colcon_meta'
[1.032s] Level 1:colcon.colcon_core.package_identification:_identify(/home/fede3751/Documents/git_repositories/IoT-Project-2024/src) by extensions ['ros']
[1.032s] Level 1:colcon.colcon_core.package_identification:_identify(/home/fede3751/Documents/git_repositories/IoT-Project-2024/src) by extension 'ros'
[1.033s] Level 1:colcon.colcon_core.package_identification:_identify(/home/fede3751/Documents/git_repositories/IoT-Project-2024/src) by extensions ['cmake', 'python']
[1.033s] Level 1:colcon.colcon_core.package_identification:_identify(/home/fede3751/Documents/git_repositories/IoT-Project-2024/src) by extension 'cmake'
[1.033s] Level 1:colcon.colcon_core.package_identification:_identify(/home/fede3751/Documents/git_repositories/IoT-Project-2024/src) by extension 'python'
[1.033s] Level 1:colcon.colcon_core.package_identification:_identify(/home/fede3751/Documents/git_repositories/IoT-Project-2024/src) by extensions ['python_setup_py']
[1.033s] Level 1:colcon.colcon_core.package_identification:_identify(/home/fede3751/Documents/git_repositories/IoT-Project-2024/src) by extension 'python_setup_py'
[1.033s] Level 1:colcon.colcon_core.package_identification:_identify(/home/fede3751/Documents/git_repositories/IoT-Project-2024/src/project_interfaces) by extensions ['ignore', 'ignore_ament_install']
[1.033s] Level 1:colcon.colcon_core.package_identification:_identify(/home/fede3751/Documents/git_repositories/IoT-Project-2024/src/project_interfaces) by extension 'ignore'
[1.033s] Level 1:colcon.colcon_core.package_identification:_identify(/home/fede3751/Documents/git_repositories/IoT-Project-2024/src/project_interfaces) by extension 'ignore_ament_install'
[1.033s] Level 1:colcon.colcon_core.package_identification:_identify(/home/fede3751/Documents/git_repositories/IoT-Project-2024/src/project_interfaces) by extensions ['colcon_pkg']
[1.033s] Level 1:colcon.colcon_core.package_identification:_identify(/home/fede3751/Documents/git_repositories/IoT-Project-2024/src/project_interfaces) by extension 'colcon_pkg'
[1.033s] Level 1:colcon.colcon_core.package_identification:_identify(/home/fede3751/Documents/git_repositories/IoT-Project-2024/src/project_interfaces) by extensions ['colcon_meta']
[1.033s] Level 1:colcon.colcon_core.package_identification:_identify(/home/fede3751/Documents/git_repositories/IoT-Project-2024/src/project_interfaces) by extension 'colcon_meta'
[1.033s] Level 1:colcon.colcon_core.package_identification:_identify(/home/fede3751/Documents/git_repositories/IoT-Project-2024/src/project_interfaces) by extensions ['ros']
[1.033s] Level 1:colcon.colcon_core.package_identification:_identify(/home/fede3751/Documents/git_repositories/IoT-Project-2024/src/project_interfaces) by extension 'ros'
[1.035s] DEBUG:colcon.colcon_core.package_identification:Package '/home/fede3751/Documents/git_repositories/IoT-Project-2024/src/project_interfaces' with type 'ros.ament_cmake' and name 'project_interfaces'
[1.035s] Level 1:colcon.colcon_core.package_identification:_identify(/home/fede3751/Documents/git_repositories/IoT-Project-2024/src/project_main) by extensions ['ignore', 'ignore_ament_install']
[1.035s] Level 1:colcon.colcon_core.package_identification:_identify(/home/fede3751/Documents/git_repositories/IoT-Project-2024/src/project_main) by extension 'ignore'
[1.035s] Level 1:colcon.colcon_core.package_identification:_identify(/home/fede3751/Documents/git_repositories/IoT-Project-2024/src/project_main) by extension 'ignore_ament_install'
[1.035s] Level 1:colcon.colcon_core.package_identification:_identify(/home/fede3751/Documents/git_repositories/IoT-Project-2024/src/project_main) by extensions ['colcon_pkg']
[1.035s] Level 1:colcon.colcon_core.package_identification:_identify(/home/fede3751/Documents/git_repositories/IoT-Project-2024/src/project_main) by extension 'colcon_pkg'
[1.035s] Level 1:colcon.colcon_core.package_identification:_identify(/home/fede3751/Documents/git_repositories/IoT-Project-2024/src/project_main) by extensions ['colcon_meta']
[1.035s] Level 1:colcon.colcon_core.package_identification:_identify(/home/fede3751/Documents/git_repositories/IoT-Project-2024/src/project_main) by extension 'colcon_meta'
[1.035s] Level 1:colcon.colcon_core.package_identification:_identify(/home/fede3751/Documents/git_repositories/IoT-Project-2024/src/project_main) by extensions ['ros']
[1.035s] Level 1:colcon.colcon_core.package_identification:_identify(/home/fede3751/Documents/git_repositories/IoT-Project-2024/src/project_main) by extension 'ros'
[1.036s] DEBUG:colcon.colcon_core.package_identification:Package '/home/fede3751/Documents/git_repositories/IoT-Project-2024/src/project_main' with type 'ros.ament_python' and name 'project_main'
[1.036s] Level 1:colcon.colcon_core.package_discovery:discover_packages(recursive) using defaults
