[  3%] Built target project_interfaces__cpp
[ 12%] Built target project_interfaces__rosidl_generator_c
[ 12%] Built target ament_cmake_python_copy_project_interfaces
[ 22%] Built target project_interfaces__rosidl_typesupport_cpp
[ 38%] Built target project_interfaces__rosidl_typesupport_introspection_c
[ 41%] Built target project_interfaces__rosidl_typesupport_c
[ 51%] Built target project_interfaces__rosidl_typesupport_fastrtps_cpp
[ 61%] Built target project_interfaces__rosidl_typesupport_introspection_cpp
[ 70%] Built target project_interfaces__rosidl_typesupport_fastrtps_c
[ 70%] Built target project_interfaces
[ 74%] Built target project_interfaces__py
[ 80%] Built target project_interfaces__rosidl_generator_py
[ 87%] Built target project_interfaces__rosidl_typesupport_introspection_c__pyext
[ 93%] Built target project_interfaces__rosidl_typesupport_fastrtps_c__pyext
[100%] Built target project_interfaces__rosidl_typesupport_c__pyext
running egg_info
writing project_interfaces.egg-info/PKG-INFO
writing dependency_links to project_interfaces.egg-info/dependency_links.txt
writing top-level names to project_interfaces.egg-info/top_level.txt
reading manifest file 'project_interfaces.egg-info/SOURCES.txt'
writing manifest file 'project_interfaces.egg-info/SOURCES.txt'
[100%] Built target ament_cmake_python_build_project_interfaces_egg
-- Install configuration: ""
-- Up-to-date: /home/fede3751/Documents/git_repositories/IoT-Project-2024/install/project_interfaces/share/ament_index/resource_index/rosidl_interfaces/project_interfaces
-- Up-to-date: /home/fede3751/Documents/git_repositories/IoT-Project-2024/install/project_interfaces/include/project_interfaces/project_interfaces
-- Up-to-date: /home/fede3751/Documents/git_repositories/IoT-Project-2024/install/project_interfaces/include/project_interfaces/project_interfaces/action
-- Up-to-date: /home/fede3751/Documents/git_repositories/IoT-Project-2024/install/project_interfaces/include/project_interfaces/project_interfaces/action/patrol.h
-- Up-to-date: /home/fede3751/Documents/git_repositories/IoT-Project-2024/install/project_interfaces/include/project_interfaces/project_interfaces/action/detail
-- Up-to-date: /home/fede3751/Documents/git_repositories/IoT-Project-2024/install/project_interfaces/include/project_interfaces/project_interfaces/action/detail/patrol__functions.c
-- Up-to-date: /home/fede3751/Documents/git_repositories/IoT-Project-2024/install/project_interfaces/include/project_interfaces/project_interfaces/action/detail/patrol__functions.h
-- Up-to-date: /home/fede3751/Documents/git_repositories/IoT-Project-2024/install/project_interfaces/include/project_interfaces/project_interfaces/action/detail/patrol__struct.h
-- Up-to-date: /home/fede3751/Documents/git_repositories/IoT-Project-2024/install/project_interfaces/include/project_interfaces/project_interfaces/action/detail/patrol__type_support.h
-- Up-to-date: /home/fede3751/Documents/git_repositories/IoT-Project-2024/install/project_interfaces/include/project_interfaces/project_interfaces/msg
-- Up-to-date: /home/fede3751/Documents/git_repositories/IoT-Project-2024/install/project_interfaces/include/project_interfaces/project_interfaces/msg/rosidl_generator_c__visibility_control.h
-- Up-to-date: /home/fede3751/Documents/git_repositories/IoT-Project-2024/install/project_interfaces/share/project_interfaces/environment/library_path.sh
-- Up-to-date: /home/fede3751/Documents/git_repositories/IoT-Project-2024/install/project_interfaces/share/project_interfaces/environment/library_path.dsv
-- Up-to-date: /home/fede3751/Documents/git_repositories/IoT-Project-2024/install/project_interfaces/lib/libproject_interfaces__rosidl_generator_c.so
-- Up-to-date: /home/fede3751/Documents/git_repositories/IoT-Project-2024/install/project_interfaces/include/project_interfaces/project_interfaces
-- Up-to-date: /home/fede3751/Documents/git_repositories/IoT-Project-2024/install/project_interfaces/include/project_interfaces/project_interfaces/action
-- Up-to-date: /home/fede3751/Documents/git_repositories/IoT-Project-2024/install/project_interfaces/include/project_interfaces/project_interfaces/action/detail
-- Up-to-date: /home/fede3751/Documents/git_repositories/IoT-Project-2024/install/project_interfaces/include/project_interfaces/project_interfaces/action/detail/patrol__rosidl_typesupport_fastrtps_c.h
-- Up-to-date: /home/fede3751/Documents/git_repositories/IoT-Project-2024/install/project_interfaces/include/project_interfaces/project_interfaces/msg
-- Up-to-date: /home/fede3751/Documents/git_repositories/IoT-Project-2024/install/project_interfaces/include/project_interfaces/project_interfaces/msg/rosidl_typesupport_fastrtps_c__visibility_control.h
-- Up-to-date: /home/fede3751/Documents/git_repositories/IoT-Project-2024/install/project_interfaces/lib/libproject_interfaces__rosidl_typesupport_fastrtps_c.so
-- Up-to-date: /home/fede3751/Documents/git_repositories/IoT-Project-2024/install/project_interfaces/include/project_interfaces/project_interfaces
-- Up-to-date: /home/fede3751/Documents/git_repositories/IoT-Project-2024/install/project_interfaces/include/project_interfaces/project_interfaces/action
-- Up-to-date: /home/fede3751/Documents/git_repositories/IoT-Project-2024/install/project_interfaces/include/project_interfaces/project_interfaces/action/detail
-- Up-to-date: /home/fede3751/Documents/git_repositories/IoT-Project-2024/install/project_interfaces/include/project_interfaces/project_interfaces/action/detail/patrol__rosidl_typesupport_introspection_c.h
-- Up-to-date: /home/fede3751/Documents/git_repositories/IoT-Project-2024/install/project_interfaces/include/project_interfaces/project_interfaces/action/detail/patrol__type_support.c
-- Up-to-date: /home/fede3751/Documents/git_repositories/IoT-Project-2024/install/project_interfaces/include/project_interfaces/project_interfaces/msg
-- Up-to-date: /home/fede3751/Documents/git_repositories/IoT-Project-2024/install/project_interfaces/include/project_interfaces/project_interfaces/msg/rosidl_typesupport_introspection_c__visibility_control.h
-- Up-to-date: /home/fede3751/Documents/git_repositories/IoT-Project-2024/install/project_interfaces/lib/libproject_interfaces__rosidl_typesupport_introspection_c.so
-- Up-to-date: /home/fede3751/Documents/git_repositories/IoT-Project-2024/install/project_interfaces/lib/libproject_interfaces__rosidl_typesupport_c.so
-- Up-to-date: /home/fede3751/Documents/git_repositories/IoT-Project-2024/install/project_interfaces/include/project_interfaces/project_interfaces
-- Up-to-date: /home/fede3751/Documents/git_repositories/IoT-Project-2024/install/project_interfaces/include/project_interfaces/project_interfaces/action
-- Up-to-date: /home/fede3751/Documents/git_repositories/IoT-Project-2024/install/project_interfaces/include/project_interfaces/project_interfaces/action/patrol.hpp
-- Up-to-date: /home/fede3751/Documents/git_repositories/IoT-Project-2024/install/project_interfaces/include/project_interfaces/project_interfaces/action/detail
-- Up-to-date: /home/fede3751/Documents/git_repositories/IoT-Project-2024/install/project_interfaces/include/project_interfaces/project_interfaces/action/detail/patrol__struct.hpp
-- Up-to-date: /home/fede3751/Documents/git_repositories/IoT-Project-2024/install/project_interfaces/include/project_interfaces/project_interfaces/action/detail/patrol__builder.hpp
-- Up-to-date: /home/fede3751/Documents/git_repositories/IoT-Project-2024/install/project_interfaces/include/project_interfaces/project_interfaces/action/detail/patrol__traits.hpp
-- Up-to-date: /home/fede3751/Documents/git_repositories/IoT-Project-2024/install/project_interfaces/include/project_interfaces/project_interfaces
-- Up-to-date: /home/fede3751/Documents/git_repositories/IoT-Project-2024/install/project_interfaces/include/project_interfaces/project_interfaces/action
-- Up-to-date: /home/fede3751/Documents/git_repositories/IoT-Project-2024/install/project_interfaces/include/project_interfaces/project_interfaces/action/detail
-- Up-to-date: /home/fede3751/Documents/git_repositories/IoT-Project-2024/install/project_interfaces/include/project_interfaces/project_interfaces/action/detail/dds_fastrtps
-- Up-to-date: /home/fede3751/Documents/git_repositories/IoT-Project-2024/install/project_interfaces/include/project_interfaces/project_interfaces/action/detail/patrol__rosidl_typesupport_fastrtps_cpp.hpp
-- Up-to-date: /home/fede3751/Documents/git_repositories/IoT-Project-2024/install/project_interfaces/include/project_interfaces/project_interfaces/msg
-- Up-to-date: /home/fede3751/Documents/git_repositories/IoT-Project-2024/install/project_interfaces/include/project_interfaces/project_interfaces/msg/rosidl_typesupport_fastrtps_cpp__visibility_control.h
-- Up-to-date: /home/fede3751/Documents/git_repositories/IoT-Project-2024/install/project_interfaces/lib/libproject_interfaces__rosidl_typesupport_fastrtps_cpp.so
-- Up-to-date: /home/fede3751/Documents/git_repositories/IoT-Project-2024/install/project_interfaces/include/project_interfaces/project_interfaces
-- Up-to-date: /home/fede3751/Documents/git_repositories/IoT-Project-2024/install/project_interfaces/include/project_interfaces/project_interfaces/action
-- Up-to-date: /home/fede3751/Documents/git_repositories/IoT-Project-2024/install/project_interfaces/include/project_interfaces/project_interfaces/action/detail
-- Up-to-date: /home/fede3751/Documents/git_repositories/IoT-Project-2024/install/project_interfaces/include/project_interfaces/project_interfaces/action/detail/patrol__type_support.cpp
-- Up-to-date: /home/fede3751/Documents/git_repositories/IoT-Project-2024/install/project_interfaces/include/project_interfaces/project_interfaces/action/detail/patrol__rosidl_typesupport_introspection_cpp.hpp
-- Up-to-date: /home/fede3751/Documents/git_repositories/IoT-Project-2024/install/project_interfaces/lib/libproject_interfaces__rosidl_typesupport_introspection_cpp.so
-- Up-to-date: /home/fede3751/Documents/git_repositories/IoT-Project-2024/install/project_interfaces/lib/libproject_interfaces__rosidl_typesupport_cpp.so
-- Up-to-date: /home/fede3751/Documents/git_repositories/IoT-Project-2024/install/project_interfaces/share/project_interfaces/environment/pythonpath.sh
-- Up-to-date: /home/fede3751/Documents/git_repositories/IoT-Project-2024/install/project_interfaces/share/project_interfaces/environment/pythonpath.dsv
-- Up-to-date: /home/fede3751/Documents/git_repositories/IoT-Project-2024/install/project_interfaces/local/lib/python3.10/dist-packages/project_interfaces-1.0.0-py3.10.egg-info
-- Installing: /home/fede3751/Documents/git_repositories/IoT-Project-2024/install/project_interfaces/local/lib/python3.10/dist-packages/project_interfaces-1.0.0-py3.10.egg-info/dependency_links.txt
-- Installing: /home/fede3751/Documents/git_repositories/IoT-Project-2024/install/project_interfaces/local/lib/python3.10/dist-packages/project_interfaces-1.0.0-py3.10.egg-info/PKG-INFO
-- Installing: /home/fede3751/Documents/git_repositories/IoT-Project-2024/install/project_interfaces/local/lib/python3.10/dist-packages/project_interfaces-1.0.0-py3.10.egg-info/top_level.txt
-- Installing: /home/fede3751/Documents/git_repositories/IoT-Project-2024/install/project_interfaces/local/lib/python3.10/dist-packages/project_interfaces-1.0.0-py3.10.egg-info/SOURCES.txt
-- Up-to-date: /home/fede3751/Documents/git_repositories/IoT-Project-2024/install/project_interfaces/local/lib/python3.10/dist-packages/project_interfaces
-- Up-to-date: /home/fede3751/Documents/git_repositories/IoT-Project-2024/install/project_interfaces/local/lib/python3.10/dist-packages/project_interfaces/__init__.py
-- Up-to-date: /home/fede3751/Documents/git_repositories/IoT-Project-2024/install/project_interfaces/local/lib/python3.10/dist-packages/project_interfaces/_project_interfaces_s.ep.rosidl_typesupport_c.c
-- Up-to-date: /home/fede3751/Documents/git_repositories/IoT-Project-2024/install/project_interfaces/local/lib/python3.10/dist-packages/project_interfaces/action
-- Up-to-date: /home/fede3751/Documents/git_repositories/IoT-Project-2024/install/project_interfaces/local/lib/python3.10/dist-packages/project_interfaces/action/__init__.py
-- Up-to-date: /home/fede3751/Documents/git_repositories/IoT-Project-2024/install/project_interfaces/local/lib/python3.10/dist-packages/project_interfaces/action/_patrol_s.c
-- Up-to-date: /home/fede3751/Documents/git_repositories/IoT-Project-2024/install/project_interfaces/local/lib/python3.10/dist-packages/project_interfaces/action/_patrol.py
-- Up-to-date: /home/fede3751/Documents/git_repositories/IoT-Project-2024/install/project_interfaces/local/lib/python3.10/dist-packages/project_interfaces/project_interfaces_s__rosidl_typesupport_c.cpython-310-x86_64-linux-gnu.so
-- Up-to-date: /home/fede3751/Documents/git_repositories/IoT-Project-2024/install/project_interfaces/local/lib/python3.10/dist-packages/project_interfaces/_project_interfaces_s.ep.rosidl_typesupport_introspection_c.c
-- Up-to-date: /home/fede3751/Documents/git_repositories/IoT-Project-2024/install/project_interfaces/local/lib/python3.10/dist-packages/project_interfaces/_project_interfaces_s.ep.rosidl_typesupport_fastrtps_c.c
-- Up-to-date: /home/fede3751/Documents/git_repositories/IoT-Project-2024/install/project_interfaces/local/lib/python3.10/dist-packages/project_interfaces/project_interfaces_s__rosidl_typesupport_introspection_c.cpython-310-x86_64-linux-gnu.so
-- Up-to-date: /home/fede3751/Documents/git_repositories/IoT-Project-2024/install/project_interfaces/local/lib/python3.10/dist-packages/project_interfaces/libproject_interfaces__rosidl_generator_py.so
-- Up-to-date: /home/fede3751/Documents/git_repositories/IoT-Project-2024/install/project_interfaces/local/lib/python3.10/dist-packages/project_interfaces/project_interfaces_s__rosidl_typesupport_fastrtps_c.cpython-310-x86_64-linux-gnu.so
Listing '/home/fede3751/Documents/git_repositories/IoT-Project-2024/install/project_interfaces/local/lib/python3.10/dist-packages/project_interfaces'...
Listing '/home/fede3751/Documents/git_repositories/IoT-Project-2024/install/project_interfaces/local/lib/python3.10/dist-packages/project_interfaces/action'...
-- Up-to-date: /home/fede3751/Documents/git_repositories/IoT-Project-2024/install/project_interfaces/local/lib/python3.10/dist-packages/project_interfaces/project_interfaces_s__rosidl_typesupport_fastrtps_c.cpython-310-x86_64-linux-gnu.so
-- Up-to-date: /home/fede3751/Documents/git_repositories/IoT-Project-2024/install/project_interfaces/local/lib/python3.10/dist-packages/project_interfaces/project_interfaces_s__rosidl_typesupport_introspection_c.cpython-310-x86_64-linux-gnu.so
-- Up-to-date: /home/fede3751/Documents/git_repositories/IoT-Project-2024/install/project_interfaces/local/lib/python3.10/dist-packages/project_interfaces/project_interfaces_s__rosidl_typesupport_c.cpython-310-x86_64-linux-gnu.so
-- Up-to-date: /home/fede3751/Documents/git_repositories/IoT-Project-2024/install/project_interfaces/lib/libproject_interfaces__rosidl_generator_py.so
-- Up-to-date: /home/fede3751/Documents/git_repositories/IoT-Project-2024/install/project_interfaces/share/project_interfaces/action/Patrol.idl
-- Up-to-date: /home/fede3751/Documents/git_repositories/IoT-Project-2024/install/project_interfaces/share/project_interfaces/action/Patrol.action
-- Up-to-date: /home/fede3751/Documents/git_repositories/IoT-Project-2024/install/project_interfaces/share/ament_index/resource_index/package_run_dependencies/project_interfaces
-- Up-to-date: /home/fede3751/Documents/git_repositories/IoT-Project-2024/install/project_interfaces/share/ament_index/resource_index/parent_prefix_path/project_interfaces
-- Up-to-date: /home/fede3751/Documents/git_repositories/IoT-Project-2024/install/project_interfaces/share/project_interfaces/environment/ament_prefix_path.sh
-- Up-to-date: /home/fede3751/Documents/git_repositories/IoT-Project-2024/install/project_interfaces/share/project_interfaces/environment/ament_prefix_path.dsv
-- Up-to-date: /home/fede3751/Documents/git_repositories/IoT-Project-2024/install/project_interfaces/share/project_interfaces/environment/path.sh
-- Up-to-date: /home/fede3751/Documents/git_repositories/IoT-Project-2024/install/project_interfaces/share/project_interfaces/environment/path.dsv
-- Up-to-date: /home/fede3751/Documents/git_repositories/IoT-Project-2024/install/project_interfaces/share/project_interfaces/local_setup.bash
-- Up-to-date: /home/fede3751/Documents/git_repositories/IoT-Project-2024/install/project_interfaces/share/project_interfaces/local_setup.sh
-- Up-to-date: /home/fede3751/Documents/git_repositories/IoT-Project-2024/install/project_interfaces/share/project_interfaces/local_setup.zsh
-- Up-to-date: /home/fede3751/Documents/git_repositories/IoT-Project-2024/install/project_interfaces/share/project_interfaces/local_setup.dsv
-- Installing: /home/fede3751/Documents/git_repositories/IoT-Project-2024/install/project_interfaces/share/project_interfaces/package.dsv
-- Up-to-date: /home/fede3751/Documents/git_repositories/IoT-Project-2024/install/project_interfaces/share/ament_index/resource_index/packages/project_interfaces
-- Up-to-date: /home/fede3751/Documents/git_repositories/IoT-Project-2024/install/project_interfaces/share/project_interfaces/cmake/export_project_interfaces__rosidl_generator_cExport.cmake
-- Up-to-date: /home/fede3751/Documents/git_repositories/IoT-Project-2024/install/project_interfaces/share/project_interfaces/cmake/export_project_interfaces__rosidl_generator_cExport-noconfig.cmake
-- Up-to-date: /home/fede3751/Documents/git_repositories/IoT-Project-2024/install/project_interfaces/share/project_interfaces/cmake/export_project_interfaces__rosidl_typesupport_fastrtps_cExport.cmake
-- Up-to-date: /home/fede3751/Documents/git_repositories/IoT-Project-2024/install/project_interfaces/share/project_interfaces/cmake/export_project_interfaces__rosidl_typesupport_fastrtps_cExport-noconfig.cmake
-- Up-to-date: /home/fede3751/Documents/git_repositories/IoT-Project-2024/install/project_interfaces/share/project_interfaces/cmake/project_interfaces__rosidl_typesupport_introspection_cExport.cmake
-- Up-to-date: /home/fede3751/Documents/git_repositories/IoT-Project-2024/install/project_interfaces/share/project_interfaces/cmake/project_interfaces__rosidl_typesupport_introspection_cExport-noconfig.cmake
-- Up-to-date: /home/fede3751/Documents/git_repositories/IoT-Project-2024/install/project_interfaces/share/project_interfaces/cmake/project_interfaces__rosidl_typesupport_cExport.cmake
-- Up-to-date: /home/fede3751/Documents/git_repositories/IoT-Project-2024/install/project_interfaces/share/project_interfaces/cmake/project_interfaces__rosidl_typesupport_cExport-noconfig.cmake
-- Up-to-date: /home/fede3751/Documents/git_repositories/IoT-Project-2024/install/project_interfaces/share/project_interfaces/cmake/export_project_interfaces__rosidl_generator_cppExport.cmake
-- Up-to-date: /home/fede3751/Documents/git_repositories/IoT-Project-2024/install/project_interfaces/share/project_interfaces/cmake/export_project_interfaces__rosidl_typesupport_fastrtps_cppExport.cmake
-- Up-to-date: /home/fede3751/Documents/git_repositories/IoT-Project-2024/install/project_interfaces/share/project_interfaces/cmake/export_project_interfaces__rosidl_typesupport_fastrtps_cppExport-noconfig.cmake
-- Up-to-date: /home/fede3751/Documents/git_repositories/IoT-Project-2024/install/project_interfaces/share/project_interfaces/cmake/project_interfaces__rosidl_typesupport_introspection_cppExport.cmake
-- Up-to-date: /home/fede3751/Documents/git_repositories/IoT-Project-2024/install/project_interfaces/share/project_interfaces/cmake/project_interfaces__rosidl_typesupport_introspection_cppExport-noconfig.cmake
-- Up-to-date: /home/fede3751/Documents/git_repositories/IoT-Project-2024/install/project_interfaces/share/project_interfaces/cmake/project_interfaces__rosidl_typesupport_cppExport.cmake
-- Up-to-date: /home/fede3751/Documents/git_repositories/IoT-Project-2024/install/project_interfaces/share/project_interfaces/cmake/project_interfaces__rosidl_typesupport_cppExport-noconfig.cmake
-- Up-to-date: /home/fede3751/Documents/git_repositories/IoT-Project-2024/install/project_interfaces/share/project_interfaces/cmake/export_project_interfaces__rosidl_generator_pyExport.cmake
-- Up-to-date: /home/fede3751/Documents/git_repositories/IoT-Project-2024/install/project_interfaces/share/project_interfaces/cmake/export_project_interfaces__rosidl_generator_pyExport-noconfig.cmake
-- Up-to-date: /home/fede3751/Documents/git_repositories/IoT-Project-2024/install/project_interfaces/share/project_interfaces/cmake/rosidl_cmake-extras.cmake
-- Up-to-date: /home/fede3751/Documents/git_repositories/IoT-Project-2024/install/project_interfaces/share/project_interfaces/cmake/ament_cmake_export_dependencies-extras.cmake
-- Up-to-date: /home/fede3751/Documents/git_repositories/IoT-Project-2024/install/project_interfaces/share/project_interfaces/cmake/ament_cmake_export_include_directories-extras.cmake
-- Up-to-date: /home/fede3751/Documents/git_repositories/IoT-Project-2024/install/project_interfaces/share/project_interfaces/cmake/ament_cmake_export_libraries-extras.cmake
-- Up-to-date: /home/fede3751/Documents/git_repositories/IoT-Project-2024/install/project_interfaces/share/project_interfaces/cmake/ament_cmake_export_targets-extras.cmake
-- Up-to-date: /home/fede3751/Documents/git_repositories/IoT-Project-2024/install/project_interfaces/share/project_interfaces/cmake/rosidl_cmake_export_typesupport_targets-extras.cmake
-- Up-to-date: /home/fede3751/Documents/git_repositories/IoT-Project-2024/install/project_interfaces/share/project_interfaces/cmake/rosidl_cmake_export_typesupport_libraries-extras.cmake
-- Up-to-date: /home/fede3751/Documents/git_repositories/IoT-Project-2024/install/project_interfaces/share/project_interfaces/cmake/project_interfacesConfig.cmake
-- Up-to-date: /home/fede3751/Documents/git_repositories/IoT-Project-2024/install/project_interfaces/share/project_interfaces/cmake/project_interfacesConfig-version.cmake
-- Up-to-date: /home/fede3751/Documents/git_repositories/IoT-Project-2024/install/project_interfaces/share/project_interfaces/package.xml
