[0.901s] Invoking command in '/home/fede3751/Documents/git_repositories/IoT-Project-2024/src/project_main': PYTHONPATH=/home/fede3751/Documents/git_repositories/IoT-Project-2024/build/project_main/prefix_override:/home/fede3751/Documents/git_repositories/IoT-Project-2024/install/project_main/lib/python3.10/site-packages:${PYTHONPATH} /usr/bin/python3 setup.py egg_info --egg-base ../../build/project_main build --build-base /home/fede3751/Documents/git_repositories/IoT-Project-2024/build/project_main/build install --record /home/fede3751/Documents/git_repositories/IoT-Project-2024/build/project_main/install.log --single-version-externally-managed
[1.113s] running egg_info
[1.235s] writing ../../build/project_main/project_main.egg-info/PKG-INFO
[1.235s] writing dependency_links to ../../build/project_main/project_main.egg-info/dependency_links.txt
[1.235s] writing entry points to ../../build/project_main/project_main.egg-info/entry_points.txt
[1.235s] writing requirements to ../../build/project_main/project_main.egg-info/requires.txt
[1.235s] writing top-level names to ../../build/project_main/project_main.egg-info/top_level.txt
[1.269s] reading manifest file '../../build/project_main/project_main.egg-info/SOURCES.txt'
[1.270s] writing manifest file '../../build/project_main/project_main.egg-info/SOURCES.txt'
[1.270s] running build
[1.270s] running build_py
[1.270s] copying project_main/simulation_manager.py -> /home/fede3751/Documents/git_repositories/IoT-Project-2024/build/project_main/build/lib/project_main
[1.271s] running install
[1.271s] /home/fede3751/.local/lib/python3.10/site-packages/setuptools/command/install.py:34: SetuptoolsDeprecationWarning: setup.py install is deprecated. Use build and pip and other standards-based tools.
[1.271s]   warnings.warn(
[1.275s] running install_lib
[1.293s] copying /home/fede3751/Documents/git_repositories/IoT-Project-2024/build/project_main/build/lib/project_main/simulation_manager.py -> /home/fede3751/Documents/git_repositories/IoT-Project-2024/install/project_main/lib/python3.10/site-packages/project_main
[1.293s] byte-compiling /home/fede3751/Documents/git_repositories/IoT-Project-2024/install/project_main/lib/python3.10/site-packages/project_main/simulation_manager.py to simulation_manager.cpython-310.pyc
[1.294s] running install_data
[1.310s] running install_egg_info
[1.327s] removing '/home/fede3751/Documents/git_repositories/IoT-Project-2024/install/project_main/lib/python3.10/site-packages/project_main-0.0.0-py3.10.egg-info' (and everything under it)
[1.327s] Copying ../../build/project_main/project_main.egg-info to /home/fede3751/Documents/git_repositories/IoT-Project-2024/install/project_main/lib/python3.10/site-packages/project_main-0.0.0-py3.10.egg-info
[1.328s] running install_scripts
[1.392s] Installing balloon_controller script to /home/fede3751/Documents/git_repositories/IoT-Project-2024/install/project_main/lib/project_main
[1.392s] Installing sensor_controller script to /home/fede3751/Documents/git_repositories/IoT-Project-2024/install/project_main/lib/project_main
[1.392s] Installing simulation_manager script to /home/fede3751/Documents/git_repositories/IoT-Project-2024/install/project_main/lib/project_main
[1.392s] writing list of installed files to '/home/fede3751/Documents/git_repositories/IoT-Project-2024/build/project_main/install.log'
[1.414s] Invoked command in '/home/fede3751/Documents/git_repositories/IoT-Project-2024/src/project_main' returned '0': PYTHONPATH=/home/fede3751/Documents/git_repositories/IoT-Project-2024/build/project_main/prefix_override:/home/fede3751/Documents/git_repositories/IoT-Project-2024/install/project_main/lib/python3.10/site-packages:${PYTHONPATH} /usr/bin/python3 setup.py egg_info --egg-base ../../build/project_main build --build-base /home/fede3751/Documents/git_repositories/IoT-Project-2024/build/project_main/build install --record /home/fede3751/Documents/git_repositories/IoT-Project-2024/build/project_main/install.log --single-version-externally-managed
