[0.188s] Invoking command in '/home/fede3751/Documents/git_repositories/IoT-Project-2024/build/project_interfaces': CMAKE_PREFIX_PATH=/opt/ros/humble /home/fede3751/.local/bin/cmake --build /home/fede3751/Documents/git_repositories/IoT-Project-2024/build/project_interfaces -- -j16 -l16
[0.234s] -- Found ament_cmake: 1.3.6 (/opt/ros/humble/share/ament_cmake/cmake)
[0.346s] -- Found rosidl_default_generators: 1.2.0 (/opt/ros/humble/share/rosidl_default_generators/cmake)
[0.348s] -- Using all available rosidl_typesupport_c: rosidl_typesupport_fastrtps_c;rosidl_typesupport_introspection_c
[0.351s] -- Found rosidl_adapter: 3.1.5 (/opt/ros/humble/share/rosidl_adapter/cmake)
[0.394s] -- Using all available rosidl_typesupport_cpp: rosidl_typesupport_fastrtps_cpp;rosidl_typesupport_introspection_cpp
[0.436s] -- Found geometry_msgs: 4.2.3 (/opt/ros/humble/share/geometry_msgs/cmake)
[0.865s] -- Found ament_cmake_ros: 0.10.0 (/opt/ros/humble/share/ament_cmake_ros/cmake)
[1.033s] -- Using all available rosidl_typesupport_c: rosidl_typesupport_fastrtps_c;rosidl_typesupport_introspection_c
[1.283s] -- Using all available rosidl_typesupport_cpp: rosidl_typesupport_fastrtps_cpp;rosidl_typesupport_introspection_cpp
[1.308s] -- Found PythonInterp: /usr/bin/python3 (found suitable version "3.10.12", minimum required is "3.6") 
[1.310s] -- Found python_cmake_module: 0.10.0 (/opt/ros/humble/share/python_cmake_module/cmake)
[1.341s] -- Found PythonLibs: /usr/lib/x86_64-linux-gnu/libpython3.10.so (found suitable version "3.10.12", minimum required is "3.5") 
[1.341s] -- Using PYTHON_EXECUTABLE: /usr/bin/python3
[1.341s] -- Using PYTHON_INCLUDE_DIRS: /usr/include/python3.10
[1.341s] -- Using PYTHON_LIBRARIES: /usr/lib/x86_64-linux-gnu/libpython3.10.so
[1.366s] -- Found PythonExtra: .so  
[1.440s] -- Found ament_lint_auto: 0.12.9 (/opt/ros/humble/share/ament_lint_auto/cmake)
[1.450s] -- Added test 'lint_cmake' to check CMake code style
[1.451s] -- Added test 'xmllint' to check XML markup files
[1.453s] -- Configuring done (1.2s)
[1.495s] -- Generating done (0.0s)
[1.498s] -- Build files have been written to: /home/fede3751/Documents/git_repositories/IoT-Project-2024/build/project_interfaces
[1.516s] [  3%] [34m[1mGenerating C code for ROS interfaces[0m
[1.518s] [  6%] [34m[1mGenerating C++ code for ROS interfaces[0m
[1.521s] [  6%] Built target ament_cmake_python_copy_project_interfaces
[1.738s] running egg_info
[1.739s] creating project_interfaces.egg-info
[1.898s] writing project_interfaces.egg-info/PKG-INFO
[1.898s] writing dependency_links to project_interfaces.egg-info/dependency_links.txt
[1.898s] writing top-level names to project_interfaces.egg-info/top_level.txt
[1.898s] writing manifest file 'project_interfaces.egg-info/SOURCES.txt'
[1.956s] reading manifest file 'project_interfaces.egg-info/SOURCES.txt'
[1.956s] writing manifest file 'project_interfaces.egg-info/SOURCES.txt'
[1.960s] [  6%] Built target project_interfaces__cpp
[1.967s] [ 12%] [34m[1mGenerating C++ type support for eProsima Fast-RTPS[0m
[1.967s] [ 12%] [34m[1mGenerating C++ type support dispatch for ROS interfaces[0m
[1.968s] [ 16%] [34m[1mGenerating C++ introspection for ROS interfaces[0m
[1.991s] [ 16%] Built target ament_cmake_python_build_project_interfaces_egg
[2.081s] [ 19%] [32mBuilding C object CMakeFiles/project_interfaces__rosidl_generator_c.dir/rosidl_generator_c/project_interfaces/action/detail/patrol__functions.c.o[0m
[2.203s] [ 22%] [32m[1mLinking C shared library libproject_interfaces__rosidl_generator_c.so[0m
[2.229s] [ 22%] Built target project_interfaces__rosidl_generator_c
[2.235s] [ 29%] [34m[1mGenerating C type support for eProsima Fast-RTPS[0m
[2.235s] [ 29%] [34m[1mGenerating C type support dispatch for ROS interfaces[0m
[2.235s] [ 32%] [34m[1mGenerating C introspection for ROS interfaces[0m
[2.252s] [ 35%] [32mBuilding CXX object CMakeFiles/project_interfaces__rosidl_typesupport_cpp.dir/rosidl_typesupport_cpp/project_interfaces/action/patrol__type_support.cpp.o[0m
[2.339s] [ 38%] [32mBuilding CXX object CMakeFiles/project_interfaces__rosidl_typesupport_introspection_cpp.dir/rosidl_typesupport_introspection_cpp/project_interfaces/action/detail/patrol__type_support.cpp.o[0m
[2.393s] [ 41%] [32mBuilding CXX object CMakeFiles/project_interfaces__rosidl_typesupport_fastrtps_cpp.dir/rosidl_typesupport_fastrtps_cpp/project_interfaces/action/detail/dds_fastrtps/patrol__type_support.cpp.o[0m
[2.534s] [ 45%] [32mBuilding CXX object CMakeFiles/project_interfaces__rosidl_typesupport_c.dir/rosidl_typesupport_c/project_interfaces/action/patrol__type_support.cpp.o[0m
[2.579s] [ 48%] [32m[1mLinking CXX shared library libproject_interfaces__rosidl_typesupport_c.so[0m
[2.612s] [ 48%] Built target project_interfaces__rosidl_typesupport_c
[2.702s] [ 51%] [32mBuilding C object CMakeFiles/project_interfaces__rosidl_typesupport_introspection_c.dir/rosidl_typesupport_introspection_c/project_interfaces/action/detail/patrol__type_support.c.o[0m
[2.731s] [ 54%] [32mBuilding CXX object CMakeFiles/project_interfaces__rosidl_typesupport_fastrtps_c.dir/rosidl_typesupport_fastrtps_c/project_interfaces/action/detail/patrol__type_support_c.cpp.o[0m
[2.751s] [ 58%] [32m[1mLinking C shared library libproject_interfaces__rosidl_typesupport_introspection_c.so[0m
[2.772s] [ 58%] Built target project_interfaces__rosidl_typesupport_introspection_c
[2.894s] [ 61%] [32m[1mLinking CXX shared library libproject_interfaces__rosidl_typesupport_cpp.so[0m
[2.921s] [ 61%] Built target project_interfaces__rosidl_typesupport_cpp
[3.023s] [ 64%] [32m[1mLinking CXX shared library libproject_interfaces__rosidl_typesupport_fastrtps_cpp.so[0m
[3.091s] [ 64%] Built target project_interfaces__rosidl_typesupport_fastrtps_cpp
[3.098s] [ 67%] [32m[1mLinking CXX shared library libproject_interfaces__rosidl_typesupport_introspection_cpp.so[0m
[3.139s] [ 70%] [32m[1mLinking CXX shared library libproject_interfaces__rosidl_typesupport_fastrtps_c.so[0m
[3.159s] [ 70%] Built target project_interfaces__rosidl_typesupport_introspection_cpp
[3.204s] [ 70%] Built target project_interfaces__rosidl_typesupport_fastrtps_c
[3.212s] [ 70%] Built target project_interfaces
[3.220s] [ 74%] [34m[1mGenerating Python code for ROS interfaces[0m
[3.948s] [ 74%] Built target project_interfaces__py
[3.954s] [ 77%] [32mBuilding C object CMakeFiles/project_interfaces__rosidl_generator_py.dir/rosidl_generator_py/project_interfaces/action/_patrol_s.c.o[0m
[4.073s] [ 80%] [32m[1mLinking C shared library rosidl_generator_py/project_interfaces/libproject_interfaces__rosidl_generator_py.so[0m
[4.104s] [ 80%] Built target project_interfaces__rosidl_generator_py
[4.113s] [ 87%] [32mBuilding C object CMakeFiles/project_interfaces__rosidl_typesupport_introspection_c__pyext.dir/rosidl_generator_py/project_interfaces/_project_interfaces_s.ep.rosidl_typesupport_introspection_c.c.o[0m
[4.113s] [ 87%] [32mBuilding C object CMakeFiles/project_interfaces__rosidl_typesupport_c__pyext.dir/rosidl_generator_py/project_interfaces/_project_interfaces_s.ep.rosidl_typesupport_c.c.o[0m
[4.113s] [ 90%] [32mBuilding C object CMakeFiles/project_interfaces__rosidl_typesupport_fastrtps_c__pyext.dir/rosidl_generator_py/project_interfaces/_project_interfaces_s.ep.rosidl_typesupport_fastrtps_c.c.o[0m
[4.219s] [ 96%] [32m[1mLinking C shared library rosidl_generator_py/project_interfaces/project_interfaces_s__rosidl_typesupport_fastrtps_c.cpython-310-x86_64-linux-gnu.so[0m
[4.219s] [ 96%] [32m[1mLinking C shared library rosidl_generator_py/project_interfaces/project_interfaces_s__rosidl_typesupport_c.cpython-310-x86_64-linux-gnu.so[0m
[4.241s] [100%] [32m[1mLinking C shared library rosidl_generator_py/project_interfaces/project_interfaces_s__rosidl_typesupport_introspection_c.cpython-310-x86_64-linux-gnu.so[0m
[4.252s] [100%] Built target project_interfaces__rosidl_typesupport_fastrtps_c__pyext
[4.253s] [100%] Built target project_interfaces__rosidl_typesupport_c__pyext
[4.271s] [100%] Built target project_interfaces__rosidl_typesupport_introspection_c__pyext
[4.280s] Invoked command in '/home/fede3751/Documents/git_repositories/IoT-Project-2024/build/project_interfaces' returned '0': CMAKE_PREFIX_PATH=/opt/ros/humble /home/fede3751/.local/bin/cmake --build /home/fede3751/Documents/git_repositories/IoT-Project-2024/build/project_interfaces -- -j16 -l16
[4.383s] Invoking command in '/home/fede3751/Documents/git_repositories/IoT-Project-2024/build/project_interfaces': CMAKE_PREFIX_PATH=/opt/ros/humble /home/fede3751/.local/bin/cmake --install /home/fede3751/Documents/git_repositories/IoT-Project-2024/build/project_interfaces
[4.408s] -- Install configuration: ""
[4.408s] -- Installing: /home/fede3751/Documents/git_repositories/IoT-Project-2024/install/project_interfaces/share/ament_index/resource_index/rosidl_interfaces/project_interfaces
[4.408s] -- Installing: /home/fede3751/Documents/git_repositories/IoT-Project-2024/install/project_interfaces/include/project_interfaces/project_interfaces
[4.409s] -- Installing: /home/fede3751/Documents/git_repositories/IoT-Project-2024/install/project_interfaces/include/project_interfaces/project_interfaces/action
[4.409s] -- Installing: /home/fede3751/Documents/git_repositories/IoT-Project-2024/install/project_interfaces/include/project_interfaces/project_interfaces/action/patrol.h
[4.409s] -- Installing: /home/fede3751/Documents/git_repositories/IoT-Project-2024/install/project_interfaces/include/project_interfaces/project_interfaces/action/detail
[4.409s] -- Installing: /home/fede3751/Documents/git_repositories/IoT-Project-2024/install/project_interfaces/include/project_interfaces/project_interfaces/action/detail/patrol__functions.c
[4.409s] -- Installing: /home/fede3751/Documents/git_repositories/IoT-Project-2024/install/project_interfaces/include/project_interfaces/project_interfaces/action/detail/patrol__functions.h
[4.409s] -- Installing: /home/fede3751/Documents/git_repositories/IoT-Project-2024/install/project_interfaces/include/project_interfaces/project_interfaces/action/detail/patrol__struct.h
[4.409s] -- Installing: /home/fede3751/Documents/git_repositories/IoT-Project-2024/install/project_interfaces/include/project_interfaces/project_interfaces/action/detail/patrol__type_support.h
[4.410s] -- Installing: /home/fede3751/Documents/git_repositories/IoT-Project-2024/install/project_interfaces/include/project_interfaces/project_interfaces/msg
[4.410s] -- Installing: /home/fede3751/Documents/git_repositories/IoT-Project-2024/install/project_interfaces/include/project_interfaces/project_interfaces/msg/rosidl_generator_c__visibility_control.h
[4.410s] -- Installing: /home/fede3751/Documents/git_repositories/IoT-Project-2024/install/project_interfaces/share/project_interfaces/environment/library_path.sh
[4.410s] -- Installing: /home/fede3751/Documents/git_repositories/IoT-Project-2024/install/project_interfaces/share/project_interfaces/environment/library_path.dsv
[4.410s] -- Installing: /home/fede3751/Documents/git_repositories/IoT-Project-2024/install/project_interfaces/lib/libproject_interfaces__rosidl_generator_c.so
[4.410s] -- Set runtime path of "/home/fede3751/Documents/git_repositories/IoT-Project-2024/install/project_interfaces/lib/libproject_interfaces__rosidl_generator_c.so" to ""
[4.411s] -- Up-to-date: /home/fede3751/Documents/git_repositories/IoT-Project-2024/install/project_interfaces/include/project_interfaces/project_interfaces
[4.411s] -- Up-to-date: /home/fede3751/Documents/git_repositories/IoT-Project-2024/install/project_interfaces/include/project_interfaces/project_interfaces/action
[4.411s] -- Up-to-date: /home/fede3751/Documents/git_repositories/IoT-Project-2024/install/project_interfaces/include/project_interfaces/project_interfaces/action/detail
[4.411s] -- Installing: /home/fede3751/Documents/git_repositories/IoT-Project-2024/install/project_interfaces/include/project_interfaces/project_interfaces/action/detail/patrol__rosidl_typesupport_fastrtps_c.h
[4.411s] -- Up-to-date: /home/fede3751/Documents/git_repositories/IoT-Project-2024/install/project_interfaces/include/project_interfaces/project_interfaces/msg
[4.411s] -- Installing: /home/fede3751/Documents/git_repositories/IoT-Project-2024/install/project_interfaces/include/project_interfaces/project_interfaces/msg/rosidl_typesupport_fastrtps_c__visibility_control.h
[4.411s] -- Installing: /home/fede3751/Documents/git_repositories/IoT-Project-2024/install/project_interfaces/lib/libproject_interfaces__rosidl_typesupport_fastrtps_c.so
[4.411s] -- Set runtime path of "/home/fede3751/Documents/git_repositories/IoT-Project-2024/install/project_interfaces/lib/libproject_interfaces__rosidl_typesupport_fastrtps_c.so" to ""
[4.411s] -- Up-to-date: /home/fede3751/Documents/git_repositories/IoT-Project-2024/install/project_interfaces/include/project_interfaces/project_interfaces
[4.411s] -- Up-to-date: /home/fede3751/Documents/git_repositories/IoT-Project-2024/install/project_interfaces/include/project_interfaces/project_interfaces/action
[4.411s] -- Up-to-date: /home/fede3751/Documents/git_repositories/IoT-Project-2024/install/project_interfaces/include/project_interfaces/project_interfaces/action/detail
[4.411s] -- Installing: /home/fede3751/Documents/git_repositories/IoT-Project-2024/install/project_interfaces/include/project_interfaces/project_interfaces/action/detail/patrol__rosidl_typesupport_introspection_c.h
[4.411s] -- Installing: /home/fede3751/Documents/git_repositories/IoT-Project-2024/install/project_interfaces/include/project_interfaces/project_interfaces/action/detail/patrol__type_support.c
[4.412s] -- Up-to-date: /home/fede3751/Documents/git_repositories/IoT-Project-2024/install/project_interfaces/include/project_interfaces/project_interfaces/msg
[4.412s] -- Installing: /home/fede3751/Documents/git_repositories/IoT-Project-2024/install/project_interfaces/include/project_interfaces/project_interfaces/msg/rosidl_typesupport_introspection_c__visibility_control.h
[4.412s] -- Installing: /home/fede3751/Documents/git_repositories/IoT-Project-2024/install/project_interfaces/lib/libproject_interfaces__rosidl_typesupport_introspection_c.so
[4.412s] -- Set runtime path of "/home/fede3751/Documents/git_repositories/IoT-Project-2024/install/project_interfaces/lib/libproject_interfaces__rosidl_typesupport_introspection_c.so" to ""
[4.412s] -- Installing: /home/fede3751/Documents/git_repositories/IoT-Project-2024/install/project_interfaces/lib/libproject_interfaces__rosidl_typesupport_c.so
[4.412s] -- Set runtime path of "/home/fede3751/Documents/git_repositories/IoT-Project-2024/install/project_interfaces/lib/libproject_interfaces__rosidl_typesupport_c.so" to ""
[4.412s] -- Up-to-date: /home/fede3751/Documents/git_repositories/IoT-Project-2024/install/project_interfaces/include/project_interfaces/project_interfaces
[4.412s] -- Up-to-date: /home/fede3751/Documents/git_repositories/IoT-Project-2024/install/project_interfaces/include/project_interfaces/project_interfaces/action
[4.412s] -- Installing: /home/fede3751/Documents/git_repositories/IoT-Project-2024/install/project_interfaces/include/project_interfaces/project_interfaces/action/patrol.hpp
[4.412s] -- Up-to-date: /home/fede3751/Documents/git_repositories/IoT-Project-2024/install/project_interfaces/include/project_interfaces/project_interfaces/action/detail
[4.412s] -- Installing: /home/fede3751/Documents/git_repositories/IoT-Project-2024/install/project_interfaces/include/project_interfaces/project_interfaces/action/detail/patrol__struct.hpp
[4.412s] -- Installing: /home/fede3751/Documents/git_repositories/IoT-Project-2024/install/project_interfaces/include/project_interfaces/project_interfaces/action/detail/patrol__builder.hpp
[4.412s] -- Installing: /home/fede3751/Documents/git_repositories/IoT-Project-2024/install/project_interfaces/include/project_interfaces/project_interfaces/action/detail/patrol__traits.hpp
[4.412s] -- Up-to-date: /home/fede3751/Documents/git_repositories/IoT-Project-2024/install/project_interfaces/include/project_interfaces/project_interfaces
[4.412s] -- Up-to-date: /home/fede3751/Documents/git_repositories/IoT-Project-2024/install/project_interfaces/include/project_interfaces/project_interfaces/action
[4.413s] -- Up-to-date: /home/fede3751/Documents/git_repositories/IoT-Project-2024/install/project_interfaces/include/project_interfaces/project_interfaces/action/detail
[4.413s] -- Installing: /home/fede3751/Documents/git_repositories/IoT-Project-2024/install/project_interfaces/include/project_interfaces/project_interfaces/action/detail/dds_fastrtps
[4.413s] -- Installing: /home/fede3751/Documents/git_repositories/IoT-Project-2024/install/project_interfaces/include/project_interfaces/project_interfaces/action/detail/patrol__rosidl_typesupport_fastrtps_cpp.hpp
[4.413s] -- Up-to-date: /home/fede3751/Documents/git_repositories/IoT-Project-2024/install/project_interfaces/include/project_interfaces/project_interfaces/msg
[4.413s] -- Installing: /home/fede3751/Documents/git_repositories/IoT-Project-2024/install/project_interfaces/include/project_interfaces/project_interfaces/msg/rosidl_typesupport_fastrtps_cpp__visibility_control.h
[4.413s] -- Installing: /home/fede3751/Documents/git_repositories/IoT-Project-2024/install/project_interfaces/lib/libproject_interfaces__rosidl_typesupport_fastrtps_cpp.so
[4.413s] -- Set runtime path of "/home/fede3751/Documents/git_repositories/IoT-Project-2024/install/project_interfaces/lib/libproject_interfaces__rosidl_typesupport_fastrtps_cpp.so" to ""
[4.413s] -- Up-to-date: /home/fede3751/Documents/git_repositories/IoT-Project-2024/install/project_interfaces/include/project_interfaces/project_interfaces
[4.413s] -- Up-to-date: /home/fede3751/Documents/git_repositories/IoT-Project-2024/install/project_interfaces/include/project_interfaces/project_interfaces/action
[4.413s] -- Up-to-date: /home/fede3751/Documents/git_repositories/IoT-Project-2024/install/project_interfaces/include/project_interfaces/project_interfaces/action/detail
[4.413s] -- Installing: /home/fede3751/Documents/git_repositories/IoT-Project-2024/install/project_interfaces/include/project_interfaces/project_interfaces/action/detail/patrol__type_support.cpp
[4.413s] -- Installing: /home/fede3751/Documents/git_repositories/IoT-Project-2024/install/project_interfaces/include/project_interfaces/project_interfaces/action/detail/patrol__rosidl_typesupport_introspection_cpp.hpp
[4.413s] -- Installing: /home/fede3751/Documents/git_repositories/IoT-Project-2024/install/project_interfaces/lib/libproject_interfaces__rosidl_typesupport_introspection_cpp.so
[4.413s] -- Set runtime path of "/home/fede3751/Documents/git_repositories/IoT-Project-2024/install/project_interfaces/lib/libproject_interfaces__rosidl_typesupport_introspection_cpp.so" to ""
[4.413s] -- Installing: /home/fede3751/Documents/git_repositories/IoT-Project-2024/install/project_interfaces/lib/libproject_interfaces__rosidl_typesupport_cpp.so
[4.414s] -- Set runtime path of "/home/fede3751/Documents/git_repositories/IoT-Project-2024/install/project_interfaces/lib/libproject_interfaces__rosidl_typesupport_cpp.so" to ""
[4.414s] -- Installing: /home/fede3751/Documents/git_repositories/IoT-Project-2024/install/project_interfaces/share/project_interfaces/environment/pythonpath.sh
[4.414s] -- Installing: /home/fede3751/Documents/git_repositories/IoT-Project-2024/install/project_interfaces/share/project_interfaces/environment/pythonpath.dsv
[4.414s] -- Installing: /home/fede3751/Documents/git_repositories/IoT-Project-2024/install/project_interfaces/local/lib/python3.10/dist-packages/project_interfaces-1.0.0-py3.10.egg-info
[4.414s] -- Installing: /home/fede3751/Documents/git_repositories/IoT-Project-2024/install/project_interfaces/local/lib/python3.10/dist-packages/project_interfaces-1.0.0-py3.10.egg-info/dependency_links.txt
[4.414s] -- Installing: /home/fede3751/Documents/git_repositories/IoT-Project-2024/install/project_interfaces/local/lib/python3.10/dist-packages/project_interfaces-1.0.0-py3.10.egg-info/PKG-INFO
[4.414s] -- Installing: /home/fede3751/Documents/git_repositories/IoT-Project-2024/install/project_interfaces/local/lib/python3.10/dist-packages/project_interfaces-1.0.0-py3.10.egg-info/top_level.txt
[4.414s] -- Installing: /home/fede3751/Documents/git_repositories/IoT-Project-2024/install/project_interfaces/local/lib/python3.10/dist-packages/project_interfaces-1.0.0-py3.10.egg-info/SOURCES.txt
[4.414s] -- Installing: /home/fede3751/Documents/git_repositories/IoT-Project-2024/install/project_interfaces/local/lib/python3.10/dist-packages/project_interfaces
[4.414s] -- Installing: /home/fede3751/Documents/git_repositories/IoT-Project-2024/install/project_interfaces/local/lib/python3.10/dist-packages/project_interfaces/__init__.py
[4.414s] -- Installing: /home/fede3751/Documents/git_repositories/IoT-Project-2024/install/project_interfaces/local/lib/python3.10/dist-packages/project_interfaces/_project_interfaces_s.ep.rosidl_typesupport_c.c
[4.414s] -- Installing: /home/fede3751/Documents/git_repositories/IoT-Project-2024/install/project_interfaces/local/lib/python3.10/dist-packages/project_interfaces/action
[4.414s] -- Installing: /home/fede3751/Documents/git_repositories/IoT-Project-2024/install/project_interfaces/local/lib/python3.10/dist-packages/project_interfaces/action/__init__.py
[4.414s] -- Installing: /home/fede3751/Documents/git_repositories/IoT-Project-2024/install/project_interfaces/local/lib/python3.10/dist-packages/project_interfaces/action/_patrol_s.c
[4.414s] -- Installing: /home/fede3751/Documents/git_repositories/IoT-Project-2024/install/project_interfaces/local/lib/python3.10/dist-packages/project_interfaces/action/_patrol.py
[4.415s] -- Installing: /home/fede3751/Documents/git_repositories/IoT-Project-2024/install/project_interfaces/local/lib/python3.10/dist-packages/project_interfaces/project_interfaces_s__rosidl_typesupport_c.cpython-310-x86_64-linux-gnu.so
[4.415s] -- Installing: /home/fede3751/Documents/git_repositories/IoT-Project-2024/install/project_interfaces/local/lib/python3.10/dist-packages/project_interfaces/_project_interfaces_s.ep.rosidl_typesupport_introspection_c.c
[4.415s] -- Installing: /home/fede3751/Documents/git_repositories/IoT-Project-2024/install/project_interfaces/local/lib/python3.10/dist-packages/project_interfaces/_project_interfaces_s.ep.rosidl_typesupport_fastrtps_c.c
[4.415s] -- Installing: /home/fede3751/Documents/git_repositories/IoT-Project-2024/install/project_interfaces/local/lib/python3.10/dist-packages/project_interfaces/project_interfaces_s__rosidl_typesupport_introspection_c.cpython-310-x86_64-linux-gnu.so
[4.415s] -- Installing: /home/fede3751/Documents/git_repositories/IoT-Project-2024/install/project_interfaces/local/lib/python3.10/dist-packages/project_interfaces/libproject_interfaces__rosidl_generator_py.so
[4.415s] -- Installing: /home/fede3751/Documents/git_repositories/IoT-Project-2024/install/project_interfaces/local/lib/python3.10/dist-packages/project_interfaces/project_interfaces_s__rosidl_typesupport_fastrtps_c.cpython-310-x86_64-linux-gnu.so
[4.445s] Listing '/home/fede3751/Documents/git_repositories/IoT-Project-2024/install/project_interfaces/local/lib/python3.10/dist-packages/project_interfaces'...
[4.445s] Compiling '/home/fede3751/Documents/git_repositories/IoT-Project-2024/install/project_interfaces/local/lib/python3.10/dist-packages/project_interfaces/__init__.py'...
[4.445s] Listing '/home/fede3751/Documents/git_repositories/IoT-Project-2024/install/project_interfaces/local/lib/python3.10/dist-packages/project_interfaces/action'...
[4.445s] Compiling '/home/fede3751/Documents/git_repositories/IoT-Project-2024/install/project_interfaces/local/lib/python3.10/dist-packages/project_interfaces/action/__init__.py'...
[4.445s] Compiling '/home/fede3751/Documents/git_repositories/IoT-Project-2024/install/project_interfaces/local/lib/python3.10/dist-packages/project_interfaces/action/_patrol.py'...
[4.450s] -- Installing: /home/fede3751/Documents/git_repositories/IoT-Project-2024/install/project_interfaces/local/lib/python3.10/dist-packages/project_interfaces/project_interfaces_s__rosidl_typesupport_fastrtps_c.cpython-310-x86_64-linux-gnu.so
[4.450s] -- Set runtime path of "/home/fede3751/Documents/git_repositories/IoT-Project-2024/install/project_interfaces/local/lib/python3.10/dist-packages/project_interfaces/project_interfaces_s__rosidl_typesupport_fastrtps_c.cpython-310-x86_64-linux-gnu.so" to ""
[4.450s] -- Installing: /home/fede3751/Documents/git_repositories/IoT-Project-2024/install/project_interfaces/local/lib/python3.10/dist-packages/project_interfaces/project_interfaces_s__rosidl_typesupport_introspection_c.cpython-310-x86_64-linux-gnu.so
[4.451s] -- Set runtime path of "/home/fede3751/Documents/git_repositories/IoT-Project-2024/install/project_interfaces/local/lib/python3.10/dist-packages/project_interfaces/project_interfaces_s__rosidl_typesupport_introspection_c.cpython-310-x86_64-linux-gnu.so" to ""
[4.451s] -- Installing: /home/fede3751/Documents/git_repositories/IoT-Project-2024/install/project_interfaces/local/lib/python3.10/dist-packages/project_interfaces/project_interfaces_s__rosidl_typesupport_c.cpython-310-x86_64-linux-gnu.so
[4.451s] -- Set runtime path of "/home/fede3751/Documents/git_repositories/IoT-Project-2024/install/project_interfaces/local/lib/python3.10/dist-packages/project_interfaces/project_interfaces_s__rosidl_typesupport_c.cpython-310-x86_64-linux-gnu.so" to ""
[4.451s] -- Installing: /home/fede3751/Documents/git_repositories/IoT-Project-2024/install/project_interfaces/lib/libproject_interfaces__rosidl_generator_py.so
[4.451s] -- Set runtime path of "/home/fede3751/Documents/git_repositories/IoT-Project-2024/install/project_interfaces/lib/libproject_interfaces__rosidl_generator_py.so" to ""
[4.451s] -- Installing: /home/fede3751/Documents/git_repositories/IoT-Project-2024/install/project_interfaces/share/project_interfaces/action/Patrol.idl
[4.451s] -- Installing: /home/fede3751/Documents/git_repositories/IoT-Project-2024/install/project_interfaces/share/project_interfaces/action/Patrol.action
[4.460s] -- Up-to-date: /home/fede3751/Documents/git_repositories/IoT-Project-2024/install/project_interfaces/share/ament_index/resource_index/package_run_dependencies/project_interfaces
[4.460s] -- Up-to-date: /home/fede3751/Documents/git_repositories/IoT-Project-2024/install/project_interfaces/share/ament_index/resource_index/parent_prefix_path/project_interfaces
[4.460s] -- Up-to-date: /home/fede3751/Documents/git_repositories/IoT-Project-2024/install/project_interfaces/share/project_interfaces/environment/ament_prefix_path.sh
[4.460s] -- Installing: /home/fede3751/Documents/git_repositories/IoT-Project-2024/install/project_interfaces/share/project_interfaces/environment/ament_prefix_path.dsv
[4.460s] -- Up-to-date: /home/fede3751/Documents/git_repositories/IoT-Project-2024/install/project_interfaces/share/project_interfaces/environment/path.sh
[4.460s] -- Installing: /home/fede3751/Documents/git_repositories/IoT-Project-2024/install/project_interfaces/share/project_interfaces/environment/path.dsv
[4.460s] -- Up-to-date: /home/fede3751/Documents/git_repositories/IoT-Project-2024/install/project_interfaces/share/project_interfaces/local_setup.bash
[4.460s] -- Installing: /home/fede3751/Documents/git_repositories/IoT-Project-2024/install/project_interfaces/share/project_interfaces/local_setup.sh
[4.461s] -- Up-to-date: /home/fede3751/Documents/git_repositories/IoT-Project-2024/install/project_interfaces/share/project_interfaces/local_setup.zsh
[4.461s] -- Installing: /home/fede3751/Documents/git_repositories/IoT-Project-2024/install/project_interfaces/share/project_interfaces/local_setup.dsv
[4.461s] -- Installing: /home/fede3751/Documents/git_repositories/IoT-Project-2024/install/project_interfaces/share/project_interfaces/package.dsv
[4.461s] -- Up-to-date: /home/fede3751/Documents/git_repositories/IoT-Project-2024/install/project_interfaces/share/ament_index/resource_index/packages/project_interfaces
[4.461s] -- Installing: /home/fede3751/Documents/git_repositories/IoT-Project-2024/install/project_interfaces/share/project_interfaces/cmake/export_project_interfaces__rosidl_generator_cExport.cmake
[4.461s] -- Installing: /home/fede3751/Documents/git_repositories/IoT-Project-2024/install/project_interfaces/share/project_interfaces/cmake/export_project_interfaces__rosidl_generator_cExport-noconfig.cmake
[4.461s] -- Installing: /home/fede3751/Documents/git_repositories/IoT-Project-2024/install/project_interfaces/share/project_interfaces/cmake/export_project_interfaces__rosidl_typesupport_fastrtps_cExport.cmake
[4.461s] -- Installing: /home/fede3751/Documents/git_repositories/IoT-Project-2024/install/project_interfaces/share/project_interfaces/cmake/export_project_interfaces__rosidl_typesupport_fastrtps_cExport-noconfig.cmake
[4.461s] -- Installing: /home/fede3751/Documents/git_repositories/IoT-Project-2024/install/project_interfaces/share/project_interfaces/cmake/project_interfaces__rosidl_typesupport_introspection_cExport.cmake
[4.461s] -- Installing: /home/fede3751/Documents/git_repositories/IoT-Project-2024/install/project_interfaces/share/project_interfaces/cmake/project_interfaces__rosidl_typesupport_introspection_cExport-noconfig.cmake
[4.461s] -- Installing: /home/fede3751/Documents/git_repositories/IoT-Project-2024/install/project_interfaces/share/project_interfaces/cmake/project_interfaces__rosidl_typesupport_cExport.cmake
[4.461s] -- Installing: /home/fede3751/Documents/git_repositories/IoT-Project-2024/install/project_interfaces/share/project_interfaces/cmake/project_interfaces__rosidl_typesupport_cExport-noconfig.cmake
[4.461s] -- Installing: /home/fede3751/Documents/git_repositories/IoT-Project-2024/install/project_interfaces/share/project_interfaces/cmake/export_project_interfaces__rosidl_generator_cppExport.cmake
[4.461s] -- Installing: /home/fede3751/Documents/git_repositories/IoT-Project-2024/install/project_interfaces/share/project_interfaces/cmake/export_project_interfaces__rosidl_typesupport_fastrtps_cppExport.cmake
[4.462s] -- Installing: /home/fede3751/Documents/git_repositories/IoT-Project-2024/install/project_interfaces/share/project_interfaces/cmake/export_project_interfaces__rosidl_typesupport_fastrtps_cppExport-noconfig.cmake
[4.462s] -- Installing: /home/fede3751/Documents/git_repositories/IoT-Project-2024/install/project_interfaces/share/project_interfaces/cmake/project_interfaces__rosidl_typesupport_introspection_cppExport.cmake
[4.462s] -- Installing: /home/fede3751/Documents/git_repositories/IoT-Project-2024/install/project_interfaces/share/project_interfaces/cmake/project_interfaces__rosidl_typesupport_introspection_cppExport-noconfig.cmake
[4.462s] -- Installing: /home/fede3751/Documents/git_repositories/IoT-Project-2024/install/project_interfaces/share/project_interfaces/cmake/project_interfaces__rosidl_typesupport_cppExport.cmake
[4.462s] -- Installing: /home/fede3751/Documents/git_repositories/IoT-Project-2024/install/project_interfaces/share/project_interfaces/cmake/project_interfaces__rosidl_typesupport_cppExport-noconfig.cmake
[4.462s] -- Installing: /home/fede3751/Documents/git_repositories/IoT-Project-2024/install/project_interfaces/share/project_interfaces/cmake/export_project_interfaces__rosidl_generator_pyExport.cmake
[4.462s] -- Installing: /home/fede3751/Documents/git_repositories/IoT-Project-2024/install/project_interfaces/share/project_interfaces/cmake/export_project_interfaces__rosidl_generator_pyExport-noconfig.cmake
[4.462s] -- Installing: /home/fede3751/Documents/git_repositories/IoT-Project-2024/install/project_interfaces/share/project_interfaces/cmake/rosidl_cmake-extras.cmake
[4.462s] -- Installing: /home/fede3751/Documents/git_repositories/IoT-Project-2024/install/project_interfaces/share/project_interfaces/cmake/ament_cmake_export_dependencies-extras.cmake
[4.462s] -- Installing: /home/fede3751/Documents/git_repositories/IoT-Project-2024/install/project_interfaces/share/project_interfaces/cmake/ament_cmake_export_include_directories-extras.cmake
[4.462s] -- Installing: /home/fede3751/Documents/git_repositories/IoT-Project-2024/install/project_interfaces/share/project_interfaces/cmake/ament_cmake_export_libraries-extras.cmake
[4.462s] -- Installing: /home/fede3751/Documents/git_repositories/IoT-Project-2024/install/project_interfaces/share/project_interfaces/cmake/ament_cmake_export_targets-extras.cmake
[4.462s] -- Installing: /home/fede3751/Documents/git_repositories/IoT-Project-2024/install/project_interfaces/share/project_interfaces/cmake/rosidl_cmake_export_typesupport_targets-extras.cmake
[4.462s] -- Installing: /home/fede3751/Documents/git_repositories/IoT-Project-2024/install/project_interfaces/share/project_interfaces/cmake/rosidl_cmake_export_typesupport_libraries-extras.cmake
[4.463s] -- Installing: /home/fede3751/Documents/git_repositories/IoT-Project-2024/install/project_interfaces/share/project_interfaces/cmake/project_interfacesConfig.cmake
[4.463s] -- Up-to-date: /home/fede3751/Documents/git_repositories/IoT-Project-2024/install/project_interfaces/share/project_interfaces/cmake/project_interfacesConfig-version.cmake
[4.463s] -- Up-to-date: /home/fede3751/Documents/git_repositories/IoT-Project-2024/install/project_interfaces/share/project_interfaces/package.xml
[4.467s] Invoked command in '/home/fede3751/Documents/git_repositories/IoT-Project-2024/build/project_interfaces' returned '0': CMAKE_PREFIX_PATH=/opt/ros/humble /home/fede3751/.local/bin/cmake --install /home/fede3751/Documents/git_repositories/IoT-Project-2024/build/project_interfaces
