[1.269s] DEBUG:colcon:Command line arguments: ['/usr/bin/colcon', 'build']
[1.269s] DEBUG:colcon:Parsed command line arguments: Namespace(log_base=None, log_level=None, verb_name='build', build_base='build', install_base='install', merge_install=False, symlink_install=False, test_result_base=None, continue_on_error=False, executor='parallel', parallel_workers=16, event_handlers=None, ignore_user_meta=False, metas=['./colcon.meta'], base_paths=['.'], packages_ignore=None, packages_ignore_regex=None, paths=None, packages_up_to=None, packages_up_to_regex=None, packages_above=None, packages_above_and_dependencies=None, packages_above_depth=None, packages_select_by_dep=None, packages_skip_by_dep=None, packages_skip_up_to=None, packages_select_build_failed=False, packages_skip_build_finished=False, packages_select_test_failures=False, packages_skip_test_passed=False, packages_select=None, packages_skip=None, packages_select_regex=None, packages_skip_regex=None, packages_start=None, packages_end=None, allow_overriding=[], cmake_args=None, cmake_target=None, cmake_target_skip_unavailable=False, cmake_clean_cache=False, cmake_clean_first=False, cmake_force_configure=False, ament_cmake_args=None, catkin_cmake_args=None, catkin_skip_building_tests=False, verb_parser=<colcon_defaults.argument_parser.defaults.DefaultArgumentsDecorator object at 0x7b72a2360e80>, verb_extension=<colcon_core.verb.build.BuildVerb object at 0x7b72a266c670>, main=<bound method BuildVerb.main of <colcon_core.verb.build.BuildVerb object at 0x7b72a266c670>>)
[1.332s] Level 1:colcon.colcon_core.package_discovery:discover_packages(colcon_meta) check parameters
[1.332s] Level 1:colcon.colcon_core.package_discovery:discover_packages(recursive) check parameters
[1.332s] Level 1:colcon.colcon_core.package_discovery:discover_packages(ignore) check parameters
[1.332s] Level 1:colcon.colcon_core.package_discovery:discover_packages(path) check parameters
[1.332s] Level 1:colcon.colcon_core.package_discovery:discover_packages(colcon_meta) discover
[1.332s] Level 1:colcon.colcon_core.package_discovery:discover_packages(recursive) discover
[1.332s] INFO:colcon.colcon_core.package_discovery:Crawling recursively for packages in '/home/fede3751/Documents/git_repositories/IoT-Project-2024'
[1.333s] Level 1:colcon.colcon_core.package_identification:_identify(.) by extensions ['ignore', 'ignore_ament_install']
[1.333s] Level 1:colcon.colcon_core.package_identification:_identify(.) by extension 'ignore'
[1.333s] Level 1:colcon.colcon_core.package_identification:_identify(.) by extension 'ignore_ament_install'
[1.333s] Level 1:colcon.colcon_core.package_identification:_identify(.) by extensions ['colcon_pkg']
[1.333s] Level 1:colcon.colcon_core.package_identification:_identify(.) by extension 'colcon_pkg'
[1.333s] Level 1:colcon.colcon_core.package_identification:_identify(.) by extensions ['colcon_meta']
[1.333s] Level 1:colcon.colcon_core.package_identification:_identify(.) by extension 'colcon_meta'
[1.333s] Level 1:colcon.colcon_core.package_identification:_identify(.) by extensions ['ros']
[1.333s] Level 1:colcon.colcon_core.package_identification:_identify(.) by extension 'ros'
[1.358s] Level 1:colcon.colcon_core.package_identification:_identify(.) by extensions ['cmake', 'python']
[1.358s] Level 1:colcon.colcon_core.package_identification:_identify(.) by extension 'cmake'
[1.358s] Level 1:colcon.colcon_core.package_identification:_identify(.) by extension 'python'
[1.358s] Level 1:colcon.colcon_core.package_identification:_identify(.) by extensions ['python_setup_py']
[1.358s] Level 1:colcon.colcon_core.package_identification:_identify(.) by extension 'python_setup_py'
[1.358s] Level 1:colcon.colcon_core.package_identification:_identify(build) by extensions ['ignore', 'ignore_ament_install']
[1.358s] Level 1:colcon.colcon_core.package_identification:_identify(build) by extension 'ignore'
[1.358s] Level 1:colcon.colcon_core.package_identification:_identify(build) ignored
[1.358s] Level 1:colcon.colcon_core.package_identification:_identify(install) by extensions ['ignore', 'ignore_ament_install']
[1.358s] Level 1:colcon.colcon_core.package_identification:_identify(install) by extension 'ignore'
[1.358s] Level 1:colcon.colcon_core.package_identification:_identify(install) ignored
[1.359s] Level 1:colcon.colcon_core.package_identification:_identify(log) by extensions ['ignore', 'ignore_ament_install']
[1.359s] Level 1:colcon.colcon_core.package_identification:_identify(log) by extension 'ignore'
[1.359s] Level 1:colcon.colcon_core.package_identification:_identify(log) ignored
[1.359s] Level 1:colcon.colcon_core.package_identification:_identify(resources) by extensions ['ignore', 'ignore_ament_install']
[1.359s] Level 1:colcon.colcon_core.package_identification:_identify(resources) by extension 'ignore'
[1.359s] Level 1:colcon.colcon_core.package_identification:_identify(resources) by extension 'ignore_ament_install'
[1.359s] Level 1:colcon.colcon_core.package_identification:_identify(resources) by extensions ['colcon_pkg']
[1.359s] Level 1:colcon.colcon_core.package_identification:_identify(resources) by extension 'colcon_pkg'
[1.359s] Level 1:colcon.colcon_core.package_identification:_identify(resources) by extensions ['colcon_meta']
[1.359s] Level 1:colcon.colcon_core.package_identification:_identify(resources) by extension 'colcon_meta'
[1.359s] Level 1:colcon.colcon_core.package_identification:_identify(resources) by extensions ['ros']
[1.359s] Level 1:colcon.colcon_core.package_identification:_identify(resources) by extension 'ros'
[1.359s] Level 1:colcon.colcon_core.package_identification:_identify(resources) by extensions ['cmake', 'python']
[1.359s] Level 1:colcon.colcon_core.package_identification:_identify(resources) by extension 'cmake'
[1.359s] Level 1:colcon.colcon_core.package_identification:_identify(resources) by extension 'python'
[1.359s] Level 1:colcon.colcon_core.package_identification:_identify(resources) by extensions ['python_setup_py']
[1.359s] Level 1:colcon.colcon_core.package_identification:_identify(resources) by extension 'python_setup_py'
[1.359s] Level 1:colcon.colcon_core.package_identification:_identify(resources/balloon) by extensions ['ignore', 'ignore_ament_install']
[1.359s] Level 1:colcon.colcon_core.package_identification:_identify(resources/balloon) by extension 'ignore'
[1.360s] Level 1:colcon.colcon_core.package_identification:_identify(resources/balloon) by extension 'ignore_ament_install'
[1.360s] Level 1:colcon.colcon_core.package_identification:_identify(resources/balloon) by extensions ['colcon_pkg']
[1.360s] Level 1:colcon.colcon_core.package_identification:_identify(resources/balloon) by extension 'colcon_pkg'
[1.360s] Level 1:colcon.colcon_core.package_identification:_identify(resources/balloon) by extensions ['colcon_meta']
[1.360s] Level 1:colcon.colcon_core.package_identification:_identify(resources/balloon) by extension 'colcon_meta'
[1.360s] Level 1:colcon.colcon_core.package_identification:_identify(resources/balloon) by extensions ['ros']
[1.360s] Level 1:colcon.colcon_core.package_identification:_identify(resources/balloon) by extension 'ros'
[1.360s] Level 1:colcon.colcon_core.package_identification:_identify(resources/balloon) by extensions ['cmake', 'python']
[1.360s] Level 1:colcon.colcon_core.package_identification:_identify(resources/balloon) by extension 'cmake'
[1.360s] Level 1:colcon.colcon_core.package_identification:_identify(resources/balloon) by extension 'python'
[1.360s] Level 1:colcon.colcon_core.package_identification:_identify(resources/balloon) by extensions ['python_setup_py']
[1.360s] Level 1:colcon.colcon_core.package_identification:_identify(resources/balloon) by extension 'python_setup_py'
[1.360s] Level 1:colcon.colcon_core.package_identification:_identify(resources/base_station) by extensions ['ignore', 'ignore_ament_install']
[1.360s] Level 1:colcon.colcon_core.package_identification:_identify(resources/base_station) by extension 'ignore'
[1.360s] Level 1:colcon.colcon_core.package_identification:_identify(resources/base_station) by extension 'ignore_ament_install'
[1.360s] Level 1:colcon.colcon_core.package_identification:_identify(resources/base_station) by extensions ['colcon_pkg']
[1.360s] Level 1:colcon.colcon_core.package_identification:_identify(resources/base_station) by extension 'colcon_pkg'
[1.360s] Level 1:colcon.colcon_core.package_identification:_identify(resources/base_station) by extensions ['colcon_meta']
[1.360s] Level 1:colcon.colcon_core.package_identification:_identify(resources/base_station) by extension 'colcon_meta'
[1.360s] Level 1:colcon.colcon_core.package_identification:_identify(resources/base_station) by extensions ['ros']
[1.360s] Level 1:colcon.colcon_core.package_identification:_identify(resources/base_station) by extension 'ros'
[1.360s] Level 1:colcon.colcon_core.package_identification:_identify(resources/base_station) by extensions ['cmake', 'python']
[1.360s] Level 1:colcon.colcon_core.package_identification:_identify(resources/base_station) by extension 'cmake'
[1.360s] Level 1:colcon.colcon_core.package_identification:_identify(resources/base_station) by extension 'python'
[1.360s] Level 1:colcon.colcon_core.package_identification:_identify(resources/base_station) by extensions ['python_setup_py']
[1.360s] Level 1:colcon.colcon_core.package_identification:_identify(resources/base_station) by extension 'python_setup_py'
[1.361s] Level 1:colcon.colcon_core.package_identification:_identify(resources/sensor) by extensions ['ignore', 'ignore_ament_install']
[1.361s] Level 1:colcon.colcon_core.package_identification:_identify(resources/sensor) by extension 'ignore'
[1.361s] Level 1:colcon.colcon_core.package_identification:_identify(resources/sensor) by extension 'ignore_ament_install'
[1.361s] Level 1:colcon.colcon_core.package_identification:_identify(resources/sensor) by extensions ['colcon_pkg']
[1.361s] Level 1:colcon.colcon_core.package_identification:_identify(resources/sensor) by extension 'colcon_pkg'
[1.361s] Level 1:colcon.colcon_core.package_identification:_identify(resources/sensor) by extensions ['colcon_meta']
[1.361s] Level 1:colcon.colcon_core.package_identification:_identify(resources/sensor) by extension 'colcon_meta'
[1.361s] Level 1:colcon.colcon_core.package_identification:_identify(resources/sensor) by extensions ['ros']
[1.361s] Level 1:colcon.colcon_core.package_identification:_identify(resources/sensor) by extension 'ros'
[1.361s] Level 1:colcon.colcon_core.package_identification:_identify(resources/sensor) by extensions ['cmake', 'python']
[1.361s] Level 1:colcon.colcon_core.package_identification:_identify(resources/sensor) by extension 'cmake'
[1.361s] Level 1:colcon.colcon_core.package_identification:_identify(resources/sensor) by extension 'python'
[1.361s] Level 1:colcon.colcon_core.package_identification:_identify(resources/sensor) by extensions ['python_setup_py']
[1.361s] Level 1:colcon.colcon_core.package_identification:_identify(resources/sensor) by extension 'python_setup_py'
[1.361s] Level 1:colcon.colcon_core.package_identification:_identify(resources/sensor/materials) by extensions ['ignore', 'ignore_ament_install']
[1.361s] Level 1:colcon.colcon_core.package_identification:_identify(resources/sensor/materials) by extension 'ignore'
[1.361s] Level 1:colcon.colcon_core.package_identification:_identify(resources/sensor/materials) by extension 'ignore_ament_install'
[1.361s] Level 1:colcon.colcon_core.package_identification:_identify(resources/sensor/materials) by extensions ['colcon_pkg']
[1.361s] Level 1:colcon.colcon_core.package_identification:_identify(resources/sensor/materials) by extension 'colcon_pkg'
[1.361s] Level 1:colcon.colcon_core.package_identification:_identify(resources/sensor/materials) by extensions ['colcon_meta']
[1.361s] Level 1:colcon.colcon_core.package_identification:_identify(resources/sensor/materials) by extension 'colcon_meta'
[1.361s] Level 1:colcon.colcon_core.package_identification:_identify(resources/sensor/materials) by extensions ['ros']
[1.361s] Level 1:colcon.colcon_core.package_identification:_identify(resources/sensor/materials) by extension 'ros'
[1.361s] Level 1:colcon.colcon_core.package_identification:_identify(resources/sensor/materials) by extensions ['cmake', 'python']
[1.362s] Level 1:colcon.colcon_core.package_identification:_identify(resources/sensor/materials) by extension 'cmake'
[1.362s] Level 1:colcon.colcon_core.package_identification:_identify(resources/sensor/materials) by extension 'python'
[1.362s] Level 1:colcon.colcon_core.package_identification:_identify(resources/sensor/materials) by extensions ['python_setup_py']
[1.362s] Level 1:colcon.colcon_core.package_identification:_identify(resources/sensor/materials) by extension 'python_setup_py'
[1.362s] Level 1:colcon.colcon_core.package_identification:_identify(resources/sensor/materials/textures) by extensions ['ignore', 'ignore_ament_install']
[1.362s] Level 1:colcon.colcon_core.package_identification:_identify(resources/sensor/materials/textures) by extension 'ignore'
[1.362s] Level 1:colcon.colcon_core.package_identification:_identify(resources/sensor/materials/textures) by extension 'ignore_ament_install'
[1.362s] Level 1:colcon.colcon_core.package_identification:_identify(resources/sensor/materials/textures) by extensions ['colcon_pkg']
[1.362s] Level 1:colcon.colcon_core.package_identification:_identify(resources/sensor/materials/textures) by extension 'colcon_pkg'
[1.362s] Level 1:colcon.colcon_core.package_identification:_identify(resources/sensor/materials/textures) by extensions ['colcon_meta']
[1.362s] Level 1:colcon.colcon_core.package_identification:_identify(resources/sensor/materials/textures) by extension 'colcon_meta'
[1.362s] Level 1:colcon.colcon_core.package_identification:_identify(resources/sensor/materials/textures) by extensions ['ros']
[1.362s] Level 1:colcon.colcon_core.package_identification:_identify(resources/sensor/materials/textures) by extension 'ros'
[1.362s] Level 1:colcon.colcon_core.package_identification:_identify(resources/sensor/materials/textures) by extensions ['cmake', 'python']
[1.362s] Level 1:colcon.colcon_core.package_identification:_identify(resources/sensor/materials/textures) by extension 'cmake'
[1.362s] Level 1:colcon.colcon_core.package_identification:_identify(resources/sensor/materials/textures) by extension 'python'
[1.362s] Level 1:colcon.colcon_core.package_identification:_identify(resources/sensor/materials/textures) by extensions ['python_setup_py']
[1.362s] Level 1:colcon.colcon_core.package_identification:_identify(resources/sensor/materials/textures) by extension 'python_setup_py'
[1.362s] Level 1:colcon.colcon_core.package_identification:_identify(resources/sensor/meshes) by extensions ['ignore', 'ignore_ament_install']
[1.362s] Level 1:colcon.colcon_core.package_identification:_identify(resources/sensor/meshes) by extension 'ignore'
[1.362s] Level 1:colcon.colcon_core.package_identification:_identify(resources/sensor/meshes) by extension 'ignore_ament_install'
[1.362s] Level 1:colcon.colcon_core.package_identification:_identify(resources/sensor/meshes) by extensions ['colcon_pkg']
[1.362s] Level 1:colcon.colcon_core.package_identification:_identify(resources/sensor/meshes) by extension 'colcon_pkg'
[1.362s] Level 1:colcon.colcon_core.package_identification:_identify(resources/sensor/meshes) by extensions ['colcon_meta']
[1.362s] Level 1:colcon.colcon_core.package_identification:_identify(resources/sensor/meshes) by extension 'colcon_meta'
[1.362s] Level 1:colcon.colcon_core.package_identification:_identify(resources/sensor/meshes) by extensions ['ros']
[1.362s] Level 1:colcon.colcon_core.package_identification:_identify(resources/sensor/meshes) by extension 'ros'
[1.363s] Level 1:colcon.colcon_core.package_identification:_identify(resources/sensor/meshes) by extensions ['cmake', 'python']
[1.363s] Level 1:colcon.colcon_core.package_identification:_identify(resources/sensor/meshes) by extension 'cmake'
[1.363s] Level 1:colcon.colcon_core.package_identification:_identify(resources/sensor/meshes) by extension 'python'
[1.363s] Level 1:colcon.colcon_core.package_identification:_identify(resources/sensor/meshes) by extensions ['python_setup_py']
[1.363s] Level 1:colcon.colcon_core.package_identification:_identify(resources/sensor/meshes) by extension 'python_setup_py'
[1.363s] Level 1:colcon.colcon_core.package_identification:_identify(resources/x3) by extensions ['ignore', 'ignore_ament_install']
[1.363s] Level 1:colcon.colcon_core.package_identification:_identify(resources/x3) by extension 'ignore'
[1.363s] Level 1:colcon.colcon_core.package_identification:_identify(resources/x3) by extension 'ignore_ament_install'
[1.363s] Level 1:colcon.colcon_core.package_identification:_identify(resources/x3) by extensions ['colcon_pkg']
[1.363s] Level 1:colcon.colcon_core.package_identification:_identify(resources/x3) by extension 'colcon_pkg'
[1.363s] Level 1:colcon.colcon_core.package_identification:_identify(resources/x3) by extensions ['colcon_meta']
[1.363s] Level 1:colcon.colcon_core.package_identification:_identify(resources/x3) by extension 'colcon_meta'
[1.363s] Level 1:colcon.colcon_core.package_identification:_identify(resources/x3) by extensions ['ros']
[1.363s] Level 1:colcon.colcon_core.package_identification:_identify(resources/x3) by extension 'ros'
[1.363s] Level 1:colcon.colcon_core.package_identification:_identify(resources/x3) by extensions ['cmake', 'python']
[1.363s] Level 1:colcon.colcon_core.package_identification:_identify(resources/x3) by extension 'cmake'
[1.363s] Level 1:colcon.colcon_core.package_identification:_identify(resources/x3) by extension 'python'
[1.363s] Level 1:colcon.colcon_core.package_identification:_identify(resources/x3) by extensions ['python_setup_py']
[1.363s] Level 1:colcon.colcon_core.package_identification:_identify(resources/x3) by extension 'python_setup_py'
[1.363s] Level 1:colcon.colcon_core.package_identification:_identify(src) by extensions ['ignore', 'ignore_ament_install']
[1.363s] Level 1:colcon.colcon_core.package_identification:_identify(src) by extension 'ignore'
[1.363s] Level 1:colcon.colcon_core.package_identification:_identify(src) by extension 'ignore_ament_install'
[1.363s] Level 1:colcon.colcon_core.package_identification:_identify(src) by extensions ['colcon_pkg']
[1.363s] Level 1:colcon.colcon_core.package_identification:_identify(src) by extension 'colcon_pkg'
[1.363s] Level 1:colcon.colcon_core.package_identification:_identify(src) by extensions ['colcon_meta']
[1.363s] Level 1:colcon.colcon_core.package_identification:_identify(src) by extension 'colcon_meta'
[1.363s] Level 1:colcon.colcon_core.package_identification:_identify(src) by extensions ['ros']
[1.364s] Level 1:colcon.colcon_core.package_identification:_identify(src) by extension 'ros'
[1.364s] Level 1:colcon.colcon_core.package_identification:_identify(src) by extensions ['cmake', 'python']
[1.364s] Level 1:colcon.colcon_core.package_identification:_identify(src) by extension 'cmake'
[1.364s] Level 1:colcon.colcon_core.package_identification:_identify(src) by extension 'python'
[1.364s] Level 1:colcon.colcon_core.package_identification:_identify(src) by extensions ['python_setup_py']
[1.364s] Level 1:colcon.colcon_core.package_identification:_identify(src) by extension 'python_setup_py'
[1.364s] Level 1:colcon.colcon_core.package_identification:_identify(src/project_interfaces) by extensions ['ignore', 'ignore_ament_install']
[1.364s] Level 1:colcon.colcon_core.package_identification:_identify(src/project_interfaces) by extension 'ignore'
[1.364s] Level 1:colcon.colcon_core.package_identification:_identify(src/project_interfaces) by extension 'ignore_ament_install'
[1.364s] Level 1:colcon.colcon_core.package_identification:_identify(src/project_interfaces) by extensions ['colcon_pkg']
[1.364s] Level 1:colcon.colcon_core.package_identification:_identify(src/project_interfaces) by extension 'colcon_pkg'
[1.364s] Level 1:colcon.colcon_core.package_identification:_identify(src/project_interfaces) by extensions ['colcon_meta']
[1.364s] Level 1:colcon.colcon_core.package_identification:_identify(src/project_interfaces) by extension 'colcon_meta'
[1.364s] Level 1:colcon.colcon_core.package_identification:_identify(src/project_interfaces) by extensions ['ros']
[1.364s] Level 1:colcon.colcon_core.package_identification:_identify(src/project_interfaces) by extension 'ros'
[1.366s] DEBUG:colcon.colcon_core.package_identification:Package 'src/project_interfaces' with type 'ros.ament_cmake' and name 'project_interfaces'
[1.367s] Level 1:colcon.colcon_core.package_identification:_identify(src/project_main) by extensions ['ignore', 'ignore_ament_install']
[1.367s] Level 1:colcon.colcon_core.package_identification:_identify(src/project_main) by extension 'ignore'
[1.367s] Level 1:colcon.colcon_core.package_identification:_identify(src/project_main) by extension 'ignore_ament_install'
[1.367s] Level 1:colcon.colcon_core.package_identification:_identify(src/project_main) by extensions ['colcon_pkg']
[1.367s] Level 1:colcon.colcon_core.package_identification:_identify(src/project_main) by extension 'colcon_pkg'
[1.367s] Level 1:colcon.colcon_core.package_identification:_identify(src/project_main) by extensions ['colcon_meta']
[1.367s] Level 1:colcon.colcon_core.package_identification:_identify(src/project_main) by extension 'colcon_meta'
[1.367s] Level 1:colcon.colcon_core.package_identification:_identify(src/project_main) by extensions ['ros']
[1.367s] Level 1:colcon.colcon_core.package_identification:_identify(src/project_main) by extension 'ros'
[1.367s] DEBUG:colcon.colcon_core.package_identification:Package 'src/project_main' with type 'ros.ament_python' and name 'project_main'
[1.367s] Level 1:colcon.colcon_core.package_discovery:discover_packages(recursive) using defaults
[1.367s] Level 1:colcon.colcon_core.package_discovery:discover_packages(ignore) discover
[1.368s] Level 1:colcon.colcon_core.package_discovery:discover_packages(ignore) using defaults
[1.368s] Level 1:colcon.colcon_core.package_discovery:discover_packages(path) discover
[1.368s] Level 1:colcon.colcon_core.package_discovery:discover_packages(path) using defaults
[1.480s] Level 1:colcon.colcon_core.package_discovery:discover_packages(prefix_path) check parameters
[1.480s] Level 1:colcon.colcon_core.package_discovery:discover_packages(prefix_path) discover
[1.523s] DEBUG:colcon.colcon_installed_package_information.package_discovery:Found 2 installed packages in /home/fede3751/Documents/git_repositories/IoT-Project-2024/install
[1.554s] DEBUG:colcon.colcon_installed_package_information.package_discovery:Found 298 installed packages in /opt/ros/humble
[1.556s] Level 1:colcon.colcon_core.package_discovery:discover_packages(prefix_path) using defaults
[1.672s] Level 5:colcon.colcon_core.verb:set package 'project_interfaces' build argument 'cmake_args' from command line to 'None'
[1.672s] Level 5:colcon.colcon_core.verb:set package 'project_interfaces' build argument 'cmake_target' from command line to 'None'
[1.672s] Level 5:colcon.colcon_core.verb:set package 'project_interfaces' build argument 'cmake_target_skip_unavailable' from command line to 'False'
[1.672s] Level 5:colcon.colcon_core.verb:set package 'project_interfaces' build argument 'cmake_clean_cache' from command line to 'False'
[1.672s] Level 5:colcon.colcon_core.verb:set package 'project_interfaces' build argument 'cmake_clean_first' from command line to 'False'
[1.672s] Level 5:colcon.colcon_core.verb:set package 'project_interfaces' build argument 'cmake_force_configure' from command line to 'False'
[1.672s] Level 5:colcon.colcon_core.verb:set package 'project_interfaces' build argument 'ament_cmake_args' from command line to 'None'
[1.672s] Level 5:colcon.colcon_core.verb:set package 'project_interfaces' build argument 'catkin_cmake_args' from command line to 'None'
[1.672s] Level 5:colcon.colcon_core.verb:set package 'project_interfaces' build argument 'catkin_skip_building_tests' from command line to 'False'
[1.672s] DEBUG:colcon.colcon_core.verb:Building package 'project_interfaces' with the following arguments: {'ament_cmake_args': None, 'build_base': '/home/fede3751/Documents/git_repositories/IoT-Project-2024/build/project_interfaces', 'catkin_cmake_args': None, 'catkin_skip_building_tests': False, 'cmake_args': None, 'cmake_clean_cache': False, 'cmake_clean_first': False, 'cmake_force_configure': False, 'cmake_target': None, 'cmake_target_skip_unavailable': False, 'install_base': '/home/fede3751/Documents/git_repositories/IoT-Project-2024/install/project_interfaces', 'merge_install': False, 'path': '/home/fede3751/Documents/git_repositories/IoT-Project-2024/src/project_interfaces', 'symlink_install': False, 'test_result_base': None}
[1.691s] Level 5:colcon.colcon_core.verb:set package 'project_main' build argument 'cmake_args' from command line to 'None'
[1.691s] Level 5:colcon.colcon_core.verb:set package 'project_main' build argument 'cmake_target' from command line to 'None'
[1.691s] Level 5:colcon.colcon_core.verb:set package 'project_main' build argument 'cmake_target_skip_unavailable' from command line to 'False'
[1.691s] Level 5:colcon.colcon_core.verb:set package 'project_main' build argument 'cmake_clean_cache' from command line to 'False'
[1.691s] Level 5:colcon.colcon_core.verb:set package 'project_main' build argument 'cmake_clean_first' from command line to 'False'
[1.691s] Level 5:colcon.colcon_core.verb:set package 'project_main' build argument 'cmake_force_configure' from command line to 'False'
[1.691s] Level 5:colcon.colcon_core.verb:set package 'project_main' build argument 'ament_cmake_args' from command line to 'None'
[1.691s] Level 5:colcon.colcon_core.verb:set package 'project_main' build argument 'catkin_cmake_args' from command line to 'None'
[1.691s] Level 5:colcon.colcon_core.verb:set package 'project_main' build argument 'catkin_skip_building_tests' from command line to 'False'
[1.691s] DEBUG:colcon.colcon_core.verb:Building package 'project_main' with the following arguments: {'ament_cmake_args': None, 'build_base': '/home/fede3751/Documents/git_repositories/IoT-Project-2024/build/project_main', 'catkin_cmake_args': None, 'catkin_skip_building_tests': False, 'cmake_args': None, 'cmake_clean_cache': False, 'cmake_clean_first': False, 'cmake_force_configure': False, 'cmake_target': None, 'cmake_target_skip_unavailable': False, 'install_base': '/home/fede3751/Documents/git_repositories/IoT-Project-2024/install/project_main', 'merge_install': False, 'path': '/home/fede3751/Documents/git_repositories/IoT-Project-2024/src/project_main', 'symlink_install': False, 'test_result_base': None}
[1.709s] INFO:colcon.colcon_core.executor:Executing jobs using 'parallel' executor
[1.727s] DEBUG:colcon.colcon_parallel_executor.executor.parallel:run_until_complete
[1.728s] INFO:colcon.colcon_ros.task.ament_cmake.build:Building ROS package in '/home/fede3751/Documents/git_repositories/IoT-Project-2024/src/project_interfaces' with build type 'ament_cmake'
[1.728s] INFO:colcon.colcon_cmake.task.cmake.build:Building CMake package in '/home/fede3751/Documents/git_repositories/IoT-Project-2024/src/project_interfaces'
[1.748s] INFO:colcon.colcon_core.plugin_system:Skipping extension 'colcon_core.shell.bat': Not used on non-Windows systems
[1.748s] INFO:colcon.colcon_core.shell:Skip shell extension 'powershell' for command environment: Not usable outside of PowerShell
[1.748s] DEBUG:colcon.colcon_core.shell:Skip shell extension 'dsv' for command environment
[1.807s] INFO:colcon.colcon_ros.task.ament_python.build:Building ROS package in '/home/fede3751/Documents/git_repositories/IoT-Project-2024/src/project_main' with build type 'ament_python'
[1.808s] Level 1:colcon.colcon_core.shell:create_environment_hook('project_main', 'ament_prefix_path')
[1.826s] INFO:colcon.colcon_core.shell:Creating environment hook '/home/fede3751/Documents/git_repositories/IoT-Project-2024/install/project_main/share/project_main/hook/ament_prefix_path.ps1'
[1.826s] INFO:colcon.colcon_core.shell:Creating environment descriptor '/home/fede3751/Documents/git_repositories/IoT-Project-2024/install/project_main/share/project_main/hook/ament_prefix_path.dsv'
[1.827s] INFO:colcon.colcon_core.shell:Creating environment hook '/home/fede3751/Documents/git_repositories/IoT-Project-2024/install/project_main/share/project_main/hook/ament_prefix_path.sh'
[1.845s] INFO:colcon.colcon_core.shell:Skip shell extension 'powershell' for command environment: Not usable outside of PowerShell
[1.845s] DEBUG:colcon.colcon_core.shell:Skip shell extension 'dsv' for command environment
[1.906s] DEBUG:colcon.colcon_core.event_handler.log_command:Invoking command in '/home/fede3751/Documents/git_repositories/IoT-Project-2024/build/project_interfaces': CMAKE_PREFIX_PATH=${CMAKE_PREFIX_PATH}:/home/fede3751/Documents/git_repositories/IoT-Project-2024/install/project_main:/opt/ros/humble /home/fede3751/.local/bin/cmake --build /home/fede3751/Documents/git_repositories/IoT-Project-2024/build/project_interfaces -- -j16 -l16
[2.128s] INFO:colcon.colcon_core.task.python.build:Building Python package in '/home/fede3751/Documents/git_repositories/IoT-Project-2024/src/project_main'
[2.146s] INFO:colcon.colcon_core.shell:Skip shell extension 'powershell' for command environment: Not usable outside of PowerShell
[2.146s] DEBUG:colcon.colcon_core.shell:Skip shell extension 'dsv' for command environment
[2.397s] DEBUG:colcon.colcon_core.event_handler.log_command:Invoked command in '/home/fede3751/Documents/git_repositories/IoT-Project-2024/build/project_interfaces' returned '0': CMAKE_PREFIX_PATH=${CMAKE_PREFIX_PATH}:/home/fede3751/Documents/git_repositories/IoT-Project-2024/install/project_main:/opt/ros/humble /home/fede3751/.local/bin/cmake --build /home/fede3751/Documents/git_repositories/IoT-Project-2024/build/project_interfaces -- -j16 -l16
[2.499s] DEBUG:colcon.colcon_core.event_handler.log_command:Invoking command in '/home/fede3751/Documents/git_repositories/IoT-Project-2024/build/project_interfaces': CMAKE_PREFIX_PATH=${CMAKE_PREFIX_PATH}:/home/fede3751/Documents/git_repositories/IoT-Project-2024/install/project_main:/opt/ros/humble /home/fede3751/.local/bin/cmake --install /home/fede3751/Documents/git_repositories/IoT-Project-2024/build/project_interfaces
[2.575s] Level 1:colcon.colcon_core.environment:create_environment_scripts_only(project_interfaces)
[2.575s] DEBUG:colcon.colcon_core.event_handler.log_command:Invoked command in '/home/fede3751/Documents/git_repositories/IoT-Project-2024/build/project_interfaces' returned '0': CMAKE_PREFIX_PATH=${CMAKE_PREFIX_PATH}:/home/fede3751/Documents/git_repositories/IoT-Project-2024/install/project_main:/opt/ros/humble /home/fede3751/.local/bin/cmake --install /home/fede3751/Documents/git_repositories/IoT-Project-2024/build/project_interfaces
[2.598s] Level 1:colcon.colcon_core.environment:checking '/home/fede3751/Documents/git_repositories/IoT-Project-2024/install/project_interfaces' for CMake module files
[2.598s] Level 1:colcon.colcon_core.environment:checking '/home/fede3751/Documents/git_repositories/IoT-Project-2024/install/project_interfaces' for CMake config files
[2.599s] Level 1:colcon.colcon_core.shell:create_environment_hook('project_interfaces', 'cmake_prefix_path')
[2.620s] INFO:colcon.colcon_core.shell:Creating environment hook '/home/fede3751/Documents/git_repositories/IoT-Project-2024/install/project_interfaces/share/project_interfaces/hook/cmake_prefix_path.ps1'
[2.622s] INFO:colcon.colcon_core.shell:Creating environment descriptor '/home/fede3751/Documents/git_repositories/IoT-Project-2024/install/project_interfaces/share/project_interfaces/hook/cmake_prefix_path.dsv'
[2.622s] INFO:colcon.colcon_core.shell:Creating environment hook '/home/fede3751/Documents/git_repositories/IoT-Project-2024/install/project_interfaces/share/project_interfaces/hook/cmake_prefix_path.sh'
[2.623s] Level 1:colcon.colcon_core.environment:checking '/home/fede3751/Documents/git_repositories/IoT-Project-2024/install/project_interfaces/lib'
[2.623s] Level 1:colcon.colcon_core.shell:create_environment_hook('project_interfaces', 'ld_library_path_lib')
[2.644s] INFO:colcon.colcon_core.shell:Creating environment hook '/home/fede3751/Documents/git_repositories/IoT-Project-2024/install/project_interfaces/share/project_interfaces/hook/ld_library_path_lib.ps1'
[2.644s] INFO:colcon.colcon_core.shell:Creating environment descriptor '/home/fede3751/Documents/git_repositories/IoT-Project-2024/install/project_interfaces/share/project_interfaces/hook/ld_library_path_lib.dsv'
[2.645s] INFO:colcon.colcon_core.shell:Creating environment hook '/home/fede3751/Documents/git_repositories/IoT-Project-2024/install/project_interfaces/share/project_interfaces/hook/ld_library_path_lib.sh'
[2.645s] Level 1:colcon.colcon_core.environment:checking '/home/fede3751/Documents/git_repositories/IoT-Project-2024/install/project_interfaces/bin'
[2.645s] Level 1:colcon.colcon_core.environment:checking '/home/fede3751/Documents/git_repositories/IoT-Project-2024/install/project_interfaces/lib/pkgconfig/project_interfaces.pc'
[2.645s] Level 1:colcon.colcon_core.environment:checking '/home/fede3751/Documents/git_repositories/IoT-Project-2024/install/project_interfaces/lib/python3.10/site-packages'
[2.645s] Level 1:colcon.colcon_core.environment:checking '/home/fede3751/Documents/git_repositories/IoT-Project-2024/install/project_interfaces/bin'
[2.665s] INFO:colcon.colcon_core.shell:Creating package script '/home/fede3751/Documents/git_repositories/IoT-Project-2024/install/project_interfaces/share/project_interfaces/package.ps1'
[2.666s] INFO:colcon.colcon_core.shell:Creating package descriptor '/home/fede3751/Documents/git_repositories/IoT-Project-2024/install/project_interfaces/share/project_interfaces/package.dsv'
[2.666s] INFO:colcon.colcon_core.shell:Creating package script '/home/fede3751/Documents/git_repositories/IoT-Project-2024/install/project_interfaces/share/project_interfaces/package.sh'
[2.667s] INFO:colcon.colcon_core.shell:Creating package script '/home/fede3751/Documents/git_repositories/IoT-Project-2024/install/project_interfaces/share/project_interfaces/package.bash'
[2.668s] INFO:colcon.colcon_core.shell:Creating package script '/home/fede3751/Documents/git_repositories/IoT-Project-2024/install/project_interfaces/share/project_interfaces/package.zsh'
[2.669s] Level 1:colcon.colcon_core.environment:create_file_with_runtime_dependencies(/home/fede3751/Documents/git_repositories/IoT-Project-2024/install/project_interfaces/share/colcon-core/packages/project_interfaces)
[2.763s] Level 1:colcon.colcon_core.environment:create_environment_scripts_only(project_interfaces)
[2.783s] Level 1:colcon.colcon_core.environment:checking '/home/fede3751/Documents/git_repositories/IoT-Project-2024/install/project_interfaces' for CMake module files
[2.784s] Level 1:colcon.colcon_core.environment:checking '/home/fede3751/Documents/git_repositories/IoT-Project-2024/install/project_interfaces' for CMake config files
[2.784s] Level 1:colcon.colcon_core.shell:create_environment_hook('project_interfaces', 'cmake_prefix_path')
[2.806s] INFO:colcon.colcon_core.shell:Creating environment hook '/home/fede3751/Documents/git_repositories/IoT-Project-2024/install/project_interfaces/share/project_interfaces/hook/cmake_prefix_path.ps1'
[2.807s] INFO:colcon.colcon_core.shell:Creating environment descriptor '/home/fede3751/Documents/git_repositories/IoT-Project-2024/install/project_interfaces/share/project_interfaces/hook/cmake_prefix_path.dsv'
[2.807s] INFO:colcon.colcon_core.shell:Creating environment hook '/home/fede3751/Documents/git_repositories/IoT-Project-2024/install/project_interfaces/share/project_interfaces/hook/cmake_prefix_path.sh'
[2.808s] Level 1:colcon.colcon_core.environment:checking '/home/fede3751/Documents/git_repositories/IoT-Project-2024/install/project_interfaces/lib'
[2.808s] Level 1:colcon.colcon_core.shell:create_environment_hook('project_interfaces', 'ld_library_path_lib')
[2.828s] INFO:colcon.colcon_core.shell:Creating environment hook '/home/fede3751/Documents/git_repositories/IoT-Project-2024/install/project_interfaces/share/project_interfaces/hook/ld_library_path_lib.ps1'
[2.829s] INFO:colcon.colcon_core.shell:Creating environment descriptor '/home/fede3751/Documents/git_repositories/IoT-Project-2024/install/project_interfaces/share/project_interfaces/hook/ld_library_path_lib.dsv'
[2.829s] INFO:colcon.colcon_core.shell:Creating environment hook '/home/fede3751/Documents/git_repositories/IoT-Project-2024/install/project_interfaces/share/project_interfaces/hook/ld_library_path_lib.sh'
[2.829s] Level 1:colcon.colcon_core.environment:checking '/home/fede3751/Documents/git_repositories/IoT-Project-2024/install/project_interfaces/bin'
[2.830s] Level 1:colcon.colcon_core.environment:checking '/home/fede3751/Documents/git_repositories/IoT-Project-2024/install/project_interfaces/lib/pkgconfig/project_interfaces.pc'
[2.830s] Level 1:colcon.colcon_core.environment:checking '/home/fede3751/Documents/git_repositories/IoT-Project-2024/install/project_interfaces/lib/python3.10/site-packages'
[2.830s] Level 1:colcon.colcon_core.environment:checking '/home/fede3751/Documents/git_repositories/IoT-Project-2024/install/project_interfaces/bin'
[2.849s] INFO:colcon.colcon_core.shell:Creating package script '/home/fede3751/Documents/git_repositories/IoT-Project-2024/install/project_interfaces/share/project_interfaces/package.ps1'
[2.850s] INFO:colcon.colcon_core.shell:Creating package descriptor '/home/fede3751/Documents/git_repositories/IoT-Project-2024/install/project_interfaces/share/project_interfaces/package.dsv'
[2.850s] INFO:colcon.colcon_core.shell:Creating package script '/home/fede3751/Documents/git_repositories/IoT-Project-2024/install/project_interfaces/share/project_interfaces/package.sh'
[2.850s] INFO:colcon.colcon_core.shell:Creating package script '/home/fede3751/Documents/git_repositories/IoT-Project-2024/install/project_interfaces/share/project_interfaces/package.bash'
[2.851s] INFO:colcon.colcon_core.shell:Creating package script '/home/fede3751/Documents/git_repositories/IoT-Project-2024/install/project_interfaces/share/project_interfaces/package.zsh'
[2.851s] Level 1:colcon.colcon_core.environment:create_file_with_runtime_dependencies(/home/fede3751/Documents/git_repositories/IoT-Project-2024/install/project_interfaces/share/colcon-core/packages/project_interfaces)
[2.854s] DEBUG:colcon.colcon_core.event_handler.log_command:Invoking command in '/home/fede3751/Documents/git_repositories/IoT-Project-2024/src/project_main': PYTHONPATH=/home/fede3751/Documents/git_repositories/IoT-Project-2024/build/project_main/prefix_override:/home/fede3751/Documents/git_repositories/IoT-Project-2024/install/project_main/lib/python3.10/site-packages:${PYTHONPATH} /usr/bin/python3 setup.py egg_info --egg-base ../../build/project_main build --build-base /home/fede3751/Documents/git_repositories/IoT-Project-2024/build/project_main/build install --record /home/fede3751/Documents/git_repositories/IoT-Project-2024/build/project_main/install.log --single-version-externally-managed
[3.431s] DEBUG:colcon.colcon_core.event_handler.log_command:Invoked command in '/home/fede3751/Documents/git_repositories/IoT-Project-2024/src/project_main' returned '0': PYTHONPATH=/home/fede3751/Documents/git_repositories/IoT-Project-2024/build/project_main/prefix_override:/home/fede3751/Documents/git_repositories/IoT-Project-2024/install/project_main/lib/python3.10/site-packages:${PYTHONPATH} /usr/bin/python3 setup.py egg_info --egg-base ../../build/project_main build --build-base /home/fede3751/Documents/git_repositories/IoT-Project-2024/build/project_main/build install --record /home/fede3751/Documents/git_repositories/IoT-Project-2024/build/project_main/install.log --single-version-externally-managed
[3.446s] Level 1:colcon.colcon_core.environment:checking '/home/fede3751/Documents/git_repositories/IoT-Project-2024/install/project_main' for CMake module files
[3.447s] Level 1:colcon.colcon_core.environment:checking '/home/fede3751/Documents/git_repositories/IoT-Project-2024/install/project_main' for CMake config files
[3.447s] Level 1:colcon.colcon_core.environment:checking '/home/fede3751/Documents/git_repositories/IoT-Project-2024/install/project_main/lib'
[3.447s] Level 1:colcon.colcon_core.environment:checking '/home/fede3751/Documents/git_repositories/IoT-Project-2024/install/project_main/bin'
[3.447s] Level 1:colcon.colcon_core.environment:checking '/home/fede3751/Documents/git_repositories/IoT-Project-2024/install/project_main/lib/pkgconfig/project_main.pc'
[3.447s] Level 1:colcon.colcon_core.environment:checking '/home/fede3751/Documents/git_repositories/IoT-Project-2024/install/project_main/lib/python3.10/site-packages'
[3.447s] Level 1:colcon.colcon_core.shell:create_environment_hook('project_main', 'pythonpath')
[3.466s] INFO:colcon.colcon_core.shell:Creating environment hook '/home/fede3751/Documents/git_repositories/IoT-Project-2024/install/project_main/share/project_main/hook/pythonpath.ps1'
[3.466s] INFO:colcon.colcon_core.shell:Creating environment descriptor '/home/fede3751/Documents/git_repositories/IoT-Project-2024/install/project_main/share/project_main/hook/pythonpath.dsv'
[3.467s] INFO:colcon.colcon_core.shell:Creating environment hook '/home/fede3751/Documents/git_repositories/IoT-Project-2024/install/project_main/share/project_main/hook/pythonpath.sh'
[3.467s] Level 1:colcon.colcon_core.environment:checking '/home/fede3751/Documents/git_repositories/IoT-Project-2024/install/project_main/bin'
[3.467s] Level 1:colcon.colcon_core.environment:create_environment_scripts_only(project_main)
[3.486s] INFO:colcon.colcon_core.shell:Creating package script '/home/fede3751/Documents/git_repositories/IoT-Project-2024/install/project_main/share/project_main/package.ps1'
[3.487s] INFO:colcon.colcon_core.shell:Creating package descriptor '/home/fede3751/Documents/git_repositories/IoT-Project-2024/install/project_main/share/project_main/package.dsv'
[3.487s] INFO:colcon.colcon_core.shell:Creating package script '/home/fede3751/Documents/git_repositories/IoT-Project-2024/install/project_main/share/project_main/package.sh'
[3.488s] INFO:colcon.colcon_core.shell:Creating package script '/home/fede3751/Documents/git_repositories/IoT-Project-2024/install/project_main/share/project_main/package.bash'
[3.488s] INFO:colcon.colcon_core.shell:Creating package script '/home/fede3751/Documents/git_repositories/IoT-Project-2024/install/project_main/share/project_main/package.zsh'
[3.488s] Level 1:colcon.colcon_core.environment:create_file_with_runtime_dependencies(/home/fede3751/Documents/git_repositories/IoT-Project-2024/install/project_main/share/colcon-core/packages/project_main)
[3.489s] DEBUG:colcon.colcon_parallel_executor.executor.parallel:closing loop
[3.489s] DEBUG:colcon.colcon_parallel_executor.executor.parallel:loop closed
[3.490s] DEBUG:colcon.colcon_parallel_executor.executor.parallel:run_until_complete finished with '0'
[3.490s] DEBUG:colcon.colcon_core.event_reactor:joining thread
[3.514s] INFO:colcon.colcon_core.plugin_system:Skipping extension 'colcon_notification.desktop_notification.terminal_notifier': Not used on non-Darwin systems
[3.514s] INFO:colcon.colcon_core.plugin_system:Skipping extension 'colcon_notification.desktop_notification.win32': Not used on non-Windows systems
[3.514s] INFO:colcon.colcon_notification.desktop_notification:Sending desktop notification using 'notify2'
[3.529s] DEBUG:colcon.colcon_core.event_reactor:joined thread
[3.556s] INFO:colcon.colcon_core.shell:Creating prefix script '/home/fede3751/Documents/git_repositories/IoT-Project-2024/install/local_setup.ps1'
[3.557s] INFO:colcon.colcon_core.shell:Creating prefix util module '/home/fede3751/Documents/git_repositories/IoT-Project-2024/install/_local_setup_util_ps1.py'
[3.558s] INFO:colcon.colcon_core.shell:Creating prefix chain script '/home/fede3751/Documents/git_repositories/IoT-Project-2024/install/setup.ps1'
[3.577s] INFO:colcon.colcon_core.shell:Creating prefix script '/home/fede3751/Documents/git_repositories/IoT-Project-2024/install/local_setup.sh'
[3.577s] INFO:colcon.colcon_core.shell:Creating prefix util module '/home/fede3751/Documents/git_repositories/IoT-Project-2024/install/_local_setup_util_sh.py'
[3.578s] INFO:colcon.colcon_core.shell:Creating prefix chain script '/home/fede3751/Documents/git_repositories/IoT-Project-2024/install/setup.sh'
[3.597s] INFO:colcon.colcon_core.shell:Creating prefix script '/home/fede3751/Documents/git_repositories/IoT-Project-2024/install/local_setup.bash'
[3.597s] INFO:colcon.colcon_core.shell:Creating prefix chain script '/home/fede3751/Documents/git_repositories/IoT-Project-2024/install/setup.bash'
[3.615s] INFO:colcon.colcon_core.shell:Creating prefix script '/home/fede3751/Documents/git_repositories/IoT-Project-2024/install/local_setup.zsh'
[3.615s] INFO:colcon.colcon_core.shell:Creating prefix chain script '/home/fede3751/Documents/git_repositories/IoT-Project-2024/install/setup.zsh'
