[1.678s] Invoking command in '/home/fede3751/Documents/git_repositories/IoT-Project-2024/src/project_main': PYTHONPATH=/home/fede3751/Documents/git_repositories/IoT-Project-2024/build/project_main/prefix_override:/home/fede3751/Documents/git_repositories/IoT-Project-2024/install/project_main/lib/python3.10/site-packages:${PYTHONPATH} /usr/bin/python3 setup.py egg_info --egg-base ../../build/project_main build --build-base /home/fede3751/Documents/git_repositories/IoT-Project-2024/build/project_main/build install --record /home/fede3751/Documents/git_repositories/IoT-Project-2024/build/project_main/install.log --single-version-externally-managed
[2.076s] running egg_info
[2.309s] writing ../../build/project_main/project_main.egg-info/PKG-INFO
[2.310s] writing dependency_links to ../../build/project_main/project_main.egg-info/dependency_links.txt
[2.310s] writing entry points to ../../build/project_main/project_main.egg-info/entry_points.txt
[2.310s] writing requirements to ../../build/project_main/project_main.egg-info/requires.txt
[2.310s] writing top-level names to ../../build/project_main/project_main.egg-info/top_level.txt
[2.377s] reading manifest file '../../build/project_main/project_main.egg-info/SOURCES.txt'
[2.378s] writing manifest file '../../build/project_main/project_main.egg-info/SOURCES.txt'
[2.379s] running build
[2.379s] running build_py
[2.379s] copying project_main/simulation_manager.py -> /home/fede3751/Documents/git_repositories/IoT-Project-2024/build/project_main/build/lib/project_main
[2.380s] running install
[2.380s] /home/fede3751/.local/lib/python3.10/site-packages/setuptools/command/install.py:34: SetuptoolsDeprecationWarning: setup.py install is deprecated. Use build and pip and other standards-based tools.
[2.380s]   warnings.warn(
[2.390s] running install_lib
[2.422s] copying /home/fede3751/Documents/git_repositories/IoT-Project-2024/build/project_main/build/lib/project_main/simulation_manager.py -> /home/fede3751/Documents/git_repositories/IoT-Project-2024/install/project_main/lib/python3.10/site-packages/project_main
[2.423s] byte-compiling /home/fede3751/Documents/git_repositories/IoT-Project-2024/install/project_main/lib/python3.10/site-packages/project_main/simulation_manager.py to simulation_manager.cpython-310.pyc
[2.424s] running install_data
[2.457s] running install_egg_info
[2.491s] removing '/home/fede3751/Documents/git_repositories/IoT-Project-2024/install/project_main/lib/python3.10/site-packages/project_main-0.0.0-py3.10.egg-info' (and everything under it)
[2.492s] Copying ../../build/project_main/project_main.egg-info to /home/fede3751/Documents/git_repositories/IoT-Project-2024/install/project_main/lib/python3.10/site-packages/project_main-0.0.0-py3.10.egg-info
[2.493s] running install_scripts
[2.619s] Installing balloon_controller script to /home/fede3751/Documents/git_repositories/IoT-Project-2024/install/project_main/lib/project_main
[2.619s] Installing sensor_controller script to /home/fede3751/Documents/git_repositories/IoT-Project-2024/install/project_main/lib/project_main
[2.619s] Installing simulation_manager script to /home/fede3751/Documents/git_repositories/IoT-Project-2024/install/project_main/lib/project_main
[2.620s] writing list of installed files to '/home/fede3751/Documents/git_repositories/IoT-Project-2024/build/project_main/install.log'
[2.653s] Invoked command in '/home/fede3751/Documents/git_repositories/IoT-Project-2024/src/project_main' returned '0': PYTHONPATH=/home/fede3751/Documents/git_repositories/IoT-Project-2024/build/project_main/prefix_override:/home/fede3751/Documents/git_repositories/IoT-Project-2024/install/project_main/lib/python3.10/site-packages:${PYTHONPATH} /usr/bin/python3 setup.py egg_info --egg-base ../../build/project_main build --build-base /home/fede3751/Documents/git_repositories/IoT-Project-2024/build/project_main/build install --record /home/fede3751/Documents/git_repositories/IoT-Project-2024/build/project_main/install.log --single-version-externally-managed
