[0.798s] Invoking command in '/home/fede3751/Documents/git_repositories/IoT-Project-2024/src/project_main': PYTHONPATH=/home/fede3751/Documents/git_repositories/IoT-Project-2024/build/project_main/prefix_override:/home/fede3751/Documents/git_repositories/IoT-Project-2024/install/project_main/lib/python3.10/site-packages:${PYTHONPATH} /usr/bin/python3 setup.py egg_info --egg-base ../../build/project_main build --build-base /home/fede3751/Documents/git_repositories/IoT-Project-2024/build/project_main/build install --record /home/fede3751/Documents/git_repositories/IoT-Project-2024/build/project_main/install.log --single-version-externally-managed
[0.975s] running egg_info
[1.079s] writing ../../build/project_main/project_main.egg-info/PKG-INFO
[1.079s] writing dependency_links to ../../build/project_main/project_main.egg-info/dependency_links.txt
[1.079s] writing entry points to ../../build/project_main/project_main.egg-info/entry_points.txt
[1.079s] writing requirements to ../../build/project_main/project_main.egg-info/requires.txt
[1.079s] writing top-level names to ../../build/project_main/project_main.egg-info/top_level.txt
[1.108s] reading manifest file '../../build/project_main/project_main.egg-info/SOURCES.txt'
[1.108s] writing manifest file '../../build/project_main/project_main.egg-info/SOURCES.txt'
[1.109s] running build
[1.109s] running build_py
[1.109s] running install
[1.109s] /home/fede3751/.local/lib/python3.10/site-packages/setuptools/command/install.py:34: SetuptoolsDeprecationWarning: setup.py install is deprecated. Use build and pip and other standards-based tools.
[1.109s]   warnings.warn(
[1.113s] running install_lib
[1.128s] running install_data
[1.142s] copying launch/simulation_launch.py -> /home/fede3751/Documents/git_repositories/IoT-Project-2024/install/project_main/share/project_main
[1.143s] running install_egg_info
[1.157s] removing '/home/fede3751/Documents/git_repositories/IoT-Project-2024/install/project_main/lib/python3.10/site-packages/project_main-0.0.0-py3.10.egg-info' (and everything under it)
[1.158s] Copying ../../build/project_main/project_main.egg-info to /home/fede3751/Documents/git_repositories/IoT-Project-2024/install/project_main/lib/python3.10/site-packages/project_main-0.0.0-py3.10.egg-info
[1.158s] running install_scripts
[1.214s] Installing balloon_controller script to /home/fede3751/Documents/git_repositories/IoT-Project-2024/install/project_main/lib/project_main
[1.214s] writing list of installed files to '/home/fede3751/Documents/git_repositories/IoT-Project-2024/build/project_main/install.log'
[1.232s] Invoked command in '/home/fede3751/Documents/git_repositories/IoT-Project-2024/src/project_main' returned '0': PYTHONPATH=/home/fede3751/Documents/git_repositories/IoT-Project-2024/build/project_main/prefix_override:/home/fede3751/Documents/git_repositories/IoT-Project-2024/install/project_main/lib/python3.10/site-packages:${PYTHONPATH} /usr/bin/python3 setup.py egg_info --egg-base ../../build/project_main build --build-base /home/fede3751/Documents/git_repositories/IoT-Project-2024/build/project_main/build install --record /home/fede3751/Documents/git_repositories/IoT-Project-2024/build/project_main/install.log --single-version-externally-managed
