running egg_info
creating ../../build/project_main/project_main.egg-info
writing ../../build/project_main/project_main.egg-info/PKG-INFO
writing dependency_links to ../../build/project_main/project_main.egg-info/dependency_links.txt
writing requirements to ../../build/project_main/project_main.egg-info/requires.txt
writing top-level names to ../../build/project_main/project_main.egg-info/top_level.txt
writing manifest file '../../build/project_main/project_main.egg-info/SOURCES.txt'
reading manifest file '../../build/project_main/project_main.egg-info/SOURCES.txt'
writing manifest file '../../build/project_main/project_main.egg-info/SOURCES.txt'
running build
running build_py
creating /home/fede3751/Documents/git_repositories/IoT-Project-2024/build/project_main/build
creating /home/fede3751/Documents/git_repositories/IoT-Project-2024/build/project_main/build/lib
creating /home/fede3751/Documents/git_repositories/IoT-Project-2024/build/project_main/build/lib/project_main
copying project_main/__init__.py -> /home/fede3751/Documents/git_repositories/IoT-Project-2024/build/project_main/build/lib/project_main
copying project_main/sim_utils.py -> /home/fede3751/Documents/git_repositories/IoT-Project-2024/build/project_main/build/lib/project_main
running install
/home/fede3751/.local/lib/python3.10/site-packages/setuptools/command/install.py:34: SetuptoolsDeprecationWarning: setup.py install is deprecated. Use build and pip and other standards-based tools.
  warnings.warn(
running install_lib
creating /home/fede3751/Documents/git_repositories/IoT-Project-2024/install/project_main/lib/python3.10/site-packages/project_main
copying /home/fede3751/Documents/git_repositories/IoT-Project-2024/build/project_main/build/lib/project_main/__init__.py -> /home/fede3751/Documents/git_repositories/IoT-Project-2024/install/project_main/lib/python3.10/site-packages/project_main
copying /home/fede3751/Documents/git_repositories/IoT-Project-2024/build/project_main/build/lib/project_main/sim_utils.py -> /home/fede3751/Documents/git_repositories/IoT-Project-2024/install/project_main/lib/python3.10/site-packages/project_main
byte-compiling /home/fede3751/Documents/git_repositories/IoT-Project-2024/install/project_main/lib/python3.10/site-packages/project_main/__init__.py to __init__.cpython-310.pyc
byte-compiling /home/fede3751/Documents/git_repositories/IoT-Project-2024/install/project_main/lib/python3.10/site-packages/project_main/sim_utils.py to sim_utils.cpython-310.pyc
running install_data
creating /home/fede3751/Documents/git_repositories/IoT-Project-2024/install/project_main/share/ament_index
creating /home/fede3751/Documents/git_repositories/IoT-Project-2024/install/project_main/share/ament_index/resource_index
creating /home/fede3751/Documents/git_repositories/IoT-Project-2024/install/project_main/share/ament_index/resource_index/packages
copying resource/project_main -> /home/fede3751/Documents/git_repositories/IoT-Project-2024/install/project_main/share/ament_index/resource_index/packages
copying package.xml -> /home/fede3751/Documents/git_repositories/IoT-Project-2024/install/project_main/share/project_main
copying launch/simulation_launch.py -> /home/fede3751/Documents/git_repositories/IoT-Project-2024/install/project_main/share/project_main
creating /home/fede3751/Documents/git_repositories/IoT-Project-2024/install/project_main/lib/project_main
copying project_main/sim_utils.py -> /home/fede3751/Documents/git_repositories/IoT-Project-2024/install/project_main/lib/project_main
running install_egg_info
Copying ../../build/project_main/project_main.egg-info to /home/fede3751/Documents/git_repositories/IoT-Project-2024/install/project_main/lib/python3.10/site-packages/project_main-0.0.0-py3.10.egg-info
running install_scripts
writing list of installed files to '/home/fede3751/Documents/git_repositories/IoT-Project-2024/build/project_main/install.log'
