[0.729s] Invoking command in '/home/fede3751/Documents/git_repositories/IoT-Project-2024/src/project_main': PYTHONPATH=/home/fede3751/Documents/git_repositories/IoT-Project-2024/build/project_main/prefix_override:/home/fede3751/Documents/git_repositories/IoT-Project-2024/install/project_main/lib/python3.10/site-packages:${PYTHONPATH} /usr/bin/python3 setup.py egg_info --egg-base ../../build/project_main build --build-base /home/fede3751/Documents/git_repositories/IoT-Project-2024/build/project_main/build install --record /home/fede3751/Documents/git_repositories/IoT-Project-2024/build/project_main/install.log --single-version-externally-managed
[0.902s] running egg_info
[0.903s] creating ../../build/project_main/project_main.egg-info
[1.017s] writing ../../build/project_main/project_main.egg-info/PKG-INFO
[1.017s] writing dependency_links to ../../build/project_main/project_main.egg-info/dependency_links.txt
[1.017s] writing requirements to ../../build/project_main/project_main.egg-info/requires.txt
[1.017s] writing top-level names to ../../build/project_main/project_main.egg-info/top_level.txt
[1.018s] writing manifest file '../../build/project_main/project_main.egg-info/SOURCES.txt'
[1.050s] reading manifest file '../../build/project_main/project_main.egg-info/SOURCES.txt'
[1.050s] writing manifest file '../../build/project_main/project_main.egg-info/SOURCES.txt'
[1.051s] running build
[1.051s] running build_py
[1.051s] creating /home/fede3751/Documents/git_repositories/IoT-Project-2024/build/project_main/build
[1.051s] creating /home/fede3751/Documents/git_repositories/IoT-Project-2024/build/project_main/build/lib
[1.051s] creating /home/fede3751/Documents/git_repositories/IoT-Project-2024/build/project_main/build/lib/project_main
[1.051s] copying project_main/__init__.py -> /home/fede3751/Documents/git_repositories/IoT-Project-2024/build/project_main/build/lib/project_main
[1.051s] copying project_main/sim_utils.py -> /home/fede3751/Documents/git_repositories/IoT-Project-2024/build/project_main/build/lib/project_main
[1.051s] running install
[1.051s] /home/fede3751/.local/lib/python3.10/site-packages/setuptools/command/install.py:34: SetuptoolsDeprecationWarning: setup.py install is deprecated. Use build and pip and other standards-based tools.
[1.051s]   warnings.warn(
[1.055s] running install_lib
[1.068s] creating /home/fede3751/Documents/git_repositories/IoT-Project-2024/install/project_main/lib/python3.10/site-packages/project_main
[1.068s] copying /home/fede3751/Documents/git_repositories/IoT-Project-2024/build/project_main/build/lib/project_main/__init__.py -> /home/fede3751/Documents/git_repositories/IoT-Project-2024/install/project_main/lib/python3.10/site-packages/project_main
[1.068s] copying /home/fede3751/Documents/git_repositories/IoT-Project-2024/build/project_main/build/lib/project_main/sim_utils.py -> /home/fede3751/Documents/git_repositories/IoT-Project-2024/install/project_main/lib/python3.10/site-packages/project_main
[1.068s] byte-compiling /home/fede3751/Documents/git_repositories/IoT-Project-2024/install/project_main/lib/python3.10/site-packages/project_main/__init__.py to __init__.cpython-310.pyc
[1.068s] byte-compiling /home/fede3751/Documents/git_repositories/IoT-Project-2024/install/project_main/lib/python3.10/site-packages/project_main/sim_utils.py to sim_utils.cpython-310.pyc
[1.069s] running install_data
[1.081s] creating /home/fede3751/Documents/git_repositories/IoT-Project-2024/install/project_main/share/ament_index
[1.081s] creating /home/fede3751/Documents/git_repositories/IoT-Project-2024/install/project_main/share/ament_index/resource_index
[1.082s] creating /home/fede3751/Documents/git_repositories/IoT-Project-2024/install/project_main/share/ament_index/resource_index/packages
[1.082s] copying resource/project_main -> /home/fede3751/Documents/git_repositories/IoT-Project-2024/install/project_main/share/ament_index/resource_index/packages
[1.082s] copying package.xml -> /home/fede3751/Documents/git_repositories/IoT-Project-2024/install/project_main/share/project_main
[1.082s] copying launch/simulation_launch.py -> /home/fede3751/Documents/git_repositories/IoT-Project-2024/install/project_main/share/project_main
[1.082s] creating /home/fede3751/Documents/git_repositories/IoT-Project-2024/install/project_main/lib/project_main
[1.082s] copying project_main/sim_utils.py -> /home/fede3751/Documents/git_repositories/IoT-Project-2024/install/project_main/lib/project_main
[1.082s] running install_egg_info
[1.096s] Copying ../../build/project_main/project_main.egg-info to /home/fede3751/Documents/git_repositories/IoT-Project-2024/install/project_main/lib/python3.10/site-packages/project_main-0.0.0-py3.10.egg-info
[1.096s] running install_scripts
[1.149s] writing list of installed files to '/home/fede3751/Documents/git_repositories/IoT-Project-2024/build/project_main/install.log'
[1.167s] Invoked command in '/home/fede3751/Documents/git_repositories/IoT-Project-2024/src/project_main' returned '0': PYTHONPATH=/home/fede3751/Documents/git_repositories/IoT-Project-2024/build/project_main/prefix_override:/home/fede3751/Documents/git_repositories/IoT-Project-2024/install/project_main/lib/python3.10/site-packages:${PYTHONPATH} /usr/bin/python3 setup.py egg_info --egg-base ../../build/project_main build --build-base /home/fede3751/Documents/git_repositories/IoT-Project-2024/build/project_main/build install --record /home/fede3751/Documents/git_repositories/IoT-Project-2024/build/project_main/install.log --single-version-externally-managed
