[1.319s] Invoking command in '/home/fede3751/Documents/git_repositories/IoT-Project-2024/src/project_main': PYTHONPATH=/home/fede3751/Documents/git_repositories/IoT-Project-2024/build/project_main/prefix_override:/home/fede3751/Documents/git_repositories/IoT-Project-2024/install/project_main/lib/python3.10/site-packages:${PYTHONPATH} /usr/bin/python3 setup.py egg_info --egg-base ../../build/project_main build --build-base /home/fede3751/Documents/git_repositories/IoT-Project-2024/build/project_main/build install --record /home/fede3751/Documents/git_repositories/IoT-Project-2024/build/project_main/install.log --single-version-externally-managed
[1.566s] running egg_info
[1.696s] writing ../../build/project_main/project_main.egg-info/PKG-INFO
[1.696s] writing dependency_links to ../../build/project_main/project_main.egg-info/dependency_links.txt
[1.697s] writing entry points to ../../build/project_main/project_main.egg-info/entry_points.txt
[1.697s] writing requirements to ../../build/project_main/project_main.egg-info/requires.txt
[1.697s] writing top-level names to ../../build/project_main/project_main.egg-info/top_level.txt
[1.738s] reading manifest file '../../build/project_main/project_main.egg-info/SOURCES.txt'
[1.739s] writing manifest file '../../build/project_main/project_main.egg-info/SOURCES.txt'
[1.739s] running build
[1.739s] running build_py
[1.739s] running install
[1.740s] /home/fede3751/.local/lib/python3.10/site-packages/setuptools/command/install.py:34: SetuptoolsDeprecationWarning: setup.py install is deprecated. Use build and pip and other standards-based tools.
[1.740s]   warnings.warn(
[1.745s] running install_lib
[1.765s] running install_data
[1.785s] copying launch/simulation_launch.py -> /home/fede3751/Documents/git_repositories/IoT-Project-2024/install/project_main/share/project_main
[1.785s] running install_egg_info
[1.806s] removing '/home/fede3751/Documents/git_repositories/IoT-Project-2024/install/project_main/lib/python3.10/site-packages/project_main-0.0.0-py3.10.egg-info' (and everything under it)
[1.807s] Copying ../../build/project_main/project_main.egg-info to /home/fede3751/Documents/git_repositories/IoT-Project-2024/install/project_main/lib/python3.10/site-packages/project_main-0.0.0-py3.10.egg-info
[1.807s] running install_scripts
[1.889s] Installing balloon_controller script to /home/fede3751/Documents/git_repositories/IoT-Project-2024/install/project_main/lib/project_main
[1.889s] writing list of installed files to '/home/fede3751/Documents/git_repositories/IoT-Project-2024/build/project_main/install.log'
[1.927s] Invoked command in '/home/fede3751/Documents/git_repositories/IoT-Project-2024/src/project_main' returned '0': PYTHONPATH=/home/fede3751/Documents/git_repositories/IoT-Project-2024/build/project_main/prefix_override:/home/fede3751/Documents/git_repositories/IoT-Project-2024/install/project_main/lib/python3.10/site-packages:${PYTHONPATH} /usr/bin/python3 setup.py egg_info --egg-base ../../build/project_main build --build-base /home/fede3751/Documents/git_repositories/IoT-Project-2024/build/project_main/build install --record /home/fede3751/Documents/git_repositories/IoT-Project-2024/build/project_main/install.log --single-version-externally-managed
